#
# There is insufficient memory for the Java Runtime Environment to continue.
# Native memory allocation (mmap) failed to map 553648128 bytes for G1 virtual space
# Possible reasons:
#   The system is out of physical RAM or swap space
#   The process is running with CompressedOops enabled, and the Java Heap may be blocking the growth of the native heap
# Possible solutions:
#   Reduce memory load on the system
#   Increase physical memory or swap space
#   Check if swap backing store is full
#   Decrease Java heap size (-Xmx/-Xms)
#   Decrease number of Java threads
#   Decrease Java thread stack sizes (-Xss)
#   Set larger code cache with -XX:ReservedCodeCacheSize=
#   JVM is running with Zero Based Compressed Oops mode in which the Java heap is
#     placed in the first 32GB address space. The Java Heap base address is the
#     maximum limit for the native heap growth. Please use -XX:HeapBaseMinAddress
#     to set the Java Heap base and to place the Java Heap above 32GB virtual address.
# This output file may be truncated or incomplete.
#
#  Out of Memory Error (os_windows.cpp:3469), pid=14708, tid=13452
#
# JRE version: Java(TM) SE Runtime Environment (17.0+35) (build 17+35-LTS-2724)
# Java VM: Java HotSpot(TM) 64-Bit Server VM (17+35-LTS-2724, mixed mode, sharing, tiered, compressed oops, compressed class ptrs, g1 gc, windows-amd64)
# No core dump will be written. Minidumps are not enabled by default on client versions of Windows
#

---------------  S U M M A R Y ------------

Command Line: -XX:MaxMetaspaceSize=512m --add-opens=java.base/java.util=ALL-UNNAMED --add-opens=java.base/java.lang=ALL-UNNAMED --add-opens=java.base/java.lang.invoke=ALL-UNNAMED --add-opens=java.prefs/java.util.prefs=ALL-UNNAMED --add-opens=java.base/java.nio.charset=ALL-UNNAMED --add-opens=java.base/java.net=ALL-UNNAMED --add-opens=java.base/java.util.concurrent.atomic=ALL-UNNAMED -Xmx2048m -Dfile.encoding=windows-1252 -Duser.country=US -Duser.language=en -Duser.variant -javaagent:C:\Users\hp\.gradle\wrapper\dists\gradle-8.6-all\3mbtmo166bl6vumsh5k2lkq5h\gradle-8.6\lib\agents\gradle-instrumentation-agent-8.6.jar -Xmx4608m org.gradle.launcher.daemon.bootstrap.GradleDaemon 8.6

Host: Intel(R) Core(TM) i5-7Y57 CPU @ 1.20GHz, 4 cores, 7G,  Windows 10 , 64 bit Build 19041 (10.0.19041.3636)
Time: Tue May 21 12:03:20 2024 Egypt Daylight Time elapsed time: 297.673791 seconds (0d 0h 4m 57s)

---------------  T H R E A D  ---------------

Current thread (0x000001cc300dce00):  VMThread "VM Thread" [stack: 0x0000008a90000000,0x0000008a90100000] [id=13452]

Stack: [0x0000008a90000000,0x0000008a90100000]
Native frames: (J=compiled Java code, j=interpreted, Vv=VM code, C=native code)
V  [jvm.dll+0x66f8ea]
V  [jvm.dll+0x7ce224]
V  [jvm.dll+0x7cf9ce]
V  [jvm.dll+0x7d0033]
V  [jvm.dll+0x242bb5]
V  [jvm.dll+0x66c909]
V  [jvm.dll+0x6613d2]
V  [jvm.dll+0x30082b]
V  [jvm.dll+0x307db6]
V  [jvm.dll+0x357a0e]
V  [jvm.dll+0x357c3f]
V  [jvm.dll+0x2d7ae8]
V  [jvm.dll+0x2d5db4]
V  [jvm.dll+0x2d53bc]
V  [jvm.dll+0x318d1b]
V  [jvm.dll+0x7d44cb]
V  [jvm.dll+0x7d5204]
V  [jvm.dll+0x7d571c]
V  [jvm.dll+0x7d5af4]
V  [jvm.dll+0x7d5bc0]
V  [jvm.dll+0x77e7ea]
V  [jvm.dll+0x66e715]
C  [ucrtbase.dll+0x21bb2]
C  [KERNEL32.DLL+0x17344]
C  [ntdll.dll+0x526b1]

VM_Operation (0x0000008a96bfe270): G1CollectForAllocation, mode: safepoint, requested by thread 0x000001cc652fa2c0


---------------  P R O C E S S  ---------------

Threads class SMR info:
_java_thread_list=0x000001cc627bcab0, length=104, elements={
0x000001cc30024b60, 0x000001cc559e1950, 0x000001cc559e26d0, 0x000001cc559f62f0,
0x000001cc559f7bc0, 0x000001cc559fa490, 0x000001cc559fad50, 0x000001cc559fb940,
0x000001cc559fe250, 0x000001cc55a70170, 0x000001cc564410a0, 0x000001cc565741b0,
0x000001cc57cfec50, 0x000001cc578f87d0, 0x000001cc578eb150, 0x000001cc582fa870,
0x000001cc57cf9990, 0x000001cc57278640, 0x000001cc572794b0, 0x000001cc57278b10,
0x000001cc57278fe0, 0x000001cc57279980, 0x000001cc576cf240, 0x000001cc576ced70,
0x000001cc576cc220, 0x000001cc576cb880, 0x000001cc576d00b0, 0x000001cc576d0f20,
0x000001cc576cdf00, 0x000001cc576d18c0, 0x000001cc576ca070, 0x000001cc576ca540,
0x000001cc576caa10, 0x000001cc576ce3d0, 0x000001cc576caee0, 0x000001cc576ccbc0,
0x000001cc5727a320, 0x000001cc57277ca0, 0x000001cc57276e30, 0x000001cc57278170,
0x000001cc5847c3f0, 0x000001cc58476880, 0x000001cc584798a0, 0x000001cc5847a710,
0x000001cc5847b0b0, 0x000001cc58478f00, 0x000001cc584776f0, 0x000001cc5847c8c0,
0x000001cc58477bc0, 0x000001cc5847cd90, 0x000001cc5847dc00, 0x000001cc5847b580,
0x000001cc58477220, 0x000001cc58478560, 0x000001cc5847a240, 0x000001cc5804ec70,
0x000001cc5804fae0, 0x000001cc58052630, 0x000001cc5804d460, 0x000001cc5804d930,
0x000001cc58050950, 0x000001cc5804cf90, 0x000001cc5804f140, 0x000001cc58053e40,
0x000001cc5804f610, 0x000001cc5804c5f0, 0x000001cc58050480, 0x000001cc5804ffb0,
0x000001cc580512f0, 0x000001cc58052fd0, 0x000001cc5d86ff90, 0x000001cc5d86a8f0,
0x000001cc5d86d910, 0x000001cc5d86f5f0, 0x000001cc5d86b290, 0x000001cc5d86cf70,
0x000001cc5d86c100, 0x000001cc5d86a420, 0x000001cc5d86e2b0, 0x000001cc5d86adc0,
0x000001cc5d86bc30, 0x000001cc5d86caa0, 0x000001cc5d8695b0, 0x000001cc5d8690e0,
0x000001cc5d86ec50, 0x000001cc5d869f50, 0x000001cc5804e2d0, 0x000001cc5847d730,
0x000001cc62801bb0, 0x000001cc62805f10, 0x000001cc62804bd0, 0x000001cc628063e0,
0x000001cc627ff060, 0x000001cc62800870, 0x000001cc576d0a50, 0x000001cc58052160,
0x000001cc652f9df0, 0x000001cc652fb600, 0x000001cc652fac60, 0x000001cc628033c0,
0x000001cc652fa2c0, 0x000001cc652f8f80, 0x000001cc652f5f60, 0x000001cc652f72a0
}

Java Threads: ( => current thread )
  0x000001cc30024b60 JavaThread "main" [_thread_blocked, id=14672, stack(0x0000008a8fb00000,0x0000008a8fc00000)]
  0x000001cc559e1950 JavaThread "Reference Handler" daemon [_thread_blocked, id=1908, stack(0x0000008a90100000,0x0000008a90200000)]
  0x000001cc559e26d0 JavaThread "Finalizer" daemon [_thread_blocked, id=20380, stack(0x0000008a90200000,0x0000008a90300000)]
  0x000001cc559f62f0 JavaThread "Signal Dispatcher" daemon [_thread_blocked, id=2552, stack(0x0000008a90300000,0x0000008a90400000)]
  0x000001cc559f7bc0 JavaThread "Attach Listener" daemon [_thread_blocked, id=21784, stack(0x0000008a90400000,0x0000008a90500000)]
  0x000001cc559fa490 JavaThread "Service Thread" daemon [_thread_blocked, id=10604, stack(0x0000008a90500000,0x0000008a90600000)]
  0x000001cc559fad50 JavaThread "Monitor Deflation Thread" daemon [_thread_blocked, id=21440, stack(0x0000008a90600000,0x0000008a90700000)]
  0x000001cc559fb940 JavaThread "C2 CompilerThread0" daemon [_thread_blocked, id=6968, stack(0x0000008a90700000,0x0000008a90800000)]
  0x000001cc559fe250 JavaThread "C1 CompilerThread0" daemon [_thread_blocked, id=21840, stack(0x0000008a90800000,0x0000008a90900000)]
  0x000001cc55a70170 JavaThread "Sweeper thread" daemon [_thread_blocked, id=4196, stack(0x0000008a90900000,0x0000008a90a00000)]
  0x000001cc564410a0 JavaThread "Common-Cleaner" daemon [_thread_blocked, id=7300, stack(0x0000008a90a00000,0x0000008a90b00000)]
  0x000001cc565741b0 JavaThread "Notification Thread" daemon [_thread_blocked, id=3452, stack(0x0000008a90b00000,0x0000008a90c00000)]
  0x000001cc57cfec50 JavaThread "Daemon health stats" [_thread_blocked, id=4220, stack(0x0000008a90f00000,0x0000008a91000000)]
  0x000001cc578f87d0 JavaThread "Incoming local TCP Connector on port 58705" [_thread_in_native, id=22340, stack(0x0000008a91000000,0x0000008a91100000)]
  0x000001cc578eb150 JavaThread "Daemon periodic checks" [_thread_blocked, id=18584, stack(0x0000008a91100000,0x0000008a91200000)]
  0x000001cc582fa870 JavaThread "Daemon" [_thread_blocked, id=21500, stack(0x0000008a91200000,0x0000008a91300000)]
  0x000001cc57cf9990 JavaThread "Daemon worker" [_thread_blocked, id=18900, stack(0x0000008a91500000,0x0000008a91600000)]
  0x000001cc57278640 JavaThread "Cache worker for journal cache (C:\Users\hp\.gradle\caches\journal-1)" [_thread_blocked, id=7668, stack(0x0000008a91900000,0x0000008a91a00000)]
  0x000001cc572794b0 JavaThread "File lock request listener" [_thread_in_native, id=17480, stack(0x0000008a91a00000,0x0000008a91b00000)]
  0x000001cc57278b10 JavaThread "Cache worker for file hash cache (C:\Users\hp\.gradle\caches\8.6\fileHashes)" [_thread_blocked, id=9980, stack(0x0000008a91b00000,0x0000008a91c00000)]
  0x000001cc57278fe0 JavaThread "File watcher server" daemon [_thread_blocked, id=2336, stack(0x0000008a91d00000,0x0000008a91e00000)]
  0x000001cc57279980 JavaThread "File watcher consumer" daemon [_thread_blocked, id=60, stack(0x0000008a91e00000,0x0000008a91f00000)]
  0x000001cc576cf240 JavaThread "Cache worker for file content cache (C:\Users\hp\.gradle\caches\8.6\fileContent)" [_thread_blocked, id=11552, stack(0x0000008a92200000,0x0000008a92300000)]
  0x000001cc576ced70 JavaThread "jar transforms" [_thread_blocked, id=14660, stack(0x0000008a92600000,0x0000008a92700000)]
  0x000001cc576cc220 JavaThread "jar transforms Thread 2" [_thread_blocked, id=18044, stack(0x0000008a92700000,0x0000008a92800000)]
  0x000001cc576cb880 JavaThread "jar transforms Thread 3" [_thread_blocked, id=5228, stack(0x0000008a92800000,0x0000008a92900000)]
  0x000001cc576d00b0 JavaThread "jar transforms Thread 4" [_thread_blocked, id=9076, stack(0x0000008a92900000,0x0000008a92a00000)]
  0x000001cc576d0f20 JavaThread "Handler for socket connection from /127.0.0.1:58705 to /127.0.0.1:58725" [_thread_in_native, id=14976, stack(0x0000008a8f800000,0x0000008a8f900000)]
  0x000001cc576cdf00 JavaThread "Cancel handler" [_thread_blocked, id=17560, stack(0x0000008a8f900000,0x0000008a8fa00000)]
  0x000001cc576d18c0 JavaThread "Asynchronous log dispatcher for DefaultDaemonConnection: socket connection from /127.0.0.1:58705 to /127.0.0.1:58725" [_thread_blocked, id=4232, stack(0x0000008a91600000,0x0000008a91700000)]
  0x000001cc576ca070 JavaThread "Stdin handler" [_thread_blocked, id=20492, stack(0x0000008a91700000,0x0000008a91800000)]
  0x000001cc576ca540 JavaThread "Daemon client event forwarder" [_thread_blocked, id=15532, stack(0x0000008a91800000,0x0000008a91900000)]
  0x000001cc576caa10 JavaThread "Cache worker for checksums cache (D:\project\ttsLearning\tts\android\.gradle\8.6\checksums)" [_thread_blocked, id=13516, stack(0x0000008a91c00000,0x0000008a91d00000)]
  0x000001cc576ce3d0 JavaThread "Cache worker for file hash cache (D:\project\ttsLearning\tts\android\.gradle\8.6\fileHashes)" [_thread_blocked, id=23156, stack(0x0000008a91f00000,0x0000008a92000000)]
  0x000001cc576caee0 JavaThread "Cache worker for cache directory md-supplier (C:\Users\hp\.gradle\caches\8.6\md-supplier)" [_thread_blocked, id=3124, stack(0x0000008a92000000,0x0000008a92100000)]
  0x000001cc576ccbc0 JavaThread "Cache worker for cache directory md-rule (C:\Users\hp\.gradle\caches\8.6\md-rule)" [_thread_blocked, id=19228, stack(0x0000008a92100000,0x0000008a92200000)]
  0x000001cc5727a320 JavaThread "Unconstrained build operations" [_thread_blocked, id=13260, stack(0x0000008a92300000,0x0000008a92400000)]
  0x000001cc57277ca0 JavaThread "Unconstrained build operations Thread 2" [_thread_blocked, id=21948, stack(0x0000008a92d00000,0x0000008a92e00000)]
  0x000001cc57276e30 JavaThread "Cache worker for Build Output Cleanup Cache (D:\project\ttsLearning\tts\node_modules\@react-native\gradle-plugin\.gradle\buildOutputCleanup)" [_thread_blocked, id=10020, stack(0x0000008a92e00000,0x0000008a92f00000)]
  0x000001cc57278170 JavaThread "Unconstrained build operations Thread 3" [_thread_blocked, id=22508, stack(0x0000008a92f00000,0x0000008a93000000)]
  0x000001cc5847c3f0 JavaThread "Unconstrained build operations Thread 4" [_thread_blocked, id=14292, stack(0x0000008a93000000,0x0000008a93100000)]
  0x000001cc58476880 JavaThread "Unconstrained build operations Thread 5" [_thread_blocked, id=22804, stack(0x0000008a93100000,0x0000008a93200000)]
  0x000001cc584798a0 JavaThread "build event listener" [_thread_blocked, id=9416, stack(0x0000008a91300000,0x0000008a91400000)]
  0x000001cc5847a710 JavaThread "Memory manager" [_thread_blocked, id=16704, stack(0x0000008a93200000,0x0000008a93300000)]
  0x000001cc5847b0b0 JavaThread "Cache worker for Build Output Cleanup Cache (D:\project\ttsLearning\tts\android\.gradle\buildOutputCleanup)" [_thread_blocked, id=22980, stack(0x0000008a93400000,0x0000008a93500000)]
  0x000001cc58478f00 JavaThread "ForkJoinPool.commonPool-worker-1" daemon [_thread_blocked, id=4536, stack(0x0000008a93500000,0x0000008a93600000)]
  0x000001cc584776f0 JavaThread "ForkJoinPool.commonPool-worker-3" daemon [_thread_blocked, id=12268, stack(0x0000008a93700000,0x0000008a93800000)]
  0x000001cc5847c8c0 JavaThread "included builds" [_thread_blocked, id=22544, stack(0x0000008a93800000,0x0000008a93900000)]
  0x000001cc58477bc0 JavaThread "Execution worker" [_thread_blocked, id=20464, stack(0x0000008a93900000,0x0000008a93a00000)]
  0x000001cc5847cd90 JavaThread "Execution worker Thread 2" [_thread_blocked, id=16896, stack(0x0000008a93a00000,0x0000008a93b00000)]
  0x000001cc5847dc00 JavaThread "Execution worker Thread 3" [_thread_blocked, id=21984, stack(0x0000008a93b00000,0x0000008a93c00000)]
  0x000001cc5847b580 JavaThread "Cache worker for execution history cache (D:\project\ttsLearning\tts\node_modules\@react-native\gradle-plugin\.gradle\8.6\executionHistory)" [_thread_blocked, id=22364, stack(0x0000008a93c00000,0x0000008a93d00000)]
  0x000001cc58477220 JavaThread "Unconstrained build operations Thread 6" [_thread_blocked, id=8908, stack(0x0000008a93d00000,0x0000008a93e00000)]
  0x000001cc58478560 JavaThread "Unconstrained build operations Thread 7" [_thread_blocked, id=5148, stack(0x0000008a93e00000,0x0000008a93f00000)]
  0x000001cc5847a240 JavaThread "Unconstrained build operations Thread 8" [_thread_blocked, id=18996, stack(0x0000008a93f00000,0x0000008a94000000)]
  0x000001cc5804ec70 JavaThread "Unconstrained build operations Thread 9" [_thread_blocked, id=6032, stack(0x0000008a94000000,0x0000008a94100000)]
  0x000001cc5804fae0 JavaThread "Unconstrained build operations Thread 10" [_thread_blocked, id=9280, stack(0x0000008a94100000,0x0000008a94200000)]
  0x000001cc58052630 JavaThread "Unconstrained build operations Thread 11" [_thread_blocked, id=14468, stack(0x0000008a94200000,0x0000008a94300000)]
  0x000001cc5804d460 JavaThread "Unconstrained build operations Thread 12" [_thread_blocked, id=18028, stack(0x0000008a94300000,0x0000008a94400000)]
  0x000001cc5804d930 JavaThread "Unconstrained build operations Thread 13" [_thread_blocked, id=2200, stack(0x0000008a94400000,0x0000008a94500000)]
  0x000001cc58050950 JavaThread "Unconstrained build operations Thread 14" [_thread_blocked, id=7416, stack(0x0000008a94500000,0x0000008a94600000)]
  0x000001cc5804cf90 JavaThread "Unconstrained build operations Thread 15" [_thread_blocked, id=16580, stack(0x0000008a94600000,0x0000008a94700000)]
  0x000001cc5804f140 JavaThread "Unconstrained build operations Thread 16" [_thread_blocked, id=13732, stack(0x0000008a94700000,0x0000008a94800000)]
  0x000001cc58053e40 JavaThread "build event listener" [_thread_blocked, id=20516, stack(0x0000008a94800000,0x0000008a94900000)]
  0x000001cc5804f610 JavaThread "Unconstrained build operations Thread 17" [_thread_blocked, id=11012, stack(0x0000008a94a00000,0x0000008a94b00000)]
  0x000001cc5804c5f0 JavaThread "Unconstrained build operations Thread 18" [_thread_blocked, id=20544, stack(0x0000008a94b00000,0x0000008a94c00000)]
  0x000001cc58050480 JavaThread "Unconstrained build operations Thread 19" [_thread_blocked, id=11140, stack(0x0000008a94c00000,0x0000008a94d00000)]
  0x000001cc5804ffb0 JavaThread "Unconstrained build operations Thread 20" [_thread_blocked, id=22716, stack(0x0000008a94d00000,0x0000008a94e00000)]
  0x000001cc580512f0 JavaThread "Unconstrained build operations Thread 21" [_thread_blocked, id=13776, stack(0x0000008a94e00000,0x0000008a94f00000)]
  0x000001cc58052fd0 JavaThread "Unconstrained build operations Thread 22" [_thread_blocked, id=7252, stack(0x0000008a94f00000,0x0000008a95000000)]
  0x000001cc5d86ff90 JavaThread "Unconstrained build operations Thread 23" [_thread_blocked, id=21608, stack(0x0000008a95000000,0x0000008a95100000)]
  0x000001cc5d86a8f0 JavaThread "Unconstrained build operations Thread 24" [_thread_blocked, id=13672, stack(0x0000008a95100000,0x0000008a95200000)]
  0x000001cc5d86d910 JavaThread "Unconstrained build operations Thread 25" [_thread_blocked, id=1612, stack(0x0000008a95200000,0x0000008a95300000)]
  0x000001cc5d86f5f0 JavaThread "Unconstrained build operations Thread 26" [_thread_blocked, id=18808, stack(0x0000008a95300000,0x0000008a95400000)]
  0x000001cc5d86b290 JavaThread "Unconstrained build operations Thread 27" [_thread_blocked, id=15816, stack(0x0000008a95400000,0x0000008a95500000)]
  0x000001cc5d86cf70 JavaThread "Unconstrained build operations Thread 28" [_thread_blocked, id=11052, stack(0x0000008a95500000,0x0000008a95600000)]
  0x000001cc5d86c100 JavaThread "Unconstrained build operations Thread 29" [_thread_blocked, id=23416, stack(0x0000008a95600000,0x0000008a95700000)]
  0x000001cc5d86a420 JavaThread "Unconstrained build operations Thread 30" [_thread_blocked, id=16712, stack(0x0000008a95700000,0x0000008a95800000)]
  0x000001cc5d86e2b0 JavaThread "Unconstrained build operations Thread 31" [_thread_blocked, id=1044, stack(0x0000008a95800000,0x0000008a95900000)]
  0x000001cc5d86adc0 JavaThread "Unconstrained build operations Thread 32" [_thread_blocked, id=2940, stack(0x0000008a95900000,0x0000008a95a00000)]
  0x000001cc5d86bc30 JavaThread "Unconstrained build operations Thread 33" [_thread_blocked, id=11528, stack(0x0000008a95a00000,0x0000008a95b00000)]
  0x000001cc5d86caa0 JavaThread "Unconstrained build operations Thread 34" [_thread_blocked, id=21008, stack(0x0000008a95b00000,0x0000008a95c00000)]
  0x000001cc5d8695b0 JavaThread "Unconstrained build operations Thread 35" [_thread_blocked, id=5364, stack(0x0000008a95d00000,0x0000008a95e00000)]
  0x000001cc5d8690e0 JavaThread "Unconstrained build operations Thread 36" [_thread_blocked, id=21824, stack(0x0000008a95e00000,0x0000008a95f00000)]
  0x000001cc5d86ec50 JavaThread "Unconstrained build operations Thread 37" [_thread_blocked, id=3668, stack(0x0000008a95f00000,0x0000008a96000000)]
  0x000001cc5d869f50 JavaThread "Unconstrained build operations Thread 38" [_thread_blocked, id=5396, stack(0x0000008a96100000,0x0000008a96200000)]
  0x000001cc5804e2d0 JavaThread "Unconstrained build operations Thread 39" [_thread_blocked, id=19460, stack(0x0000008a96200000,0x0000008a96300000)]
  0x000001cc5847d730 JavaThread "Unconstrained build operations Thread 40" [_thread_blocked, id=3860, stack(0x0000008a96300000,0x0000008a96400000)]
  0x000001cc62801bb0 JavaThread "Cache worker for execution history cache (D:\project\ttsLearning\tts\android\.gradle\8.6\executionHistory)" [_thread_blocked, id=15388, stack(0x0000008a96400000,0x0000008a96500000)]
  0x000001cc62805f10 JavaThread "WorkerExecutor Queue Thread 4" [_thread_in_native, id=3676, stack(0x0000008a92c00000,0x0000008a92d00000)]
  0x000001cc62804bd0 JavaThread "pool-3-thread-1" [_thread_blocked, id=14912, stack(0x0000008a93300000,0x0000008a93400000)]
  0x000001cc628063e0 JavaThread "stderr" [_thread_in_native, id=9112, stack(0x0000008a96700000,0x0000008a96800000)]
  0x000001cc627ff060 JavaThread "stdout" [_thread_in_native, id=17420, stack(0x0000008a96800000,0x0000008a96900000)]
  0x000001cc62800870 JavaThread "Cache worker for Java compile cache (C:\Users\hp\.gradle\caches\8.6\javaCompile)" [_thread_blocked, id=5256, stack(0x0000008a96900000,0x0000008a96a00000)]
  0x000001cc576d0a50 JavaThread "Build operations" [_thread_blocked, id=8364, stack(0x0000008a91400000,0x0000008a91500000)]
  0x000001cc58052160 JavaThread "Build operations Thread 2" [_thread_blocked, id=14716, stack(0x0000008a92a00000,0x0000008a92b00000)]
  0x000001cc652f9df0 JavaThread "Build operations Thread 3" [_thread_blocked, id=21160, stack(0x0000008a94900000,0x0000008a94a00000)]
  0x000001cc652fb600 JavaThread "WorkerExecutor Queue Thread 5" [_thread_blocked, id=19380, stack(0x0000008a93600000,0x0000008a93700000)]
  0x000001cc652fac60 JavaThread "WorkerExecutor Queue Thread 6" [_thread_blocked, id=21288, stack(0x0000008a96000000,0x0000008a96100000)]
  0x000001cc628033c0 JavaThread "WorkerExecutor Queue Thread 7" [_thread_blocked, id=6248, stack(0x0000008a96500000,0x0000008a96600000)]
  0x000001cc652fa2c0 JavaThread "ForkJoinPool-1-worker-1" daemon [_thread_blocked, id=20256, stack(0x0000008a96b00000,0x0000008a96c00000)]
  0x000001cc652f8f80 JavaThread "ForkJoinPool-1-worker-2" daemon [_thread_blocked, id=4784, stack(0x0000008a96c00000,0x0000008a96d00000)]
  0x000001cc652f5f60 JavaThread "ForkJoinPool-1-worker-3" daemon [_thread_blocked, id=20936, stack(0x0000008a96d00000,0x0000008a96e00000)]
  0x000001cc652f72a0 JavaThread "ForkJoinPool-1-worker-4" daemon [_thread_blocked, id=16132, stack(0x0000008a96e00000,0x0000008a96f00000)]

Other Threads:
=>0x000001cc300dce00 VMThread "VM Thread" [stack: 0x0000008a90000000,0x0000008a90100000] [id=13452]
  0x000001cc30025920 WatcherThread [stack: 0x0000008a90c00000,0x0000008a90d00000] [id=6188]
  0x000001cc30073890 GCTaskThread "GC Thread#0" [stack: 0x0000008a8f700000,0x0000008a8f800000] [id=4156]
  0x000001cc56586b40 GCTaskThread "GC Thread#1" [stack: 0x0000008a8f600000,0x0000008a8f700000] [id=17620]
  0x000001cc56598ee0 GCTaskThread "GC Thread#2" [stack: 0x0000008a90d00000,0x0000008a90e00000] [id=7076]
  0x000001cc56e1bed0 GCTaskThread "GC Thread#3" [stack: 0x0000008a90e00000,0x0000008a90f00000] [id=20224]
  0x000001cc3007d6e0 ConcurrentGCThread "G1 Main Marker" [stack: 0x0000008a8fc00000,0x0000008a8fd00000] [id=11512]
  0x000001cc3007e000 ConcurrentGCThread "G1 Conc#0" [stack: 0x0000008a8fd00000,0x0000008a8fe00000] [id=23072]
  0x000001cc300b6970 ConcurrentGCThread "G1 Refine#0" [stack: 0x0000008a8fe00000,0x0000008a8ff00000] [id=19740]
  0x000001cc56e7ea40 ConcurrentGCThread "G1 Refine#1" [stack: 0x0000008a92400000,0x0000008a92500000] [id=17416]
  0x000001cc56e7ed20 ConcurrentGCThread "G1 Refine#2" [stack: 0x0000008a92500000,0x0000008a92600000] [id=16512]
  0x000001cc65739d10 ConcurrentGCThread "G1 Refine#3" [stack: 0x0000008a96a00000,0x0000008a96b00000] [id=16916]
  0x000001cc300b72a0 ConcurrentGCThread "G1 Service" [stack: 0x0000008a8ff00000,0x0000008a90000000] [id=22088]

Threads with active compile tasks:
C2 CompilerThread0   297785 27700       4       com.android.tools.r8.graph.K0$d::a (88 bytes)

VM state: at safepoint (normal execution)

VM Mutex/Monitor currently owned by a thread:  ([mutex/lock_event])
[0x000001cc300215f0] Threads_lock - owner thread: 0x000001cc300dce00
[0x000001cc300207e0] Heap_lock - owner thread: 0x000001cc652fa2c0

Heap address: 0x00000006e0000000, size: 4608 MB, Compressed Oops mode: Zero based, Oop shift amount: 3

CDS archive(s) mapped at: [0x0000000800000000-0x0000000800bc0000-0x0000000800bc0000), size 12320768, SharedBaseAddress: 0x0000000800000000, ArchiveRelocationMode: 0.
Compressed class space mapped at: 0x0000000800c00000-0x000000081a800000, reserved size: 432013312
Narrow klass base: 0x0000000800000000, Narrow klass shift: 0, Narrow klass range: 0x100000000

GC Precious Log:
 CPUs: 4 total, 4 available
 Memory: 8067M
 Large Page Support: Disabled
 NUMA Support: Disabled
 Compressed Oops: Enabled (Zero based)
 Heap Region Size: 4M
 Heap Min Capacity: 8M
 Heap Initial Capacity: 128M
 Heap Max Capacity: 4608M
 Pre-touch: Disabled
 Parallel Workers: 4
 Concurrent Workers: 1
 Concurrent Refinement Workers: 4
 Periodic GC: Disabled

Heap:
 garbage-first heap   total 909312K, used 502152K [0x00000006e0000000, 0x0000000800000000)
  region size 4096K, 4 young (16384K), 4 survivors (16384K)
 Metaspace       used 152737K, committed 154240K, reserved 561152K
  class space    used 20551K, committed 21248K, reserved 421888K

Heap Regions: E=young(eden), S=young(survivor), O=old, HS=humongous(starts), HC=humongous(continues), CS=collection set, F=free, OA=open archive, CA=closed archive, TAMS=top-at-mark-start (previous, next)
|   0|0x00000006e0000000, 0x00000006e0400000, 0x00000006e0400000|100%|HS|  |TAMS 0x00000006e0400000, 0x00000006e0000000| Complete 
|   1|0x00000006e0400000, 0x00000006e0800000, 0x00000006e0800000|100%| O|  |TAMS 0x00000006e0800000, 0x00000006e0400000| Untracked 
|   2|0x00000006e0800000, 0x00000006e0c00000, 0x00000006e0c00000|100%| O|  |TAMS 0x00000006e0c00000, 0x00000006e0800000| Untracked 
|   3|0x00000006e0c00000, 0x00000006e1000000, 0x00000006e1000000|100%| O|  |TAMS 0x00000006e1000000, 0x00000006e0c00000| Untracked 
|   4|0x00000006e1000000, 0x00000006e1400000, 0x00000006e1400000|100%| O|  |TAMS 0x00000006e1400000, 0x00000006e1000000| Untracked 
|   5|0x00000006e1400000, 0x00000006e1800000, 0x00000006e1800000|100%| O|  |TAMS 0x00000006e1800000, 0x00000006e1400000| Untracked 
|   6|0x00000006e1800000, 0x00000006e1c00000, 0x00000006e1c00000|100%| O|  |TAMS 0x00000006e1c00000, 0x00000006e1800000| Untracked 
|   7|0x00000006e1c00000, 0x00000006e2000000, 0x00000006e2000000|100%| O|  |TAMS 0x00000006e2000000, 0x00000006e1c00000| Untracked 
|   8|0x00000006e2000000, 0x00000006e2400000, 0x00000006e2400000|100%| O|  |TAMS 0x00000006e2400000, 0x00000006e2000000| Untracked 
|   9|0x00000006e2400000, 0x00000006e2800000, 0x00000006e2800000|100%|HS|  |TAMS 0x00000006e2800000, 0x00000006e2400000| Complete 
|  10|0x00000006e2800000, 0x00000006e2c00000, 0x00000006e2c00000|100%|HS|  |TAMS 0x00000006e2c00000, 0x00000006e2800000| Complete 
|  11|0x00000006e2c00000, 0x00000006e3000000, 0x00000006e3000000|100%| O|  |TAMS 0x00000006e2c00000, 0x00000006e2c00000| Untracked 
|  12|0x00000006e3000000, 0x00000006e3400000, 0x00000006e3400000|100%| O|  |TAMS 0x00000006e3400000, 0x00000006e3000000| Untracked 
|  13|0x00000006e3400000, 0x00000006e3800000, 0x00000006e3800000|100%| O|  |TAMS 0x00000006e3800000, 0x00000006e3400000| Untracked 
|  14|0x00000006e3800000, 0x00000006e3c00000, 0x00000006e3c00000|100%| O|  |TAMS 0x00000006e3c00000, 0x00000006e3800000| Untracked 
|  15|0x00000006e3c00000, 0x00000006e4000000, 0x00000006e4000000|100%| O|  |TAMS 0x00000006e4000000, 0x00000006e3c00000| Untracked 
|  16|0x00000006e4000000, 0x00000006e4400000, 0x00000006e4400000|100%| O|  |TAMS 0x00000006e4400000, 0x00000006e4000000| Untracked 
|  17|0x00000006e4400000, 0x00000006e4800000, 0x00000006e4800000|100%| O|  |TAMS 0x00000006e4800000, 0x00000006e4400000| Untracked 
|  18|0x00000006e4800000, 0x00000006e4c00000, 0x00000006e4c00000|100%| O|  |TAMS 0x00000006e4c00000, 0x00000006e4800000| Untracked 
|  19|0x00000006e4c00000, 0x00000006e5000000, 0x00000006e5000000|100%| O|  |TAMS 0x00000006e5000000, 0x00000006e4c00000| Untracked 
|  20|0x00000006e5000000, 0x00000006e5400000, 0x00000006e5400000|100%| O|  |TAMS 0x00000006e5400000, 0x00000006e5000000| Untracked 
|  21|0x00000006e5400000, 0x00000006e5800000, 0x00000006e5800000|100%| O|  |TAMS 0x00000006e5800000, 0x00000006e5400000| Untracked 
|  22|0x00000006e5800000, 0x00000006e5c00000, 0x00000006e5c00000|100%| O|  |TAMS 0x00000006e5c00000, 0x00000006e5800000| Untracked 
|  23|0x00000006e5c00000, 0x00000006e6000000, 0x00000006e6000000|100%| O|  |TAMS 0x00000006e6000000, 0x00000006e5c00000| Untracked 
|  24|0x00000006e6000000, 0x00000006e6400000, 0x00000006e6400000|100%| O|  |TAMS 0x00000006e6400000, 0x00000006e6000000| Untracked 
|  25|0x00000006e6400000, 0x00000006e6800000, 0x00000006e6800000|100%| O|  |TAMS 0x00000006e6800000, 0x00000006e6400000| Untracked 
|  26|0x00000006e6800000, 0x00000006e6c00000, 0x00000006e6c00000|100%| O|  |TAMS 0x00000006e6c00000, 0x00000006e6800000| Untracked 
|  27|0x00000006e6c00000, 0x00000006e7000000, 0x00000006e7000000|100%| O|  |TAMS 0x00000006e7000000, 0x00000006e6c00000| Untracked 
|  28|0x00000006e7000000, 0x00000006e7400000, 0x00000006e7400000|100%| O|  |TAMS 0x00000006e7400000, 0x00000006e7000000| Untracked 
|  29|0x00000006e7400000, 0x00000006e7800000, 0x00000006e7800000|100%| O|  |TAMS 0x00000006e7800000, 0x00000006e7400000| Untracked 
|  30|0x00000006e7800000, 0x00000006e7c00000, 0x00000006e7c00000|100%| O|  |TAMS 0x00000006e7800000, 0x00000006e7800000| Untracked 
|  31|0x00000006e7c00000, 0x00000006e8000000, 0x00000006e8000000|100%| O|  |TAMS 0x00000006e8000000, 0x00000006e7c00000| Untracked 
|  32|0x00000006e8000000, 0x00000006e8400000, 0x00000006e8400000|100%| O|  |TAMS 0x00000006e8400000, 0x00000006e8000000| Untracked 
|  33|0x00000006e8400000, 0x00000006e8800000, 0x00000006e8800000|100%| O|  |TAMS 0x00000006e8800000, 0x00000006e8400000| Untracked 
|  34|0x00000006e8800000, 0x00000006e8c00000, 0x00000006e8c00000|100%| O|  |TAMS 0x00000006e8887600, 0x00000006e8800000| Untracked 
|  35|0x00000006e8c00000, 0x00000006e9000000, 0x00000006e9000000|100%| O|  |TAMS 0x00000006e8c00000, 0x00000006e8c00000| Untracked 
|  36|0x00000006e9000000, 0x00000006e9400000, 0x00000006e9400000|100%| O|  |TAMS 0x00000006e9000000, 0x00000006e9000000| Untracked 
|  37|0x00000006e9400000, 0x00000006e9800000, 0x00000006e9800000|100%| O|  |TAMS 0x00000006e9400000, 0x00000006e9400000| Untracked 
|  38|0x00000006e9800000, 0x00000006e9c00000, 0x00000006e9c00000|100%| O|  |TAMS 0x00000006e9800000, 0x00000006e9800000| Untracked 
|  39|0x00000006e9c00000, 0x00000006ea000000, 0x00000006ea000000|100%| O|  |TAMS 0x00000006e9c00000, 0x00000006e9c00000| Untracked 
|  40|0x00000006ea000000, 0x00000006ea400000, 0x00000006ea400000|100%| O|  |TAMS 0x00000006ea000000, 0x00000006ea000000| Untracked 
|  41|0x00000006ea400000, 0x00000006ea800000, 0x00000006ea800000|100%| O|  |TAMS 0x00000006ea400000, 0x00000006ea400000| Untracked 
|  42|0x00000006ea800000, 0x00000006eac00000, 0x00000006eac00000|100%| O|  |TAMS 0x00000006ea800000, 0x00000006ea800000| Untracked 
|  43|0x00000006eac00000, 0x00000006eb000000, 0x00000006eb000000|100%| O|  |TAMS 0x00000006eac00000, 0x00000006eac00000| Untracked 
|  44|0x00000006eb000000, 0x00000006eb400000, 0x00000006eb400000|100%| O|  |TAMS 0x00000006eb000000, 0x00000006eb000000| Untracked 
|  45|0x00000006eb400000, 0x00000006eb800000, 0x00000006eb800000|100%| O|  |TAMS 0x00000006eb400000, 0x00000006eb400000| Untracked 
|  46|0x00000006eb800000, 0x00000006ebc00000, 0x00000006ebc00000|100%| O|  |TAMS 0x00000006eb800000, 0x00000006eb800000| Untracked 
|  47|0x00000006ebc00000, 0x00000006ec000000, 0x00000006ec000000|100%| O|  |TAMS 0x00000006ebc00000, 0x00000006ebc00000| Untracked 
|  48|0x00000006ec000000, 0x00000006ec400000, 0x00000006ec400000|100%| O|  |TAMS 0x00000006ec000000, 0x00000006ec000000| Untracked 
|  49|0x00000006ec400000, 0x00000006ec800000, 0x00000006ec800000|100%| O|  |TAMS 0x00000006ec400000, 0x00000006ec400000| Untracked 
|  50|0x00000006ec800000, 0x00000006ecc00000, 0x00000006ecc00000|100%| O|  |TAMS 0x00000006ec800000, 0x00000006ec800000| Untracked 
|  51|0x00000006ecc00000, 0x00000006ed000000, 0x00000006ed000000|100%| O|  |TAMS 0x00000006ecc00000, 0x00000006ecc00000| Untracked 
|  52|0x00000006ed000000, 0x00000006ed400000, 0x00000006ed400000|100%| O|  |TAMS 0x00000006ed000000, 0x00000006ed000000| Untracked 
|  53|0x00000006ed400000, 0x00000006ed800000, 0x00000006ed800000|100%| O|  |TAMS 0x00000006ed400000, 0x00000006ed400000| Untracked 
|  54|0x00000006ed800000, 0x00000006edc00000, 0x00000006edc00000|100%| O|  |TAMS 0x00000006ed800000, 0x00000006ed800000| Untracked 
|  55|0x00000006edc00000, 0x00000006ee000000, 0x00000006ee000000|100%| O|  |TAMS 0x00000006edc00000, 0x00000006edc00000| Untracked 
|  56|0x00000006ee000000, 0x00000006ee400000, 0x00000006ee400000|100%| O|  |TAMS 0x00000006ee000000, 0x00000006ee000000| Untracked 
|  57|0x00000006ee400000, 0x00000006ee800000, 0x00000006ee800000|100%| O|  |TAMS 0x00000006ee400000, 0x00000006ee400000| Untracked 
|  58|0x00000006ee800000, 0x00000006eec00000, 0x00000006eec00000|100%| O|  |TAMS 0x00000006ee800000, 0x00000006ee800000| Untracked 
|  59|0x00000006eec00000, 0x00000006ef000000, 0x00000006ef000000|100%| O|  |TAMS 0x00000006eec00000, 0x00000006eec00000| Untracked 
|  60|0x00000006ef000000, 0x00000006ef400000, 0x00000006ef400000|100%| O|  |TAMS 0x00000006ef000000, 0x00000006ef000000| Untracked 
|  61|0x00000006ef400000, 0x00000006ef800000, 0x00000006ef800000|100%| O|  |TAMS 0x00000006ef400000, 0x00000006ef400000| Untracked 
|  62|0x00000006ef800000, 0x00000006efc00000, 0x00000006efc00000|100%| O|  |TAMS 0x00000006ef800000, 0x00000006ef800000| Untracked 
|  63|0x00000006efc00000, 0x00000006f0000000, 0x00000006f0000000|100%| O|  |TAMS 0x00000006efc00000, 0x00000006efc00000| Untracked 
|  64|0x00000006f0000000, 0x00000006f0400000, 0x00000006f0400000|100%| O|  |TAMS 0x00000006f0000000, 0x00000006f0000000| Untracked 
|  65|0x00000006f0400000, 0x00000006f0800000, 0x00000006f0800000|100%| O|  |TAMS 0x00000006f0400000, 0x00000006f0400000| Untracked 
|  66|0x00000006f0800000, 0x00000006f0c00000, 0x00000006f0c00000|100%| O|  |TAMS 0x00000006f0800000, 0x00000006f0800000| Untracked 
|  67|0x00000006f0c00000, 0x00000006f1000000, 0x00000006f1000000|100%| O|  |TAMS 0x00000006f0c00000, 0x00000006f0c00000| Untracked 
|  68|0x00000006f1000000, 0x00000006f1400000, 0x00000006f1400000|100%| O|  |TAMS 0x00000006f1000000, 0x00000006f1000000| Untracked 
|  69|0x00000006f1400000, 0x00000006f1800000, 0x00000006f1800000|100%| O|  |TAMS 0x00000006f1400000, 0x00000006f1400000| Untracked 
|  70|0x00000006f1800000, 0x00000006f1c00000, 0x00000006f1c00000|100%| O|  |TAMS 0x00000006f1800000, 0x00000006f1800000| Untracked 
|  71|0x00000006f1c00000, 0x00000006f2000000, 0x00000006f2000000|100%| O|  |TAMS 0x00000006f1c00000, 0x00000006f1c00000| Untracked 
|  72|0x00000006f2000000, 0x00000006f2400000, 0x00000006f2400000|100%|HS|  |TAMS 0x00000006f2000000, 0x00000006f2000000| Complete 
|  73|0x00000006f2400000, 0x00000006f2800000, 0x00000006f2800000|100%| O|  |TAMS 0x00000006f2400000, 0x00000006f2400000| Untracked 
|  74|0x00000006f2800000, 0x00000006f2c00000, 0x00000006f2c00000|100%|HS|  |TAMS 0x00000006f2800000, 0x00000006f2800000| Complete 
|  75|0x00000006f2c00000, 0x00000006f3000000, 0x00000006f3000000|100%| O|  |TAMS 0x00000006f2c00000, 0x00000006f2c00000| Untracked 
|  76|0x00000006f3000000, 0x00000006f3400000, 0x00000006f3400000|100%|HS|  |TAMS 0x00000006f3000000, 0x00000006f3000000| Complete 
|  77|0x00000006f3400000, 0x00000006f3800000, 0x00000006f3800000|100%|HC|  |TAMS 0x00000006f3400000, 0x00000006f3400000| Complete 
|  78|0x00000006f3800000, 0x00000006f3c00000, 0x00000006f3c00000|100%| O|  |TAMS 0x00000006f3800000, 0x00000006f3800000| Untracked 
|  79|0x00000006f3c00000, 0x00000006f4000000, 0x00000006f4000000|100%| O|  |TAMS 0x00000006f3c00000, 0x00000006f3c00000| Untracked 
|  80|0x00000006f4000000, 0x00000006f4400000, 0x00000006f4400000|100%| O|  |TAMS 0x00000006f4000000, 0x00000006f4000000| Untracked 
|  81|0x00000006f4400000, 0x00000006f4800000, 0x00000006f4800000|100%| O|  |TAMS 0x00000006f4400000, 0x00000006f4400000| Untracked 
|  82|0x00000006f4800000, 0x00000006f4c00000, 0x00000006f4c00000|100%| O|  |TAMS 0x00000006f4800000, 0x00000006f4800000| Untracked 
|  83|0x00000006f4c00000, 0x00000006f5000000, 0x00000006f5000000|100%| O|  |TAMS 0x00000006f4c00000, 0x00000006f4c00000| Untracked 
|  84|0x00000006f5000000, 0x00000006f5400000, 0x00000006f5400000|100%| O|  |TAMS 0x00000006f5000000, 0x00000006f5000000| Untracked 
|  85|0x00000006f5400000, 0x00000006f5800000, 0x00000006f5800000|100%| O|  |TAMS 0x00000006f5400000, 0x00000006f5400000| Untracked 
|  86|0x00000006f5800000, 0x00000006f5c00000, 0x00000006f5c00000|100%| O|  |TAMS 0x00000006f5800000, 0x00000006f5800000| Untracked 
|  87|0x00000006f5c00000, 0x00000006f6000000, 0x00000006f6000000|100%| O|  |TAMS 0x00000006f5c00000, 0x00000006f5c00000| Untracked 
|  88|0x00000006f6000000, 0x00000006f6400000, 0x00000006f6400000|100%| O|  |TAMS 0x00000006f6000000, 0x00000006f6000000| Untracked 
|  89|0x00000006f6400000, 0x00000006f6800000, 0x00000006f6800000|100%| O|  |TAMS 0x00000006f6400000, 0x00000006f6400000| Untracked 
|  90|0x00000006f6800000, 0x00000006f6c00000, 0x00000006f6c00000|100%| O|  |TAMS 0x00000006f6800000, 0x00000006f6800000| Untracked 
|  91|0x00000006f6c00000, 0x00000006f7000000, 0x00000006f7000000|100%| O|  |TAMS 0x00000006f6c00000, 0x00000006f6c00000| Untracked 
|  92|0x00000006f7000000, 0x00000006f7400000, 0x00000006f7400000|100%| O|  |TAMS 0x00000006f7000000, 0x00000006f7000000| Untracked 
|  93|0x00000006f7400000, 0x00000006f7800000, 0x00000006f7800000|100%| O|  |TAMS 0x00000006f7400000, 0x00000006f7400000| Untracked 
|  94|0x00000006f7800000, 0x00000006f7c00000, 0x00000006f7c00000|100%| O|  |TAMS 0x00000006f7800000, 0x00000006f7800000| Untracked 
|  95|0x00000006f7c00000, 0x00000006f8000000, 0x00000006f8000000|100%| O|  |TAMS 0x00000006f7c00000, 0x00000006f7c00000| Untracked 
|  96|0x00000006f8000000, 0x00000006f8400000, 0x00000006f8400000|100%| O|  |TAMS 0x00000006f8000000, 0x00000006f8000000| Untracked 
|  97|0x00000006f8400000, 0x00000006f8800000, 0x00000006f8800000|100%| O|  |TAMS 0x00000006f8400000, 0x00000006f8400000| Untracked 
|  98|0x00000006f8800000, 0x00000006f8c00000, 0x00000006f8c00000|100%| O|  |TAMS 0x00000006f8800000, 0x00000006f8800000| Untracked 
|  99|0x00000006f8c00000, 0x00000006f9000000, 0x00000006f9000000|100%| O|  |TAMS 0x00000006f8c00000, 0x00000006f8c00000| Untracked 
| 100|0x00000006f9000000, 0x00000006f9400000, 0x00000006f9400000|100%| O|  |TAMS 0x00000006f9000000, 0x00000006f9000000| Untracked 
| 101|0x00000006f9400000, 0x00000006f9800000, 0x00000006f9800000|100%| O|  |TAMS 0x00000006f9400000, 0x00000006f9400000| Untracked 
| 102|0x00000006f9800000, 0x00000006f9c00000, 0x00000006f9c00000|100%| O|  |TAMS 0x00000006f9800000, 0x00000006f9800000| Untracked 
| 103|0x00000006f9c00000, 0x00000006fa000000, 0x00000006fa000000|100%| O|  |TAMS 0x00000006f9c00000, 0x00000006f9c00000| Untracked 
| 104|0x00000006fa000000, 0x00000006fa400000, 0x00000006fa400000|100%| O|  |TAMS 0x00000006fa000000, 0x00000006fa000000| Untracked 
| 105|0x00000006fa400000, 0x00000006fa800000, 0x00000006fa800000|100%| O|  |TAMS 0x00000006fa400000, 0x00000006fa400000| Untracked 
| 106|0x00000006fa800000, 0x00000006fac00000, 0x00000006fac00000|100%| O|  |TAMS 0x00000006fa800000, 0x00000006fa800000| Untracked 
| 107|0x00000006fac00000, 0x00000006fb000000, 0x00000006fb000000|100%| O|  |TAMS 0x00000006fac00000, 0x00000006fac00000| Untracked 
| 108|0x00000006fb000000, 0x00000006fb400000, 0x00000006fb400000|100%| O|  |TAMS 0x00000006fb000000, 0x00000006fb000000| Untracked 
| 109|0x00000006fb400000, 0x00000006fb800000, 0x00000006fb800000|100%| O|  |TAMS 0x00000006fb400000, 0x00000006fb400000| Untracked 
| 110|0x00000006fb800000, 0x00000006fbc00000, 0x00000006fbc00000|100%| O|  |TAMS 0x00000006fb800000, 0x00000006fb800000| Untracked 
| 111|0x00000006fbc00000, 0x00000006fc000000, 0x00000006fc000000|100%| O|  |TAMS 0x00000006fbc00000, 0x00000006fbc00000| Untracked 
| 112|0x00000006fc000000, 0x00000006fc400000, 0x00000006fc400000|100%| O|  |TAMS 0x00000006fc000000, 0x00000006fc000000| Untracked 
| 113|0x00000006fc400000, 0x00000006fc800000, 0x00000006fc800000|100%| O|  |TAMS 0x00000006fc400000, 0x00000006fc400000| Untracked 
| 114|0x00000006fc800000, 0x00000006fcc00000, 0x00000006fcc00000|100%| O|  |TAMS 0x00000006fc800000, 0x00000006fc800000| Untracked 
| 115|0x00000006fcc00000, 0x00000006fcf75400, 0x00000006fd000000| 86%| O|  |TAMS 0x00000006fcc00000, 0x00000006fcc00000| Untracked 
| 116|0x00000006fd000000, 0x00000006fd000000, 0x00000006fd400000|  0%| F|  |TAMS 0x00000006fd000000, 0x00000006fd000000| Untracked 
| 117|0x00000006fd400000, 0x00000006fd400000, 0x00000006fd800000|  0%| F|  |TAMS 0x00000006fd400000, 0x00000006fd400000| Untracked 
| 118|0x00000006fd800000, 0x00000006fd800000, 0x00000006fdc00000|  0%| F|  |TAMS 0x00000006fd800000, 0x00000006fd800000| Untracked 
| 119|0x00000006fdc00000, 0x00000006fe000000, 0x00000006fe000000|100%|HS|  |TAMS 0x00000006fdc00000, 0x00000006fdc00000| Complete 
| 120|0x00000006fe000000, 0x00000006fe400000, 0x00000006fe400000|100%|HC|  |TAMS 0x00000006fe000000, 0x00000006fe000000| Complete 
| 121|0x00000006fe400000, 0x00000006fe800000, 0x00000006fe800000|100%|HC|  |TAMS 0x00000006fe400000, 0x00000006fe400000| Complete 
| 122|0x00000006fe800000, 0x00000006fe800000, 0x00000006fec00000|  0%| F|  |TAMS 0x00000006fe800000, 0x00000006fe800000| Untracked 
| 123|0x00000006fec00000, 0x00000006fec00000, 0x00000006ff000000|  0%| F|  |TAMS 0x00000006fec00000, 0x00000006fec00000| Untracked 
| 124|0x00000006ff000000, 0x00000006ff000000, 0x00000006ff400000|  0%| F|  |TAMS 0x00000006ff000000, 0x00000006ff000000| Untracked 
| 125|0x00000006ff400000, 0x00000006ff400000, 0x00000006ff800000|  0%| F|  |TAMS 0x00000006ff400000, 0x00000006ff400000| Untracked 
| 126|0x00000006ff800000, 0x00000006ff800000, 0x00000006ffc00000|  0%| F|  |TAMS 0x00000006ff800000, 0x00000006ff800000| Untracked 
| 127|0x00000006ffc00000, 0x00000006ffc00000, 0x0000000700000000|  0%| F|  |TAMS 0x00000006ffc00000, 0x00000006ffc00000| Untracked 
| 128|0x0000000700000000, 0x0000000700000000, 0x0000000700400000|  0%| F|  |TAMS 0x0000000700000000, 0x0000000700000000| Untracked 
| 129|0x0000000700400000, 0x0000000700400000, 0x0000000700800000|  0%| F|  |TAMS 0x0000000700400000, 0x0000000700400000| Untracked 
| 130|0x0000000700800000, 0x0000000700800000, 0x0000000700c00000|  0%| F|  |TAMS 0x0000000700800000, 0x0000000700800000| Untracked 
| 131|0x0000000700c00000, 0x0000000700c00000, 0x0000000701000000|  0%| F|  |TAMS 0x0000000700c00000, 0x0000000700c00000| Untracked 
| 132|0x0000000701000000, 0x0000000701000000, 0x0000000701400000|  0%| F|  |TAMS 0x0000000701000000, 0x0000000701000000| Untracked 
| 133|0x0000000701400000, 0x0000000701400000, 0x0000000701800000|  0%| F|  |TAMS 0x0000000701400000, 0x0000000701400000| Untracked 
| 134|0x0000000701800000, 0x0000000701800000, 0x0000000701c00000|  0%| F|  |TAMS 0x0000000701800000, 0x0000000701800000| Untracked 
| 135|0x0000000701c00000, 0x0000000701c00000, 0x0000000702000000|  0%| F|  |TAMS 0x0000000701c00000, 0x0000000701c00000| Untracked 
| 136|0x0000000702000000, 0x0000000702000000, 0x0000000702400000|  0%| F|  |TAMS 0x0000000702000000, 0x0000000702000000| Untracked 
| 137|0x0000000702400000, 0x0000000702400000, 0x0000000702800000|  0%| F|  |TAMS 0x0000000702400000, 0x0000000702400000| Untracked 
| 138|0x0000000702800000, 0x0000000702800000, 0x0000000702c00000|  0%| F|  |TAMS 0x0000000702800000, 0x0000000702800000| Untracked 
| 139|0x0000000702c00000, 0x0000000702c00000, 0x0000000703000000|  0%| F|  |TAMS 0x0000000702c00000, 0x0000000702c00000| Untracked 
| 140|0x0000000703000000, 0x0000000703000000, 0x0000000703400000|  0%| F|  |TAMS 0x0000000703000000, 0x0000000703000000| Untracked 
| 141|0x0000000703400000, 0x0000000703400000, 0x0000000703800000|  0%| F|  |TAMS 0x0000000703400000, 0x0000000703400000| Untracked 
| 142|0x0000000703800000, 0x0000000703800000, 0x0000000703c00000|  0%| F|  |TAMS 0x0000000703800000, 0x0000000703800000| Untracked 
| 143|0x0000000703c00000, 0x0000000703c00000, 0x0000000704000000|  0%| F|  |TAMS 0x0000000703c00000, 0x0000000703c00000| Untracked 
| 144|0x0000000704000000, 0x0000000704000000, 0x0000000704400000|  0%| F|  |TAMS 0x0000000704000000, 0x0000000704000000| Untracked 
| 145|0x0000000704400000, 0x0000000704400000, 0x0000000704800000|  0%| F|  |TAMS 0x0000000704400000, 0x0000000704400000| Untracked 
| 146|0x0000000704800000, 0x0000000704800000, 0x0000000704c00000|  0%| F|  |TAMS 0x0000000704800000, 0x0000000704800000| Untracked 
| 147|0x0000000704c00000, 0x0000000704c00000, 0x0000000705000000|  0%| F|  |TAMS 0x0000000704c00000, 0x0000000704c00000| Untracked 
| 148|0x0000000705000000, 0x0000000705000000, 0x0000000705400000|  0%| F|  |TAMS 0x0000000705000000, 0x0000000705000000| Untracked 
| 149|0x0000000705400000, 0x0000000705400000, 0x0000000705800000|  0%| F|  |TAMS 0x0000000705400000, 0x0000000705400000| Untracked 
| 150|0x0000000705800000, 0x0000000705800000, 0x0000000705c00000|  0%| F|  |TAMS 0x0000000705800000, 0x0000000705800000| Untracked 
| 151|0x0000000705c00000, 0x0000000705c00000, 0x0000000706000000|  0%| F|  |TAMS 0x0000000705c00000, 0x0000000705c00000| Untracked 
| 152|0x0000000706000000, 0x0000000706000000, 0x0000000706400000|  0%| F|  |TAMS 0x0000000706000000, 0x0000000706000000| Untracked 
| 153|0x0000000706400000, 0x0000000706400000, 0x0000000706800000|  0%| F|  |TAMS 0x0000000706400000, 0x0000000706400000| Untracked 
| 154|0x0000000706800000, 0x0000000706800000, 0x0000000706c00000|  0%| F|  |TAMS 0x0000000706800000, 0x0000000706800000| Untracked 
| 155|0x0000000706c00000, 0x0000000706c00000, 0x0000000707000000|  0%| F|  |TAMS 0x0000000706c00000, 0x0000000706c00000| Untracked 
| 156|0x0000000707000000, 0x0000000707000000, 0x0000000707400000|  0%| F|  |TAMS 0x0000000707000000, 0x0000000707000000| Untracked 
| 157|0x0000000707400000, 0x0000000707400000, 0x0000000707800000|  0%| F|  |TAMS 0x0000000707400000, 0x0000000707400000| Untracked 
| 158|0x0000000707800000, 0x0000000707800000, 0x0000000707c00000|  0%| F|  |TAMS 0x0000000707800000, 0x0000000707800000| Untracked 
| 159|0x0000000707c00000, 0x0000000707c00000, 0x0000000708000000|  0%| F|  |TAMS 0x0000000707c00000, 0x0000000707c00000| Untracked 
| 160|0x0000000708000000, 0x0000000708000000, 0x0000000708400000|  0%| F|  |TAMS 0x0000000708000000, 0x0000000708000000| Untracked 
| 161|0x0000000708400000, 0x0000000708400000, 0x0000000708800000|  0%| F|  |TAMS 0x0000000708400000, 0x0000000708400000| Untracked 
| 162|0x0000000708800000, 0x0000000708800000, 0x0000000708c00000|  0%| F|  |TAMS 0x0000000708800000, 0x0000000708800000| Untracked 
| 163|0x0000000708c00000, 0x0000000708c00000, 0x0000000709000000|  0%| F|  |TAMS 0x0000000708c00000, 0x0000000708c00000| Untracked 
| 164|0x0000000709000000, 0x0000000709000000, 0x0000000709400000|  0%| F|  |TAMS 0x0000000709000000, 0x0000000709000000| Untracked 
| 165|0x0000000709400000, 0x0000000709400000, 0x0000000709800000|  0%| F|  |TAMS 0x0000000709400000, 0x0000000709400000| Untracked 
| 166|0x0000000709800000, 0x0000000709800000, 0x0000000709c00000|  0%| F|  |TAMS 0x0000000709800000, 0x0000000709800000| Untracked 
| 167|0x0000000709c00000, 0x0000000709c00000, 0x000000070a000000|  0%| F|  |TAMS 0x0000000709c00000, 0x0000000709c00000| Untracked 
| 168|0x000000070a000000, 0x000000070a000000, 0x000000070a400000|  0%| F|  |TAMS 0x000000070a000000, 0x000000070a000000| Untracked 
| 169|0x000000070a400000, 0x000000070a400000, 0x000000070a800000|  0%| F|  |TAMS 0x000000070a400000, 0x000000070a400000| Untracked 
| 170|0x000000070a800000, 0x000000070a800000, 0x000000070ac00000|  0%| F|  |TAMS 0x000000070a800000, 0x000000070a800000| Untracked 
| 171|0x000000070ac00000, 0x000000070ac00000, 0x000000070b000000|  0%| F|  |TAMS 0x000000070ac00000, 0x000000070ac00000| Untracked 
| 172|0x000000070b000000, 0x000000070b000000, 0x000000070b400000|  0%| F|  |TAMS 0x000000070b000000, 0x000000070b000000| Untracked 
| 173|0x000000070b400000, 0x000000070b400000, 0x000000070b800000|  0%| F|  |TAMS 0x000000070b400000, 0x000000070b400000| Untracked 
| 174|0x000000070b800000, 0x000000070b800000, 0x000000070bc00000|  0%| F|  |TAMS 0x000000070b800000, 0x000000070b800000| Untracked 
| 175|0x000000070bc00000, 0x000000070bc00000, 0x000000070c000000|  0%| F|  |TAMS 0x000000070bc00000, 0x000000070bc00000| Untracked 
| 176|0x000000070c000000, 0x000000070c2ecd00, 0x000000070c400000| 73%| S|CS|TAMS 0x000000070c000000, 0x000000070c000000| Complete 
| 177|0x000000070c400000, 0x000000070c800000, 0x000000070c800000|100%| S|CS|TAMS 0x000000070c400000, 0x000000070c400000| Complete 
| 178|0x000000070c800000, 0x000000070cc00000, 0x000000070cc00000|100%| S|CS|TAMS 0x000000070c800000, 0x000000070c800000| Complete 
| 179|0x000000070cc00000, 0x000000070d000000, 0x000000070d000000|100%| S|CS|TAMS 0x000000070cc00000, 0x000000070cc00000| Complete 
| 180|0x000000070d000000, 0x000000070d000000, 0x000000070d400000|  0%| F|  |TAMS 0x000000070d000000, 0x000000070d000000| Untracked 
| 181|0x000000070d400000, 0x000000070d400000, 0x000000070d800000|  0%| F|  |TAMS 0x000000070d400000, 0x000000070d400000| Untracked 
| 182|0x000000070d800000, 0x000000070d800000, 0x000000070dc00000|  0%| F|  |TAMS 0x000000070d800000, 0x000000070d800000| Untracked 
| 183|0x000000070dc00000, 0x000000070dc00000, 0x000000070e000000|  0%| F|  |TAMS 0x000000070dc00000, 0x000000070dc00000| Untracked 
| 184|0x000000070e000000, 0x000000070e000000, 0x000000070e400000|  0%| F|  |TAMS 0x000000070e000000, 0x000000070e000000| Untracked 
| 185|0x000000070e400000, 0x000000070e400000, 0x000000070e800000|  0%| F|  |TAMS 0x000000070e400000, 0x000000070e400000| Untracked 
| 186|0x000000070e800000, 0x000000070e800000, 0x000000070ec00000|  0%| F|  |TAMS 0x000000070e800000, 0x000000070e800000| Untracked 
| 187|0x000000070ec00000, 0x000000070ec00000, 0x000000070f000000|  0%| F|  |TAMS 0x000000070ec00000, 0x000000070ec00000| Untracked 
| 188|0x000000070f000000, 0x000000070f000000, 0x000000070f400000|  0%| F|  |TAMS 0x000000070f000000, 0x000000070f000000| Untracked 
| 189|0x000000070f400000, 0x000000070f400000, 0x000000070f800000|  0%| F|  |TAMS 0x000000070f400000, 0x000000070f400000| Untracked 
| 190|0x000000070f800000, 0x000000070f800000, 0x000000070fc00000|  0%| F|  |TAMS 0x000000070f800000, 0x000000070f800000| Untracked 
| 191|0x000000070fc00000, 0x000000070fc00000, 0x0000000710000000|  0%| F|  |TAMS 0x000000070fc00000, 0x000000070fc00000| Untracked 
| 192|0x0000000710000000, 0x0000000710000000, 0x0000000710400000|  0%| F|  |TAMS 0x0000000710000000, 0x0000000710000000| Untracked 
| 193|0x0000000710400000, 0x0000000710400000, 0x0000000710800000|  0%| F|  |TAMS 0x0000000710400000, 0x0000000710400000| Untracked 
| 194|0x0000000710800000, 0x0000000710800000, 0x0000000710c00000|  0%| F|  |TAMS 0x0000000710800000, 0x0000000710800000| Untracked 
| 195|0x0000000710c00000, 0x0000000710c00000, 0x0000000711000000|  0%| F|  |TAMS 0x0000000710c00000, 0x0000000710c00000| Untracked 
| 196|0x0000000711000000, 0x0000000711000000, 0x0000000711400000|  0%| F|  |TAMS 0x0000000711000000, 0x0000000711000000| Untracked 
| 197|0x0000000711400000, 0x0000000711400000, 0x0000000711800000|  0%| F|  |TAMS 0x0000000711400000, 0x0000000711400000| Untracked 
| 198|0x0000000711800000, 0x0000000711800000, 0x0000000711c00000|  0%| F|  |TAMS 0x0000000711800000, 0x0000000711800000| Untracked 
| 199|0x0000000711c00000, 0x0000000711c00000, 0x0000000712000000|  0%| F|  |TAMS 0x0000000711c00000, 0x0000000711c00000| Untracked 
| 200|0x0000000712000000, 0x0000000712000000, 0x0000000712400000|  0%| F|  |TAMS 0x0000000712000000, 0x0000000712000000| Untracked 
| 201|0x0000000712400000, 0x0000000712400000, 0x0000000712800000|  0%| F|  |TAMS 0x0000000712400000, 0x0000000712400000| Untracked 
| 202|0x0000000712800000, 0x0000000712800000, 0x0000000712c00000|  0%| F|  |TAMS 0x0000000712800000, 0x0000000712800000| Untracked 
| 203|0x0000000712c00000, 0x0000000712c00000, 0x0000000713000000|  0%| F|  |TAMS 0x0000000712c00000, 0x0000000712c00000| Untracked 
| 204|0x0000000713000000, 0x0000000713000000, 0x0000000713400000|  0%| F|  |TAMS 0x0000000713000000, 0x0000000713000000| Untracked 
| 205|0x0000000713400000, 0x0000000713400000, 0x0000000713800000|  0%| F|  |TAMS 0x0000000713400000, 0x0000000713400000| Untracked 
| 206|0x0000000713800000, 0x0000000713800000, 0x0000000713c00000|  0%| F|  |TAMS 0x0000000713800000, 0x0000000713800000| Untracked 
| 207|0x0000000713c00000, 0x0000000713c00000, 0x0000000714000000|  0%| F|  |TAMS 0x0000000713c00000, 0x0000000713c00000| Untracked 
| 208|0x0000000714000000, 0x0000000714000000, 0x0000000714400000|  0%| F|  |TAMS 0x0000000714000000, 0x0000000714000000| Untracked 
| 209|0x0000000714400000, 0x0000000714400000, 0x0000000714800000|  0%| F|  |TAMS 0x0000000714400000, 0x0000000714400000| Untracked 
| 210|0x0000000714800000, 0x0000000714800000, 0x0000000714c00000|  0%| F|  |TAMS 0x0000000714800000, 0x0000000714800000| Untracked 
| 211|0x0000000714c00000, 0x0000000714c00000, 0x0000000715000000|  0%| F|  |TAMS 0x0000000714c00000, 0x0000000714c00000| Untracked 
| 212|0x0000000715000000, 0x0000000715000000, 0x0000000715400000|  0%| F|  |TAMS 0x0000000715000000, 0x0000000715000000| Untracked 
| 213|0x0000000715400000, 0x0000000715400000, 0x0000000715800000|  0%| F|  |TAMS 0x0000000715400000, 0x0000000715400000| Untracked 
| 214|0x0000000715800000, 0x0000000715800000, 0x0000000715c00000|  0%| F|  |TAMS 0x0000000715800000, 0x0000000715800000| Untracked 
| 215|0x0000000715c00000, 0x0000000715c00000, 0x0000000716000000|  0%| F|  |TAMS 0x0000000715c00000, 0x0000000715c00000| Untracked 
| 216|0x0000000716000000, 0x0000000716000000, 0x0000000716400000|  0%| F|  |TAMS 0x0000000716000000, 0x0000000716000000| Untracked 
| 217|0x0000000716400000, 0x0000000716400000, 0x0000000716800000|  0%| F|  |TAMS 0x0000000716400000, 0x0000000716400000| Untracked 
| 218|0x0000000716800000, 0x0000000716800000, 0x0000000716c00000|  0%| F|  |TAMS 0x0000000716800000, 0x0000000716800000| Untracked 
| 219|0x0000000716c00000, 0x0000000716c00000, 0x0000000717000000|  0%| F|  |TAMS 0x0000000716c00000, 0x0000000716c00000| Untracked 
| 220|0x0000000717000000, 0x0000000717000000, 0x0000000717400000|  0%| F|  |TAMS 0x0000000717000000, 0x0000000717000000| Untracked 
| 221|0x0000000717400000, 0x0000000717400000, 0x0000000717800000|  0%| F|  |TAMS 0x0000000717400000, 0x0000000717400000| Untracked 

Card table byte_map: [0x000001cc49250000,0x000001cc49b50000] _byte_map_base: 0x000001cc45b50000

Marking Bits (Prev, Next): (CMBitMap*) 0x000001cc30073db0, (CMBitMap*) 0x000001cc30073df0
 Prev Bits: [0x000001cc4a450000, 0x000001cc4ec50000)
 Next Bits: [0x000001cc4ec50000, 0x000001cc53450000)

Polling page: 0x000001cc39300000

Metaspace:

Usage:
  Non-class:    129.09 MB used.
      Class:     20.07 MB used.
       Both:    149.16 MB used.

Virtual space:
  Non-class space:      136.00 MB reserved,     129.88 MB ( 95%) committed,  17 nodes.
      Class space:      412.00 MB reserved,      20.75 MB (  5%) committed,  1 nodes.
             Both:      548.00 MB reserved,     150.62 MB ( 27%) committed. 

Chunk freelists:
   Non-Class:  2.16 MB
       Class:  3.30 MB
        Both:  5.45 MB

MaxMetaspaceSize: 512.00 MB
CompressedClassSpaceSize: 412.00 MB
Initial GC threshold: 21.00 MB
Current GC threshold: 158.69 MB
CDS: on
MetaspaceReclaimPolicy: balanced
 - commit_granule_bytes: 65536.
 - commit_granule_words: 8192.
 - virtual_space_node_default_size: 1048576.
 - enlarge_chunks_in_place: 1.
 - new_chunks_are_fully_committed: 0.
 - uncommit_free_chunks: 1.
 - use_allocation_guard: 0.
 - handle_deallocations: 1.


Internal statistics:

num_allocs_failed_limit: 6.
num_arena_births: 2154.
num_arena_deaths: 0.
num_vsnodes_births: 18.
num_vsnodes_deaths: 0.
num_space_committed: 2408.
num_space_uncommitted: 0.
num_chunks_returned_to_freelist: 6.
num_chunks_taken_from_freelist: 8776.
num_chunk_merges: 6.
num_chunk_splits: 5705.
num_chunks_enlarged: 3639.
num_purges: 0.
num_inconsistent_stats: 0.

CodeHeap 'non-profiled nmethods': size=120000Kb used=15730Kb max_used=15817Kb free=104269Kb
 bounds [0x000001cc40df0000, 0x000001cc41d70000, 0x000001cc48320000]
CodeHeap 'profiled nmethods': size=120000Kb used=43430Kb max_used=44079Kb free=76569Kb
 bounds [0x000001cc398c0000, 0x000001cc3c430000, 0x000001cc40df0000]
CodeHeap 'non-nmethods': size=5760Kb used=2509Kb max_used=2605Kb free=3250Kb
 bounds [0x000001cc39320000, 0x000001cc395d0000, 0x000001cc398c0000]
 total_blobs=23159 nmethods=22102 adapters=968
 compilation: enabled
              stopped_count=0, restarted_count=0
 full_count=0

Compilation events (20 events):
Event: 297.570 Thread 0x000001cc559fb940 nmethod 27713 0x000001cc41bd0490 code [0x000001cc41bd0620, 0x000001cc41bd07f8]
Event: 297.570 Thread 0x000001cc559fb940 27707       4       com.android.tools.r8.utils.structural.s::isEqualTo (11 bytes)
Event: 297.574 Thread 0x000001cc559fb940 nmethod 27707 0x000001cc41bcff10 code [0x000001cc41bd00a0, 0x000001cc41bd0298]
Event: 297.574 Thread 0x000001cc559fb940 27709       4       com.android.tools.r8.graph.S0$a::a (37 bytes)
Event: 297.586 Thread 0x000001cc559fb940 nmethod 27709 0x000001cc4177ac10 code [0x000001cc4177ade0, 0x000001cc4177b1c8]
Event: 297.586 Thread 0x000001cc559fb940 27711       4       com.android.tools.r8.graph.S0$a$$Lambda$3336/0x0000000802058980::a (5 bytes)
Event: 297.589 Thread 0x000001cc559fe250 27756       2       com.android.tools.r8.dex.code.Q0::a (33 bytes)
Event: 297.590 Thread 0x000001cc559fe250 nmethod 27756 0x000001cc3ac15510 code [0x000001cc3ac156c0, 0x000001cc3ac15888]
Event: 297.590 Thread 0x000001cc559fe250 27757       1       com.android.tools.r8.dex.code.U::t (3 bytes)
Event: 297.590 Thread 0x000001cc559fe250 nmethod 27757 0x000001cc41bcfc10 code [0x000001cc41bcfda0, 0x000001cc41bcfe78]
Event: 297.594 Thread 0x000001cc559fb940 nmethod 27711 0x000001cc4177a390 code [0x000001cc4177a560, 0x000001cc4177a868]
Event: 297.594 Thread 0x000001cc559fb940 27710       4       com.android.tools.r8.graph.S0$a::a (41 bytes)
Event: 297.607 Thread 0x000001cc559fb940 nmethod 27710 0x000001cc41779910 code [0x000001cc41779ae0, 0x000001cc41779ec8]
Event: 297.607 Thread 0x000001cc559fb940 27684       4       com.android.tools.r8.graph.K0$b::a (9 bytes)
Event: 297.632 Thread 0x000001cc559fb940 nmethod 27684 0x000001cc41778890 code [0x000001cc41778a40, 0x000001cc417792b8]
Event: 297.632 Thread 0x000001cc559fb940 27716       4       com.android.tools.r8.dex.code.w1::getField (8 bytes)
Event: 297.633 Thread 0x000001cc559fb940 nmethod 27716 0x000001cc41778590 code [0x000001cc41778700, 0x000001cc417787b8]
Event: 297.633 Thread 0x000001cc559fb940 27700       4       com.android.tools.r8.graph.K0$d::a (88 bytes)
Event: 297.634 Thread 0x000001cc559fe250 27759       2       com.android.tools.r8.dex.code.N3::x (20 bytes)
Event: 297.635 Thread 0x000001cc559fe250 nmethod 27759 0x000001cc39ccaf10 code [0x000001cc39ccb0a0, 0x000001cc39ccb1d8]

GC Heap History (20 events):
Event: 278.197 GC heap after
{Heap after GC invocations=65 (full 0):
 garbage-first heap   total 421888K, used 317255K [0x00000006e0000000, 0x0000000800000000)
  region size 4096K, 2 young (8192K), 2 survivors (8192K)
 Metaspace       used 147517K, committed 148992K, reserved 552960K
  class space    used 19856K, committed 20544K, reserved 421888K
}
Event: 279.885 GC heap before
{Heap before GC invocations=65 (full 0):
 garbage-first heap   total 421888K, used 366407K [0x00000006e0000000, 0x0000000800000000)
  region size 4096K, 12 young (49152K), 2 survivors (8192K)
 Metaspace       used 150346K, committed 151808K, reserved 552960K
  class space    used 20275K, committed 20928K, reserved 421888K
}
Event: 279.948 GC heap after
{Heap after GC invocations=66 (full 0):
 garbage-first heap   total 507904K, used 314983K [0x00000006e0000000, 0x0000000800000000)
  region size 4096K, 1 young (4096K), 1 survivors (4096K)
 Metaspace       used 150346K, committed 151808K, reserved 552960K
  class space    used 20275K, committed 20928K, reserved 421888K
}
Event: 283.284 GC heap before
{Heap before GC invocations=66 (full 0):
 garbage-first heap   total 507904K, used 425575K [0x00000006e0000000, 0x0000000800000000)
  region size 4096K, 26 young (106496K), 1 survivors (4096K)
 Metaspace       used 151708K, committed 153216K, reserved 561152K
  class space    used 20486K, committed 21184K, reserved 421888K
}
Event: 283.350 GC heap after
{Heap after GC invocations=67 (full 0):
 garbage-first heap   total 507904K, used 368897K [0x00000006e0000000, 0x0000000800000000)
  region size 4096K, 4 young (16384K), 4 survivors (16384K)
 Metaspace       used 151708K, committed 153216K, reserved 561152K
  class space    used 20486K, committed 21184K, reserved 421888K
}
Event: 284.667 GC heap before
{Heap before GC invocations=67 (full 0):
 garbage-first heap   total 507904K, used 418049K [0x00000006e0000000, 0x0000000800000000)
  region size 4096K, 17 young (69632K), 4 survivors (16384K)
 Metaspace       used 152048K, committed 153536K, reserved 561152K
  class space    used 20510K, committed 21184K, reserved 421888K
}
Event: 284.754 GC heap after
{Heap after GC invocations=68 (full 0):
 garbage-first heap   total 507904K, used 388855K [0x00000006e0000000, 0x0000000800000000)
  region size 4096K, 3 young (12288K), 3 survivors (12288K)
 Metaspace       used 152048K, committed 153536K, reserved 561152K
  class space    used 20510K, committed 21184K, reserved 421888K
}
Event: 285.294 GC heap before
{Heap before GC invocations=68 (full 0):
 garbage-first heap   total 507904K, used 425719K [0x00000006e0000000, 0x0000000800000000)
  region size 4096K, 12 young (49152K), 3 survivors (12288K)
 Metaspace       used 152088K, committed 153536K, reserved 561152K
  class space    used 20511K, committed 21184K, reserved 421888K
}
Event: 285.421 GC heap after
{Heap after GC invocations=69 (full 0):
 garbage-first heap   total 507904K, used 408431K [0x00000006e0000000, 0x0000000800000000)
  region size 4096K, 2 young (8192K), 2 survivors (8192K)
 Metaspace       used 152088K, committed 153536K, reserved 561152K
  class space    used 20511K, committed 21184K, reserved 421888K
}
Event: 285.822 GC heap before
{Heap before GC invocations=69 (full 0):
 garbage-first heap   total 507904K, used 428911K [0x00000006e0000000, 0x0000000800000000)
  region size 4096K, 7 young (28672K), 2 survivors (8192K)
 Metaspace       used 152090K, committed 153536K, reserved 561152K
  class space    used 20511K, committed 21184K, reserved 421888K
}
Event: 285.918 GC heap after
{Heap after GC invocations=70 (full 0):
 garbage-first heap   total 909312K, used 420866K [0x00000006e0000000, 0x0000000800000000)
  region size 4096K, 1 young (4096K), 1 survivors (4096K)
 Metaspace       used 152090K, committed 153536K, reserved 561152K
  class space    used 20511K, committed 21184K, reserved 421888K
}
Event: 289.985 GC heap before
{Heap before GC invocations=70 (full 0):
 garbage-first heap   total 909312K, used 547842K [0x00000006e0000000, 0x0000000800000000)
  region size 4096K, 33 young (135168K), 1 survivors (4096K)
 Metaspace       used 152531K, committed 154048K, reserved 561152K
  class space    used 20545K, committed 21248K, reserved 421888K
}
Event: 290.156 GC heap after
{Heap after GC invocations=71 (full 0):
 garbage-first heap   total 909312K, used 459537K [0x00000006e0000000, 0x0000000800000000)
  region size 4096K, 5 young (20480K), 5 survivors (20480K)
 Metaspace       used 152531K, committed 154048K, reserved 561152K
  class space    used 20545K, committed 21248K, reserved 421888K
}
Event: 291.462 GC heap before
{Heap before GC invocations=71 (full 0):
 garbage-first heap   total 909312K, used 508689K [0x00000006e0000000, 0x0000000800000000)
  region size 4096K, 18 young (73728K), 5 survivors (20480K)
 Metaspace       used 152543K, committed 154048K, reserved 561152K
  class space    used 20545K, committed 21248K, reserved 421888K
}
Event: 291.542 GC heap after
{Heap after GC invocations=72 (full 0):
 garbage-first heap   total 909312K, used 467032K [0x00000006e0000000, 0x0000000800000000)
  region size 4096K, 2 young (8192K), 2 survivors (8192K)
 Metaspace       used 152543K, committed 154048K, reserved 561152K
  class space    used 20545K, committed 21248K, reserved 421888K
}
Event: 293.640 GC heap before
{Heap before GC invocations=72 (full 0):
 garbage-first heap   total 909312K, used 528472K [0x00000006e0000000, 0x0000000800000000)
  region size 4096K, 18 young (73728K), 2 survivors (8192K)
 Metaspace       used 152554K, committed 154048K, reserved 561152K
  class space    used 20545K, committed 21248K, reserved 421888K
}
Event: 293.698 GC heap after
{Heap after GC invocations=73 (full 0):
 garbage-first heap   total 909312K, used 474256K [0x00000006e0000000, 0x0000000800000000)
  region size 4096K, 3 young (12288K), 3 survivors (12288K)
 Metaspace       used 152554K, committed 154048K, reserved 561152K
  class space    used 20545K, committed 21248K, reserved 421888K
}
Event: 294.915 GC heap before
{Heap before GC invocations=73 (full 0):
 garbage-first heap   total 909312K, used 507024K [0x00000006e0000000, 0x0000000800000000)
  region size 4096K, 11 young (45056K), 3 survivors (12288K)
 Metaspace       used 152663K, committed 154176K, reserved 561152K
  class space    used 20551K, committed 21248K, reserved 421888K
}
Event: 294.979 GC heap after
{Heap after GC invocations=74 (full 0):
 garbage-first heap   total 909312K, used 481273K [0x00000006e0000000, 0x0000000800000000)
  region size 4096K, 2 young (8192K), 2 survivors (8192K)
 Metaspace       used 152663K, committed 154176K, reserved 561152K
  class space    used 20551K, committed 21248K, reserved 421888K
}
Event: 297.636 GC heap before
{Heap before GC invocations=74 (full 0):
 garbage-first heap   total 909312K, used 665593K [0x00000006e0000000, 0x0000000800000000)
  region size 4096K, 42 young (172032K), 2 survivors (8192K)
 Metaspace       used 152737K, committed 154240K, reserved 561152K
  class space    used 20551K, committed 21248K, reserved 421888K
}

Deoptimization events (20 events):
Event: 295.372 Thread 0x000001cc652f8f80 Uncommon trap: trap_request=0xffffff76 fr.pc=0x000001cc41ca4130 relative=0x00000000000007b0
Event: 295.372 Thread 0x000001cc652f8f80 Uncommon trap: reason=predicate action=maybe_recompile pc=0x000001cc41ca4130 method=com.android.tools.r8.graph.K4.g(Ljava/util/function/Function;)Lcom/android/tools/r8/utils/F3; @ 21 c2
Event: 295.372 Thread 0x000001cc652f8f80 DEOPT PACKING pc=0x000001cc41ca4130 sp=0x0000008a96cfeb90
Event: 295.372 Thread 0x000001cc652f8f80 DEOPT UNPACKING pc=0x000001cc393723a3 sp=0x0000008a96cfeb88 mode 2
Event: 295.784 Thread 0x000001cc652fa2c0 DEOPT PACKING pc=0x000001cc3b33aad2 sp=0x0000008a96bfec80
Event: 295.784 Thread 0x000001cc652fa2c0 DEOPT UNPACKING pc=0x000001cc39372b43 sp=0x0000008a96bfe118 mode 0
Event: 296.321 Thread 0x000001cc652fa2c0 Uncommon trap: trap_request=0xffffffc6 fr.pc=0x000001cc412b7068 relative=0x00000000000006e8
Event: 296.321 Thread 0x000001cc652fa2c0 Uncommon trap: reason=bimorphic_or_optimized_type_check action=maybe_recompile pc=0x000001cc412b7068 method=com.android.tools.r8.graph.j1.a(Lcom/android/tools/r8/dex/X;Lcom/android/tools/r8/graph/j1;)V @ 2 c2
Event: 296.321 Thread 0x000001cc652fa2c0 DEOPT PACKING pc=0x000001cc412b7068 sp=0x0000008a96bfed60
Event: 296.322 Thread 0x000001cc652fa2c0 DEOPT UNPACKING pc=0x000001cc393723a3 sp=0x0000008a96bfec50 mode 2
Event: 296.338 Thread 0x000001cc652fa2c0 DEOPT PACKING pc=0x000001cc3b33aad2 sp=0x0000008a96bfea90
Event: 296.338 Thread 0x000001cc652fa2c0 DEOPT UNPACKING pc=0x000001cc39372b43 sp=0x0000008a96bfdf28 mode 0
Event: 296.704 Thread 0x000001cc652fa2c0 Uncommon trap: trap_request=0xffffff45 fr.pc=0x000001cc41234468 relative=0x00000000000000c8
Event: 296.704 Thread 0x000001cc652fa2c0 Uncommon trap: reason=unstable_if action=reinterpret pc=0x000001cc41234468 method=com.android.tools.r8.internal.Th.b(Ljava/lang/Object;Ljava/lang/Object;)Z @ 2 c2
Event: 296.704 Thread 0x000001cc652fa2c0 DEOPT PACKING pc=0x000001cc41234468 sp=0x0000008a96bfe590
Event: 296.704 Thread 0x000001cc652fa2c0 DEOPT UNPACKING pc=0x000001cc393723a3 sp=0x0000008a96bfe4b8 mode 2
Event: 296.838 Thread 0x000001cc652fa2c0 Uncommon trap: trap_request=0xffffff45 fr.pc=0x000001cc417c4858 relative=0x0000000000000258
Event: 296.838 Thread 0x000001cc652fa2c0 Uncommon trap: reason=unstable_if action=reinterpret pc=0x000001cc417c4858 method=com.android.tools.r8.internal.Th.b(Ljava/lang/Object;Ljava/lang/Object;)Z @ 2 c2
Event: 296.838 Thread 0x000001cc652fa2c0 DEOPT PACKING pc=0x000001cc417c4858 sp=0x0000008a96bfe600
Event: 296.838 Thread 0x000001cc652fa2c0 DEOPT UNPACKING pc=0x000001cc393723a3 sp=0x0000008a96bfe350 mode 2

Classes unloaded (0 events):
No events

Classes redefined (0 events):
No events

Internal exceptions (20 events):
Event: 278.711 Thread 0x000001cc58477bc0 Exception <a 'java/lang/NoSuchMethodError'{0x00000006f8d705a0}: 'void java.lang.invoke.DirectMethodHandle$Holder.invokeStatic(java.lang.Object, java.lang.Object, java.lang.Object, java.lang.Object, java.lang.Object, java.lang.Object, java.lang.Object, java.lang.Object)'> (0x00000006f8d705a0) 
thrown [t:\workspace\open\src\hotspot\share\interpreter\linkResolver.cpp, line 766]
Event: 279.035 Thread 0x000001cc58477bc0 Exception <a 'java/lang/IncompatibleClassChangeError'{0x00000006f8059b10}: Found class java.lang.Object, but interface was expected> (0x00000006f8059b10) 
thrown [t:\workspace\open\src\hotspot\share\interpreter\linkResolver.cpp, line 833]
Event: 279.270 Thread 0x000001cc58477bc0 Exception <a 'sun/nio/fs/WindowsException'{0x00000006f7e82ac8}> (0x00000006f7e82ac8) 
thrown [t:\workspace\open\src\hotspot\share\prims\jni.cpp, line 516]
Event: 279.311 Thread 0x000001cc5847dc00 Exception <a 'sun/nio/fs/WindowsException'{0x00000006f7eef228}> (0x00000006f7eef228) 
thrown [t:\workspace\open\src\hotspot\share\prims\jni.cpp, line 516]
Event: 279.787 Thread 0x000001cc652fb600 Exception <a 'sun/nio/fs/WindowsException'{0x00000006f7572878}> (0x00000006f7572878) 
thrown [t:\workspace\open\src\hotspot\share\prims\jni.cpp, line 516]
Event: 279.788 Thread 0x000001cc652fb600 Exception <a 'sun/nio/fs/WindowsException'{0x00000006f7572a78}> (0x00000006f7572a78) 
thrown [t:\workspace\open\src\hotspot\share\prims\jni.cpp, line 516]
Event: 280.158 Thread 0x000001cc652fac60 Exception <a 'sun/nio/fs/WindowsException'{0x00000006fecc1e68}> (0x00000006fecc1e68) 
thrown [t:\workspace\open\src\hotspot\share\prims\jni.cpp, line 516]
Event: 280.159 Thread 0x000001cc652fac60 Exception <a 'sun/nio/fs/WindowsException'{0x00000006fecc2060}> (0x00000006fecc2060) 
thrown [t:\workspace\open\src\hotspot\share\prims\jni.cpp, line 516]
Event: 280.225 Thread 0x000001cc652fac60 Exception <a 'sun/nio/fs/WindowsException'{0x00000006fecc8fc8}> (0x00000006fecc8fc8) 
thrown [t:\workspace\open\src\hotspot\share\prims\jni.cpp, line 516]
Event: 280.225 Thread 0x000001cc652fac60 Exception <a 'sun/nio/fs/WindowsException'{0x00000006fecc91c0}> (0x00000006fecc91c0) 
thrown [t:\workspace\open\src\hotspot\share\prims\jni.cpp, line 516]
Event: 281.159 Thread 0x000001cc62804230 Exception <a 'sun/nio/fs/WindowsException'{0x00000006fe1e58a0}> (0x00000006fe1e58a0) 
thrown [t:\workspace\open\src\hotspot\share\prims\jni.cpp, line 516]
Event: 281.198 Thread 0x000001cc628033c0 Exception <a 'sun/nio/fs/WindowsException'{0x00000006fe281c28}> (0x00000006fe281c28) 
thrown [t:\workspace\open\src\hotspot\share\prims\jni.cpp, line 516]
Event: 282.269 Thread 0x000001cc62804230 Exception <a 'java/lang/NoSuchMethodError'{0x00000006fb3e6d70}: 'long java.lang.invoke.DirectMethodHandle$Holder.invokeStatic(java.lang.Object, java.lang.Object, java.lang.Object)'> (0x00000006fb3e6d70) 
thrown [t:\workspace\open\src\hotspot\share\interpreter\linkResolver.cpp, line 766]
Event: 283.178 Thread 0x000001cc62804230 Exception <a 'java/lang/IncompatibleClassChangeError'{0x00000006f9323f50}: Found class java.lang.Object, but interface was expected> (0x00000006f9323f50) 
thrown [t:\workspace\open\src\hotspot\share\interpreter\linkResolver.cpp, line 833]
Event: 287.912 Thread 0x000001cc62804230 Exception <a 'sun/nio/fs/WindowsException'{0x0000000712ef0f60}> (0x0000000712ef0f60) 
thrown [t:\workspace\open\src\hotspot\share\prims\jni.cpp, line 516]
Event: 288.755 Thread 0x000001cc628033c0 Exception <a 'java/lang/NoSuchMethodError'{0x00000007118f06f8}: 'java.lang.Object java.lang.invoke.DirectMethodHandle$Holder.newInvokeSpecial(java.lang.Object, int, java.lang.Object, java.lang.Object)'> (0x00000007118f06f8) 
thrown [t:\workspace\open\src\hotspot\share\interpreter\linkResolver.cpp, line 766]
Event: 288.756 Thread 0x000001cc628033c0 Exception <a 'java/lang/NoSuchMethodError'{0x00000007118f47e8}: 'java.lang.Object java.lang.invoke.DirectMethodHandle$Holder.invokeSpecial(java.lang.Object, java.lang.Object, int, java.lang.Object, java.lang.Object)'> (0x00000007118f47e8) 
thrown [t:\workspace\open\src\hotspot\share\interpreter\linkResolver.cpp, line 766]
Event: 293.309 Thread 0x000001cc652fa2c0 Implicit null exception at 0x000001cc41cf9a30 to 0x000001cc41cfc574
Event: 294.808 Thread 0x000001cc652fa2c0 Implicit null exception at 0x000001cc41d05e60 to 0x000001cc41d07c36
Event: 296.584 Thread 0x000001cc652f8f80 Exception <a 'sun/nio/fs/WindowsException'{0x0000000711da18c0}> (0x0000000711da18c0) 
thrown [t:\workspace\open\src\hotspot\share\prims\jni.cpp, line 516]

VM Operations (20 events):
Event: 291.542 Executing VM operation: G1CollectForAllocation done
Event: 292.549 Executing VM operation: Cleanup
Event: 292.550 Executing VM operation: Cleanup done
Event: 293.553 Executing VM operation: Cleanup
Event: 293.553 Executing VM operation: Cleanup done
Event: 293.640 Executing VM operation: G1CollectForAllocation
Event: 293.698 Executing VM operation: G1CollectForAllocation done
Event: 293.968 Executing VM operation: HandshakeAllThreads
Event: 293.973 Executing VM operation: HandshakeAllThreads done
Event: 294.544 Executing VM operation: ICBufferFull
Event: 294.544 Executing VM operation: ICBufferFull done
Event: 294.915 Executing VM operation: G1CollectForAllocation
Event: 294.979 Executing VM operation: G1CollectForAllocation done
Event: 295.993 Executing VM operation: Cleanup
Event: 295.993 Executing VM operation: Cleanup done
Event: 296.399 Executing VM operation: HandshakeAllThreads
Event: 296.430 Executing VM operation: HandshakeAllThreads done
Event: 297.440 Executing VM operation: Cleanup
Event: 297.441 Executing VM operation: Cleanup done
Event: 297.636 Executing VM operation: G1CollectForAllocation

Events (20 events):
Event: 296.515 Thread 0x000001cc55a70170 flushing nmethod 0x000001cc3c118a10
Event: 296.515 Thread 0x000001cc55a70170 flushing nmethod 0x000001cc3c118d90
Event: 296.515 Thread 0x000001cc55a70170 flushing nmethod 0x000001cc3c11be90
Event: 296.515 Thread 0x000001cc55a70170 flushing nmethod 0x000001cc3c11ef90
Event: 296.516 Thread 0x000001cc55a70170 flushing nmethod 0x000001cc3c134f10
Event: 296.516 Thread 0x000001cc55a70170 flushing nmethod 0x000001cc3c13ca10
Event: 296.516 Thread 0x000001cc55a70170 flushing nmethod 0x000001cc3c13d190
Event: 296.516 Thread 0x000001cc55a70170 flushing nmethod 0x000001cc3c13d610
Event: 296.516 Thread 0x000001cc55a70170 flushing nmethod 0x000001cc3c13d990
Event: 296.516 Thread 0x000001cc55a70170 flushing nmethod 0x000001cc3c13e090
Event: 296.516 Thread 0x000001cc55a70170 flushing nmethod 0x000001cc3c13e410
Event: 296.516 Thread 0x000001cc55a70170 flushing nmethod 0x000001cc3c13ea90
Event: 296.516 Thread 0x000001cc55a70170 flushing nmethod 0x000001cc3c13f290
Event: 296.516 Thread 0x000001cc55a70170 flushing nmethod 0x000001cc3c13f690
Event: 296.516 Thread 0x000001cc55a70170 flushing nmethod 0x000001cc3c140a90
Event: 296.516 Thread 0x000001cc55a70170 flushing nmethod 0x000001cc3c142190
Event: 296.516 Thread 0x000001cc55a70170 flushing nmethod 0x000001cc3c155110
Event: 296.516 Thread 0x000001cc55a70170 flushing nmethod 0x000001cc3c176a90
Event: 296.516 Thread 0x000001cc55a70170 flushing nmethod 0x000001cc3c18ce10
Event: 296.516 Thread 0x000001cc55a70170 flushing nmethod 0x000001cc3c18d290


Dynamic libraries:
0x00007ff61ecd0000 - 0x00007ff61ece0000 	C:\Program Files\Java\jdk-17\bin\java.exe
0x00007ffdb09b0000 - 0x00007ffdb0ba8000 	C:\Windows\SYSTEM32\ntdll.dll
0x00007ffdb01d0000 - 0x00007ffdb028d000 	C:\Windows\System32\KERNEL32.DLL
0x00007ffdae260000 - 0x00007ffdae556000 	C:\Windows\System32\KERNELBASE.dll
0x00007ffdae090000 - 0x00007ffdae190000 	C:\Windows\System32\ucrtbase.dll
0x00007ffd81d70000 - 0x00007ffd81d88000 	C:\Program Files\Java\jdk-17\bin\jli.dll
0x00007ffdb0290000 - 0x00007ffdb033f000 	C:\Windows\System32\ADVAPI32.dll
0x00007ffdaf200000 - 0x00007ffdaf29e000 	C:\Windows\System32\msvcrt.dll
0x00007ffdaea10000 - 0x00007ffdaeaac000 	C:\Windows\System32\sechost.dll
0x00007ffdafaf0000 - 0x00007ffdafc16000 	C:\Windows\System32\RPCRT4.dll
0x00007ffdafc20000 - 0x00007ffdafdbe000 	C:\Windows\System32\USER32.dll
0x00007ffdae200000 - 0x00007ffdae222000 	C:\Windows\System32\win32u.dll
0x00007ffdb0940000 - 0x00007ffdb096c000 	C:\Windows\System32\GDI32.dll
0x00007ffdae8f0000 - 0x00007ffdaea0a000 	C:\Windows\System32\gdi32full.dll
0x00007ffdae640000 - 0x00007ffdae6dd000 	C:\Windows\System32\msvcp_win.dll
0x00007ffd81bd0000 - 0x00007ffd81bea000 	C:\Program Files\Java\jdk-17\bin\VCRUNTIME140.dll
0x00007ffd9a080000 - 0x00007ffd9a31a000 	C:\Windows\WinSxS\amd64_microsoft.windows.common-controls_6595b64144ccf1df_6.0.19041.3636_none_60b6a03d71f818d5\COMCTL32.dll
0x00007ffd9df80000 - 0x00007ffd9df8a000 	C:\Windows\SYSTEM32\VERSION.dll
0x00007ffdb0410000 - 0x00007ffdb0440000 	C:\Windows\System32\IMM32.DLL
0x00007ffdaffa0000 - 0x00007ffdafff5000 	C:\Windows\System32\SHLWAPI.dll
0x00007ffd97ae0000 - 0x00007ffd97aec000 	C:\Program Files\Java\jdk-17\bin\vcruntime140_1.dll
0x00007ffd5a250000 - 0x00007ffd5a2dd000 	C:\Program Files\Java\jdk-17\bin\msvcp140.dll
0x00007ffd49f10000 - 0x00007ffd4aace000 	C:\Program Files\Java\jdk-17\bin\server\jvm.dll
0x00007ffdb01c0000 - 0x00007ffdb01c8000 	C:\Windows\System32\PSAPI.DLL
0x00007ffd94980000 - 0x00007ffd94989000 	C:\Windows\SYSTEM32\WSOCK32.dll
0x00007ffdafdc0000 - 0x00007ffdafe2b000 	C:\Windows\System32\WS2_32.dll
0x00007ffd9a320000 - 0x00007ffd9a347000 	C:\Windows\SYSTEM32\WINMM.dll
0x00007ffdac8a0000 - 0x00007ffdac8b2000 	C:\Windows\SYSTEM32\kernel.appcore.dll
0x00007ffd97a60000 - 0x00007ffd97a6a000 	C:\Program Files\Java\jdk-17\bin\jimage.dll
0x00007ffda45c0000 - 0x00007ffda47a4000 	C:\Windows\SYSTEM32\DBGHELP.DLL
0x00007ffd978b0000 - 0x00007ffd978e4000 	C:\Windows\SYSTEM32\dbgcore.DLL
0x00007ffdae560000 - 0x00007ffdae5e2000 	C:\Windows\System32\bcryptPrimitives.dll
0x00007ffd97790000 - 0x00007ffd9779e000 	C:\Program Files\Java\jdk-17\bin\instrument.dll
0x00007ffd637d0000 - 0x00007ffd637f5000 	C:\Program Files\Java\jdk-17\bin\java.dll
0x00007ffd53250000 - 0x00007ffd53326000 	C:\Program Files\Java\jdk-17\bin\svml.dll
0x00007ffdaeab0000 - 0x00007ffdaf1f5000 	C:\Windows\System32\SHELL32.dll
0x00007ffdabe10000 - 0x00007ffdac5ab000 	C:\Windows\SYSTEM32\windows.storage.dll
0x00007ffdb0580000 - 0x00007ffdb08d4000 	C:\Windows\System32\combase.dll
0x00007ffdad920000 - 0x00007ffdad94d000 	C:\Windows\SYSTEM32\Wldp.dll
0x00007ffdaf4c0000 - 0x00007ffdaf56d000 	C:\Windows\System32\SHCORE.dll
0x00007ffdadfc0000 - 0x00007ffdadfe5000 	C:\Windows\SYSTEM32\profapi.dll
0x00007ffd81b00000 - 0x00007ffd81b18000 	C:\Program Files\Java\jdk-17\bin\zip.dll
0x00007ffd7e730000 - 0x00007ffd7e749000 	C:\Program Files\Java\jdk-17\bin\net.dll
0x00007ffda3be0000 - 0x00007ffda3cea000 	C:\Windows\SYSTEM32\WINHTTP.dll
0x00007ffdad700000 - 0x00007ffdad76a000 	C:\Windows\system32\mswsock.dll
0x00007ffd7df00000 - 0x00007ffd7df15000 	C:\Program Files\Java\jdk-17\bin\nio.dll
0x00007ffd973d0000 - 0x00007ffd973e0000 	C:\Program Files\Java\jdk-17\bin\verify.dll
0x00007ffda56c0000 - 0x00007ffda56e7000 	C:\Users\hp\.gradle\native\c067742578af261105cb4f569cf0c3c89f3d7b1fecec35dd04571415982c5e48\windows-amd64\native-platform.dll
0x00007ffd4c4c0000 - 0x00007ffd4c604000 	C:\Users\hp\.gradle\native\38dada09dfb8b06ba9b0570ebf7e218e3eb74d4ef43ca46872605cf95ebc2f47\windows-amd64\native-platform-file-events.dll
0x00007ffd94810000 - 0x00007ffd94819000 	C:\Program Files\Java\jdk-17\bin\management.dll
0x00007ffd937f0000 - 0x00007ffd937fb000 	C:\Program Files\Java\jdk-17\bin\management_ext.dll
0x00007ffdad960000 - 0x00007ffdad978000 	C:\Windows\SYSTEM32\CRYPTSP.dll
0x00007ffdad050000 - 0x00007ffdad084000 	C:\Windows\system32\rsaenh.dll
0x00007ffdae230000 - 0x00007ffdae257000 	C:\Windows\System32\bcrypt.dll
0x00007ffdadf40000 - 0x00007ffdadf6e000 	C:\Windows\SYSTEM32\USERENV.dll
0x00007ffdad890000 - 0x00007ffdad89c000 	C:\Windows\SYSTEM32\CRYPTBASE.dll
0x00007ffdad410000 - 0x00007ffdad44b000 	C:\Windows\SYSTEM32\IPHLPAPI.DLL
0x00007ffdb01b0000 - 0x00007ffdb01b8000 	C:\Windows\System32\NSI.dll
0x00007ffda1a20000 - 0x00007ffda1a37000 	C:\Windows\SYSTEM32\dhcpcsvc6.DLL
0x00007ffda18f0000 - 0x00007ffda190d000 	C:\Windows\SYSTEM32\dhcpcsvc.DLL
0x00007ffdad450000 - 0x00007ffdad51a000 	C:\Windows\SYSTEM32\DNSAPI.dll
0x00007ffd92ed0000 - 0x00007ffd92ede000 	C:\Program Files\Java\jdk-17\bin\sunmscapi.dll
0x00007ffdae6e0000 - 0x00007ffdae83d000 	C:\Windows\System32\CRYPT32.dll
0x00007ffdada70000 - 0x00007ffdada97000 	C:\Windows\SYSTEM32\ncrypt.dll
0x00007ffdada30000 - 0x00007ffdada6b000 	C:\Windows\SYSTEM32\NTASN1.dll
0x00007ffd9c630000 - 0x00007ffd9c637000 	C:\Windows\system32\wshunix.dll
0x00007ffd87440000 - 0x00007ffd87457000 	C:\Windows\system32\napinsp.dll
0x00007ffd87420000 - 0x00007ffd8743b000 	C:\Windows\system32\pnrpnsp.dll
0x00007ffda89c0000 - 0x00007ffda89d5000 	C:\Windows\system32\wshbth.dll
0x00007ffda94e0000 - 0x00007ffda94fd000 	C:\Windows\system32\NLAapi.dll
0x00007ffd8de40000 - 0x00007ffd8de52000 	C:\Windows\System32\winrnr.dll
0x000000005ecb0000 - 0x000000005ecd6000 	C:\Program Files\Bonjour\mdnsNSP.dll
0x00007ffd9aa80000 - 0x00007ffd9aa8a000 	C:\Windows\System32\rasadhlp.dll
0x00007ffd9ad10000 - 0x00007ffd9ad90000 	C:\Windows\System32\fwpuclnt.dll
0x00007ffdad190000 - 0x00007ffdad1c3000 	C:\Windows\SYSTEM32\ntmarta.dll

dbghelp: loaded successfully - version: 4.0.5 - missing functions: none
symbol engine: initialized successfully - sym options: 0x614 - pdb path: .;C:\Program Files\Java\jdk-17\bin;C:\Windows\SYSTEM32;C:\Windows\WinSxS\amd64_microsoft.windows.common-controls_6595b64144ccf1df_6.0.19041.3636_none_60b6a03d71f818d5;C:\Program Files\Java\jdk-17\bin\server;C:\Users\hp\.gradle\native\c067742578af261105cb4f569cf0c3c89f3d7b1fecec35dd04571415982c5e48\windows-amd64;C:\Users\hp\.gradle\native\38dada09dfb8b06ba9b0570ebf7e218e3eb74d4ef43ca46872605cf95ebc2f47\windows-amd64;C:\Program Files\Bonjour

VM Arguments:
jvm_args: -XX:MaxMetaspaceSize=512m --add-opens=java.base/java.util=ALL-UNNAMED --add-opens=java.base/java.lang=ALL-UNNAMED --add-opens=java.base/java.lang.invoke=ALL-UNNAMED --add-opens=java.prefs/java.util.prefs=ALL-UNNAMED --add-opens=java.base/java.nio.charset=ALL-UNNAMED --add-opens=java.base/java.net=ALL-UNNAMED --add-opens=java.base/java.util.concurrent.atomic=ALL-UNNAMED -Xmx2048m -Dfile.encoding=windows-1252 -Duser.country=US -Duser.language=en -Duser.variant -javaagent:C:\Users\hp\.gradle\wrapper\dists\gradle-8.6-all\3mbtmo166bl6vumsh5k2lkq5h\gradle-8.6\lib\agents\gradle-instrumentation-agent-8.6.jar -Xmx4608m 
java_command: org.gradle.launcher.daemon.bootstrap.GradleDaemon 8.6
java_class_path (initial): C:\Users\hp\.gradle\wrapper\dists\gradle-8.6-all\3mbtmo166bl6vumsh5k2lkq5h\gradle-8.6\lib\gradle-launcher-8.6.jar
Launcher Type: SUN_STANDARD

[Global flags]
     intx CICompilerCount                          = 3                                         {product} {ergonomic}
   size_t CompressedClassSpaceSize                 = 432013312                                 {product} {ergonomic}
     uint ConcGCThreads                            = 1                                         {product} {ergonomic}
     uint G1ConcRefinementThreads                  = 4                                         {product} {ergonomic}
   size_t G1HeapRegionSize                         = 4194304                                   {product} {ergonomic}
    uintx GCDrainStackTargetSize                   = 64                                        {product} {ergonomic}
   size_t InitialHeapSize                          = 134217728                                 {product} {ergonomic}
   size_t MarkStackSize                            = 4194304                                   {product} {ergonomic}
   size_t MaxHeapSize                              = 4831838208                                {product} {command line}
   size_t MaxMetaspaceSize                         = 536870912                                 {product} {command line}
   size_t MaxNewSize                               = 2898264064                                {product} {ergonomic}
   size_t MinHeapDeltaBytes                        = 4194304                                   {product} {ergonomic}
   size_t MinHeapSize                              = 8388608                                   {product} {ergonomic}
    uintx NonNMethodCodeHeapSize                   = 5832780                                {pd product} {ergonomic}
    uintx NonProfiledCodeHeapSize                  = 122912730                              {pd product} {ergonomic}
    uintx ProfiledCodeHeapSize                     = 122912730                              {pd product} {ergonomic}
    uintx ReservedCodeCacheSize                    = 251658240                              {pd product} {ergonomic}
     bool SegmentedCodeCache                       = true                                      {product} {ergonomic}
   size_t SoftMaxHeapSize                          = 4831838208                             {manageable} {ergonomic}
     bool UseCompressedClassPointers               = true                           {product lp64_product} {ergonomic}
     bool UseCompressedOops                        = true                           {product lp64_product} {ergonomic}
     bool UseG1GC                                  = true                                      {product} {ergonomic}
     bool UseLargePagesIndividualAllocation        = false                                  {pd product} {ergonomic}

Logging:
Log output configuration:
 #0: stdout all=warning uptime,level,tags
 #1: stderr all=off uptime,level,tags

Environment Variables:
JAVA_HOME=C:\Program Files\Java\jdk-17
_JAVA_OPTIONS=-Xmx4608m
CLASSPATH=D:\project\ttsLearning\tts\android\\gradle\wrapper\gradle-wrapper.jar
PATH=D:\project\ttsLearning\tts\node_modules\.bin;D:\project\ttsLearning\node_modules\.bin;D:\project\node_modules\.bin;D:\node_modules\.bin;C:\Users\hp\AppData\Roaming\nvm\v20.13.1\node_modules\npm\node_modules\@npmcli\run-script\lib\node-gyp-bin;C:\Program Files\Common Files\Oracle\Java\javapath;E:\vmware workstation\bin\;C:\Program Files (x86)\Common Files\Oracle\Java\javapath;C:\Program Files (x86)\NVIDIA Corporation\PhysX\Common;C:\Program Files\Microsoft\jdk-11.0.16.101-hotspot\bin;C:\Windows\system32;C:\Windows\SysWow64;C:\Windows\System32\Wbem;C:\Windows\System32\WindowsPowerShell\v1.0\;C:\Windows\System32\OpenSSH\;C:\Program Files\Microsoft SQL Server\Client SDK\ODBC\170\Tools\Binn\;C:\Program Files (x86)\Microsoft SQL Server\150\Tools\Binn\;C:\Program Files\Microsoft SQL Server\150\Tools\Binn\;C:\Program Files\Microsoft SQL Server\150\DTS\Binn\;C:\Program Files (x86)\Microsoft SQL Server\150\DTS\Binn\;C:\Program Files\Azure Data Studio\bin;C:\Program Files\Microsoft SQL Server\130\Tools\Binn\;C:\Program Files\dotnet\;C:\Program Files (x86)\gs\gs10.00.0\bin;C:\Program Files\gs\gs10.02.0\bin;C:\Program Files\Docker\Docker\resources\bin;C:\Program Files (x86)\Windows Kits\8.1\Windows Performance Toolkit\;C:\Program Files (x86)\Windows Kits\10\Windows Performance Toolkit\;C:\Program Files (x86)\I;C:\Program Files (x86)\dotnet\;C:\Program Files (x86)\Incredibuild;C:\Users\hp\AppData\Roaming\nvm;C:\Program Files\nodejs;C:\Program Files (x86)\Yarn\bin\;C:\Program Files\Git\cmd;C:\Users\hp\AppData\Local\Android\Sdk;"C:\Program Files\Java\jdk-17\bin;";C:\ProgramData\Oracle\Java\javapath;C:\Program Files (x86)\Common Files\Oracle\Java\javapath;C:\Program Files (x86)\NVIDIA Corporation\PhysX\Common;C:\Program Files\Microsoft\jdk-11.0.16.101-hotspot\bin;C:\Windows\system32;C:\Windows;C:\Windows\System32\Wbem;C:\Windows\System32\WindowsPowerShell\v1.0\;C:\Windows\System32\OpenSSH\;C:\Program Files\Microsoft SQL Server\Client SDK\ODBC\170\Tools\Binn\;C:\Program Files (x86)
USERNAME=hp
LANG=en_US.UTF-8
OS=Windows_NT
PROCESSOR_IDENTIFIER=Intel64 Family 6 Model 142 Stepping 9, GenuineIntel



---------------  S Y S T E M  ---------------

OS:
 Windows 10 , 64 bit Build 19041 (10.0.19041.3636)
OS uptime: 2 days 12:54 hours
Hyper-V role detected

CPU: total 4 (initial active 4) (2 cores per cpu, 2 threads per core) family 6 model 142 stepping 9 microcode 0xec, cx8, cmov, fxsr, ht, mmx, 3dnowpref, sse, sse2, sse3, ssse3, sse4.1, sse4.2, popcnt, lzcnt, tsc, tscinvbit, avx, avx2, aes, erms, clmul, bmi1, bmi2, rtm, adx, fma, vzeroupper, clflush, clflushopt, hv

Memory: 4k page, system-wide physical 8067M (332M free)
TotalPageFile size 32603M (AvailPageFile size 91M)
current process WorkingSet (physical memory assigned to process): 915M, peak: 915M
current process commit charge ("private bytes"): 1371M, peak: 1899M

vm_info: Java HotSpot(TM) 64-Bit Server VM (17+35-LTS-2724) for windows-amd64 JRE (17+35-LTS-2724), built on Aug  5 2021 23:28:28 by "mach5one" with MS VC++ 16.8 (VS2019)

END.
