#
# There is insufficient memory for the Java Runtime Environment to continue.
# Native memory allocation (mmap) failed to map 926941184 bytes for G1 virtual space
# Possible reasons:
#   The system is out of physical RAM or swap space
#   The process is running with CompressedOops enabled, and the Java Heap may be blocking the growth of the native heap
# Possible solutions:
#   Reduce memory load on the system
#   Increase physical memory or swap space
#   Check if swap backing store is full
#   Decrease Java heap size (-Xmx/-Xms)
#   Decrease number of Java threads
#   Decrease Java thread stack sizes (-Xss)
#   Set larger code cache with -XX:ReservedCodeCacheSize=
#   JVM is running with Zero Based Compressed Oops mode in which the Java heap is
#     placed in the first 32GB address space. The Java Heap base address is the
#     maximum limit for the native heap growth. Please use -XX:HeapBaseMinAddress
#     to set the Java Heap base and to place the Java Heap above 32GB virtual address.
# This output file may be truncated or incomplete.
#
#  Out of Memory Error (os_windows.cpp:3469), pid=20592, tid=20624
#
# JRE version: Java(TM) SE Runtime Environment (17.0+35) (build 17+35-LTS-2724)
# Java VM: Java HotSpot(TM) 64-Bit Server VM (17+35-LTS-2724, mixed mode, sharing, tiered, compressed oops, compressed class ptrs, g1 gc, windows-amd64)
# No core dump will be written. Minidumps are not enabled by default on client versions of Windows
#

---------------  S U M M A R Y ------------

Command Line: -XX:MaxMetaspaceSize=512m --add-opens=java.base/java.util=ALL-UNNAMED --add-opens=java.base/java.lang=ALL-UNNAMED --add-opens=java.base/java.lang.invoke=ALL-UNNAMED --add-opens=java.prefs/java.util.prefs=ALL-UNNAMED --add-opens=java.base/java.nio.charset=ALL-UNNAMED --add-opens=java.base/java.net=ALL-UNNAMED --add-opens=java.base/java.util.concurrent.atomic=ALL-UNNAMED -Xmx2048m -Dfile.encoding=windows-1252 -Duser.country=US -Duser.language=en -Duser.variant -javaagent:C:\Users\hp\.gradle\wrapper\dists\gradle-8.6-all\3mbtmo166bl6vumsh5k2lkq5h\gradle-8.6\lib\agents\gradle-instrumentation-agent-8.6.jar -Xmx4608m org.gradle.launcher.daemon.bootstrap.GradleDaemon 8.6

Host: Intel(R) Core(TM) i5-7Y57 CPU @ 1.20GHz, 4 cores, 7G,  Windows 10 , 64 bit Build 19041 (10.0.19041.3636)
Time: Tue May 21 12:53:10 2024 Egypt Daylight Time elapsed time: 2558.600331 seconds (0d 0h 42m 38s)

---------------  T H R E A D  ---------------

Current thread (0x000001e8ff9e4fc0):  VMThread "VM Thread" [stack: 0x00000005b7e00000,0x00000005b7f00000] [id=20624]

Stack: [0x00000005b7e00000,0x00000005b7f00000]
Native frames: (J=compiled Java code, j=interpreted, Vv=VM code, C=native code)
V  [jvm.dll+0x66f8ea]
V  [jvm.dll+0x7ce224]
V  [jvm.dll+0x7cf9ce]
V  [jvm.dll+0x7d0033]
V  [jvm.dll+0x242bb5]
V  [jvm.dll+0x66c909]
V  [jvm.dll+0x6613d2]
V  [jvm.dll+0x30082b]
V  [jvm.dll+0x307db6]
V  [jvm.dll+0x357a0e]
V  [jvm.dll+0x357c3f]
V  [jvm.dll+0x2d7ae8]
V  [jvm.dll+0x2d5db4]
V  [jvm.dll+0x2d53bc]
V  [jvm.dll+0x318d1b]
V  [jvm.dll+0x7d44cb]
V  [jvm.dll+0x7d5204]
V  [jvm.dll+0x7d571c]
V  [jvm.dll+0x7d5af4]
V  [jvm.dll+0x7d5bc0]
V  [jvm.dll+0x77e7ea]
V  [jvm.dll+0x66e715]
C  [ucrtbase.dll+0x21bb2]
C  [KERNEL32.DLL+0x17344]
C  [ntdll.dll+0x526b1]

VM_Operation (0x00000005b91f9050): G1CollectForAllocation, mode: safepoint, requested by thread 0x000001e8ad9abbe0


---------------  P R O C E S S  ---------------

Threads class SMR info:
_java_thread_list=0x000001e8a92ce670, length=83, elements={
0x000001e8fb9b6230, 0x000001e8ff9eaa30, 0x000001e8ff9ebf50, 0x000001e8ff9fd640,
0x000001e8ff9ff110, 0x000001e8ffa039f0, 0x000001e8ffa042b0, 0x000001e8ffa04f50,
0x000001e8ffa07910, 0x000001e8ffa6a0a0, 0x000001e8ffaae200, 0x000001e8a0228960,
0x000001e8a0e2f9c0, 0x000001e8a1b94040, 0x000001e8a1d40130, 0x000001e8a0e534a0,
0x000001e8a0e52b00, 0x000001e8a0e52fd0, 0x000001e8a27c9210, 0x000001e8a27caef0,
0x000001e8a27cb3c0, 0x000001e8a27ce3e0, 0x000001e8a27cc230, 0x000001e8a27cda40,
0x000001e8a27ce8b0, 0x000001e8a2a18960, 0x000001e8ad9ae730, 0x000001e8ad9afa70,
0x000001e8ad9ad3f0, 0x000001e8ad9b20f0, 0x000001e8ad9b1750, 0x000001e8ad9abbe0,
0x000001e8ad9ad8c0, 0x000001e8ad9b1c20, 0x000001e8ad9add90, 0x000001e8ad9ab240,
0x000001e8ad9aca50, 0x000001e8ab1bc2c0, 0x000001e8ab1c0150, 0x000001e8ab1c0fc0,
0x000001e8ab1be940, 0x000001e8ab1bcc60, 0x000001e8ab1c0af0, 0x000001e8ab1baf80,
0x000001e8ab1bee10, 0x000001e8ab1bd600, 0x000001e8ab1bdad0, 0x000001e8ab1c1490,
0x000001e8ab1c1960, 0x000001e8ab1ba110, 0x000001e8ab1bdfa0, 0x000001e8ab1be470,
0x000001e8ab1bfc80, 0x000001e8a5e8b3e0, 0x000001e8a5e87080, 0x000001e8a5e87ef0,
0x000001e8a5e8a0a0, 0x000001e8a5e87550, 0x000001e8a5e866e0, 0x000001e8a5e88890,
0x000001e8a5e8a570, 0x000001e8a5e84060, 0x000001e8a5e84ed0, 0x000001e8a5e88d60,
0x000001e8a5e84530, 0x000001e8a5e84a00, 0x000001e8a5e86bb0, 0x000001e8ad3416e0,
0x000001e8a5e89230, 0x000001e8a5e89700, 0x000001e8a2a17af0, 0x000001e8a2a19300,
0x000001e8a2a14fa0, 0x000001e8a2a15470, 0x000001e8a2a197d0, 0x000001e8a2a13790,
0x000001e8a2a11f80, 0x000001e8a2a15940, 0x000001e8a2a15e10, 0x000001e8a2a162e0,
0x000001e8a2a167b0, 0x000001e8a2a17150, 0x000001e8a2a16c80
}

Java Threads: ( => current thread )
  0x000001e8fb9b6230 JavaThread "main" [_thread_blocked, id=7616, stack(0x00000005b7400000,0x00000005b7500000)]
  0x000001e8ff9eaa30 JavaThread "Reference Handler" daemon [_thread_blocked, id=15132, stack(0x00000005b7f00000,0x00000005b8000000)]
  0x000001e8ff9ebf50 JavaThread "Finalizer" daemon [_thread_blocked, id=16348, stack(0x00000005b8000000,0x00000005b8100000)]
  0x000001e8ff9fd640 JavaThread "Signal Dispatcher" daemon [_thread_blocked, id=19556, stack(0x00000005b8100000,0x00000005b8200000)]
  0x000001e8ff9ff110 JavaThread "Attach Listener" daemon [_thread_blocked, id=8716, stack(0x00000005b8200000,0x00000005b8300000)]
  0x000001e8ffa039f0 JavaThread "Service Thread" daemon [_thread_blocked, id=20100, stack(0x00000005b8300000,0x00000005b8400000)]
  0x000001e8ffa042b0 JavaThread "Monitor Deflation Thread" daemon [_thread_blocked, id=20948, stack(0x00000005b8400000,0x00000005b8500000)]
  0x000001e8ffa04f50 JavaThread "C2 CompilerThread0" daemon [_thread_blocked, id=13192, stack(0x00000005b8500000,0x00000005b8600000)]
  0x000001e8ffa07910 JavaThread "C1 CompilerThread0" daemon [_thread_blocked, id=7220, stack(0x00000005b8600000,0x00000005b8700000)]
  0x000001e8ffa6a0a0 JavaThread "Sweeper thread" daemon [_thread_blocked, id=2092, stack(0x00000005b8700000,0x00000005b8800000)]
  0x000001e8ffaae200 JavaThread "Common-Cleaner" daemon [_thread_blocked, id=20224, stack(0x00000005b8800000,0x00000005b8900000)]
  0x000001e8a0228960 JavaThread "Notification Thread" daemon [_thread_blocked, id=20160, stack(0x00000005b8900000,0x00000005b8a00000)]
  0x000001e8a0e2f9c0 JavaThread "Daemon health stats" [_thread_blocked, id=19056, stack(0x00000005b8e00000,0x00000005b8f00000)]
  0x000001e8a1b94040 JavaThread "Incoming local TCP Connector on port 58835" [_thread_in_native, id=19380, stack(0x00000005b8f00000,0x00000005b9000000)]
  0x000001e8a1d40130 JavaThread "Daemon periodic checks" [_thread_blocked, id=23228, stack(0x00000005b9000000,0x00000005b9100000)]
  0x000001e8a0e534a0 JavaThread "Cache worker for journal cache (C:\Users\hp\.gradle\caches\journal-1)" [_thread_blocked, id=18172, stack(0x00000005b9800000,0x00000005b9900000)]
  0x000001e8a0e52b00 JavaThread "File lock request listener" [_thread_in_native, id=23096, stack(0x00000005b9900000,0x00000005b9a00000)]
  0x000001e8a0e52fd0 JavaThread "Cache worker for file hash cache (C:\Users\hp\.gradle\caches\8.6\fileHashes)" [_thread_blocked, id=18556, stack(0x00000005b9a00000,0x00000005b9b00000)]
  0x000001e8a27c9210 JavaThread "File watcher server" daemon [_thread_blocked, id=23480, stack(0x00000005b9c00000,0x00000005b9d00000)]
  0x000001e8a27caef0 JavaThread "File watcher consumer" daemon [_thread_blocked, id=12748, stack(0x00000005b9d00000,0x00000005b9e00000)]
  0x000001e8a27cb3c0 JavaThread "Cache worker for file content cache (C:\Users\hp\.gradle\caches\8.6\fileContent)" [_thread_blocked, id=21304, stack(0x00000005ba200000,0x00000005ba300000)]
  0x000001e8a27ce3e0 JavaThread "jar transforms" [_thread_blocked, id=21340, stack(0x00000005ba500000,0x00000005ba600000)]
  0x000001e8a27cc230 JavaThread "jar transforms Thread 2" [_thread_blocked, id=10756, stack(0x00000005ba600000,0x00000005ba700000)]
  0x000001e8a27cda40 JavaThread "jar transforms Thread 3" [_thread_blocked, id=2248, stack(0x00000005ba700000,0x00000005ba800000)]
  0x000001e8a27ce8b0 JavaThread "jar transforms Thread 4" [_thread_blocked, id=14636, stack(0x00000005ba800000,0x00000005ba900000)]
  0x000001e8a2a18960 JavaThread "Memory manager" [_thread_blocked, id=18176, stack(0x00000005bb100000,0x00000005bb200000)]
  0x000001e8ad9ae730 JavaThread "Monitor" [_thread_in_native, id=17848, stack(0x00000005ba900000,0x00000005baa00000)]
  0x000001e8ad9afa70 JavaThread "Device List Monitor" [_thread_in_native, id=21372, stack(0x00000005baa00000,0x00000005bab00000)]
  0x000001e8ad9ad3f0 JavaThread "Daemon Thread 2" [_thread_blocked, id=11248, stack(0x00000005b7600000,0x00000005b7700000)]
  0x000001e8ad9b20f0 JavaThread "Handler for socket connection from /127.0.0.1:58835 to /127.0.0.1:59573" [_thread_in_native, id=21588, stack(0x00000005b7700000,0x00000005b7800000)]
  0x000001e8ad9b1750 JavaThread "Cancel handler" [_thread_blocked, id=18232, stack(0x00000005b7800000,0x00000005b7900000)]
  0x000001e8ad9abbe0 JavaThread "Daemon worker Thread 2" [_thread_blocked, id=2584, stack(0x00000005b9100000,0x00000005b9200000)]
  0x000001e8ad9ad8c0 JavaThread "Asynchronous log dispatcher for DefaultDaemonConnection: socket connection from /127.0.0.1:58835 to /127.0.0.1:59573" [_thread_blocked, id=12016, stack(0x00000005b9200000,0x00000005b9300000)]
  0x000001e8ad9b1c20 JavaThread "Stdin handler" [_thread_blocked, id=23520, stack(0x00000005b9300000,0x00000005b9400000)]
  0x000001e8ad9add90 JavaThread "Daemon client event forwarder" [_thread_blocked, id=1284, stack(0x00000005b9400000,0x00000005b9500000)]
  0x000001e8ad9ab240 JavaThread "Cache worker for checksums cache (D:\project\ttsLearning\tts\android\.gradle\8.6\checksums)" [_thread_blocked, id=22244, stack(0x00000005b9500000,0x00000005b9600000)]
  0x000001e8ad9aca50 JavaThread "Cache worker for file hash cache (D:\project\ttsLearning\tts\android\.gradle\8.6\fileHashes)" [_thread_blocked, id=6676, stack(0x00000005b9600000,0x00000005b9700000)]
  0x000001e8ab1bc2c0 JavaThread "Cache worker for cache directory md-supplier (C:\Users\hp\.gradle\caches\8.6\md-supplier)" [_thread_blocked, id=11012, stack(0x00000005b9700000,0x00000005b9800000)]
  0x000001e8ab1c0150 JavaThread "Cache worker for cache directory md-rule (C:\Users\hp\.gradle\caches\8.6\md-rule)" [_thread_blocked, id=9560, stack(0x00000005b9b00000,0x00000005b9c00000)]
  0x000001e8ab1c0fc0 JavaThread "Exec process Thread 4" [_thread_blocked, id=21576, stack(0x00000005b9e00000,0x00000005b9f00000)]
  0x000001e8ab1be940 JavaThread "Exec process Thread 5" [_thread_blocked, id=16516, stack(0x00000005b9f00000,0x00000005ba000000)]
  0x000001e8ab1bcc60 JavaThread "Exec process Thread 6" [_thread_blocked, id=3328, stack(0x00000005ba000000,0x00000005ba100000)]
  0x000001e8ab1c0af0 JavaThread "Unconstrained build operations" [_thread_blocked, id=1216, stack(0x00000005ba100000,0x00000005ba200000)]
  0x000001e8ab1baf80 JavaThread "Unconstrained build operations Thread 2" [_thread_blocked, id=8500, stack(0x00000005bab00000,0x00000005bac00000)]
  0x000001e8ab1bee10 JavaThread "Cache worker for Build Output Cleanup Cache (D:\project\ttsLearning\tts\node_modules\@react-native\gradle-plugin\.gradle\buildOutputCleanup)" [_thread_blocked, id=13568, stack(0x00000005bad00000,0x00000005bae00000)]
  0x000001e8ab1bd600 JavaThread "Unconstrained build operations Thread 3" [_thread_blocked, id=15600, stack(0x00000005bae00000,0x00000005baf00000)]
  0x000001e8ab1bdad0 JavaThread "Unconstrained build operations Thread 4" [_thread_blocked, id=12752, stack(0x00000005baf00000,0x00000005bb000000)]
  0x000001e8ab1c1490 JavaThread "Unconstrained build operations Thread 5" [_thread_blocked, id=20168, stack(0x00000005bb000000,0x00000005bb100000)]
  0x000001e8ab1c1960 JavaThread "build event listener" [_thread_blocked, id=19344, stack(0x00000005bb200000,0x00000005bb300000)]
  0x000001e8ab1ba110 JavaThread "Cache worker for Build Output Cleanup Cache (D:\project\ttsLearning\tts\android\.gradle\buildOutputCleanup)" [_thread_blocked, id=22676, stack(0x00000005bb300000,0x00000005bb400000)]
  0x000001e8ab1bdfa0 JavaThread "ForkJoinPool.commonPool-worker-4" daemon [_thread_blocked, id=22260, stack(0x00000005bb400000,0x00000005bb500000)]
  0x000001e8ab1be470 JavaThread "ForkJoinPool.commonPool-worker-5" daemon [_thread_blocked, id=8984, stack(0x00000005bb500000,0x00000005bb600000)]
  0x000001e8ab1bfc80 JavaThread "ForkJoinPool.commonPool-worker-6" daemon [_thread_blocked, id=13036, stack(0x00000005bb600000,0x00000005bb700000)]
  0x000001e8a5e8b3e0 JavaThread "included builds" [_thread_blocked, id=16192, stack(0x00000005bac00000,0x00000005bad00000)]
  0x000001e8a5e87080 JavaThread "Execution worker" [_thread_blocked, id=7152, stack(0x00000005bb700000,0x00000005bb800000)]
  0x000001e8a5e87ef0 JavaThread "Execution worker Thread 2" [_thread_blocked, id=5360, stack(0x00000005bb800000,0x00000005bb900000)]
  0x000001e8a5e8a0a0 JavaThread "Execution worker Thread 3" [_thread_blocked, id=17644, stack(0x00000005bb900000,0x00000005bba00000)]
  0x000001e8a5e87550 JavaThread "Cache worker for execution history cache (D:\project\ttsLearning\tts\node_modules\@react-native\gradle-plugin\.gradle\8.6\executionHistory)" [_thread_blocked, id=18136, stack(0x00000005bba00000,0x00000005bbb00000)]
  0x000001e8a5e866e0 JavaThread "Unconstrained build operations Thread 6" [_thread_blocked, id=14880, stack(0x00000005bbc00000,0x00000005bbd00000)]
  0x000001e8a5e88890 JavaThread "Unconstrained build operations Thread 7" [_thread_blocked, id=20256, stack(0x00000005bbd00000,0x00000005bbe00000)]
  0x000001e8a5e8a570 JavaThread "Unconstrained build operations Thread 8" [_thread_blocked, id=7512, stack(0x00000005bbe00000,0x00000005bbf00000)]
  0x000001e8a5e84060 JavaThread "Unconstrained build operations Thread 9" [_thread_blocked, id=22872, stack(0x00000005bbf00000,0x00000005bc000000)]
  0x000001e8a5e84ed0 JavaThread "Unconstrained build operations Thread 10" [_thread_blocked, id=9980, stack(0x00000005bc000000,0x00000005bc100000)]
  0x000001e8a5e88d60 JavaThread "Unconstrained build operations Thread 11" [_thread_blocked, id=1772, stack(0x00000005bc100000,0x00000005bc200000)]
  0x000001e8a5e84530 JavaThread "Unconstrained build operations Thread 12" [_thread_blocked, id=12764, stack(0x00000005bc200000,0x00000005bc300000)]
  0x000001e8a5e84a00 JavaThread "Unconstrained build operations Thread 13" [_thread_blocked, id=1228, stack(0x00000005bc300000,0x00000005bc400000)]
  0x000001e8a5e86bb0 JavaThread "build event listener" [_thread_blocked, id=1912, stack(0x00000005bc400000,0x00000005bc500000)]
  0x000001e8ad3416e0 JavaThread "C2 CompilerThread1" daemon [_thread_blocked, id=19604, stack(0x00000005bbb00000,0x00000005bbc00000)]
  0x000001e8a5e89230 JavaThread "Unconstrained build operations Thread 14" [_thread_blocked, id=21132, stack(0x00000005bc500000,0x00000005bc600000)]
  0x000001e8a5e89700 JavaThread "Unconstrained build operations Thread 15" [_thread_blocked, id=5248, stack(0x00000005bc600000,0x00000005bc700000)]
  0x000001e8a2a17af0 JavaThread "Unconstrained build operations Thread 16" [_thread_blocked, id=6316, stack(0x00000005bc700000,0x00000005bc800000)]
  0x000001e8a2a19300 JavaThread "Unconstrained build operations Thread 17" [_thread_blocked, id=16648, stack(0x00000005bc800000,0x00000005bc900000)]
  0x000001e8a2a14fa0 JavaThread "Unconstrained build operations Thread 18" [_thread_blocked, id=5832, stack(0x00000005bc900000,0x00000005bca00000)]
  0x000001e8a2a15470 JavaThread "Unconstrained build operations Thread 19" [_thread_blocked, id=22896, stack(0x00000005bca00000,0x00000005bcb00000)]
  0x000001e8a2a197d0 JavaThread "Unconstrained build operations Thread 20" [_thread_blocked, id=22564, stack(0x00000005bcb00000,0x00000005bcc00000)]
  0x000001e8a2a13790 JavaThread "Unconstrained build operations Thread 21" [_thread_blocked, id=17148, stack(0x00000005bcc00000,0x00000005bcd00000)]
  0x000001e8a2a11f80 JavaThread "Unconstrained build operations Thread 22" [_thread_blocked, id=23468, stack(0x00000005bcd00000,0x00000005bce00000)]
  0x000001e8a2a15940 JavaThread "Unconstrained build operations Thread 23" [_thread_blocked, id=19472, stack(0x00000005bce00000,0x00000005bcf00000)]
  0x000001e8a2a15e10 JavaThread "Unconstrained build operations Thread 24" [_thread_blocked, id=20516, stack(0x00000005bcf00000,0x00000005bd000000)]
  0x000001e8a2a162e0 JavaThread "Unconstrained build operations Thread 25" [_thread_blocked, id=20836, stack(0x00000005bd000000,0x00000005bd100000)]
  0x000001e8a2a167b0 JavaThread "Unconstrained build operations Thread 26" [_thread_blocked, id=22788, stack(0x00000005bd100000,0x00000005bd200000)]
  0x000001e8a2a17150 JavaThread "Unconstrained build operations Thread 27" [_thread_blocked, id=5292, stack(0x00000005bd200000,0x00000005bd300000)]
  0x000001e8a2a16c80 JavaThread "Unconstrained build operations Thread 28" [_thread_blocked, id=21320, stack(0x00000005bd300000,0x00000005bd400000)]

Other Threads:
=>0x000001e8ff9e4fc0 VMThread "VM Thread" [stack: 0x00000005b7e00000,0x00000005b7f00000] [id=20624]
  0x000001e8a0267dc0 WatcherThread [stack: 0x00000005b8a00000,0x00000005b8b00000] [id=20980]
  0x000001e8fba13e30 GCTaskThread "GC Thread#0" [stack: 0x00000005b7500000,0x00000005b7600000] [id=23308]
  0x000001e8a02dad60 GCTaskThread "GC Thread#1" [stack: 0x00000005b8b00000,0x00000005b8c00000] [id=19804]
  0x000001e8a02eda10 GCTaskThread "GC Thread#2" [stack: 0x00000005b8c00000,0x00000005b8d00000] [id=9152]
  0x000001e8a0c21530 GCTaskThread "GC Thread#3" [stack: 0x00000005b8d00000,0x00000005b8e00000] [id=21252]
  0x000001e8fba1dc80 ConcurrentGCThread "G1 Main Marker" [stack: 0x00000005b7a00000,0x00000005b7b00000] [id=2916]
  0x000001e8fba1e5a0 ConcurrentGCThread "G1 Conc#0" [stack: 0x00000005b7b00000,0x00000005b7c00000] [id=23100]
  0x000001e8fba73540 ConcurrentGCThread "G1 Refine#0" [stack: 0x00000005b7c00000,0x00000005b7d00000] [id=22736]
  0x000001e8a1aa5160 ConcurrentGCThread "G1 Refine#1" [stack: 0x00000005ba300000,0x00000005ba400000] [id=3532]
  0x000001e8a1aa5a00 ConcurrentGCThread "G1 Refine#2" [stack: 0x00000005ba400000,0x00000005ba500000] [id=13880]
  0x000001e8a26ef020 ConcurrentGCThread "G1 Refine#3" [stack: 0x00000005be900000,0x00000005bea00000] [id=8908]
  0x000001e8fba73e70 ConcurrentGCThread "G1 Service" [stack: 0x00000005b7d00000,0x00000005b7e00000] [id=22408]

Threads with active compile tasks:
C2 CompilerThread0  2558723 24164       4       org.gradle.api.internal.artifacts.ivyservice.resolveengine.graph.builder.DependencyGraphBuilder::checkForModuleConflicts (42 bytes)
C1 CompilerThread0  2558723 24210       1       org.gradle.api.internal.artifacts.ivyservice.resolutionstrategy.DefaultResolutionStrategy::isFailingOnChangingVersions (5 bytes)
C2 CompilerThread1  2558723 24088       4       org.gradle.api.internal.artifacts.ivyservice.resolveengine.graph.builder.NodeState::visitOutgoingDependencies (159 bytes)

VM state: at safepoint (normal execution)

VM Mutex/Monitor currently owned by a thread:  ([mutex/lock_event])
[0x000001e8fb9b2060] Threads_lock - owner thread: 0x000001e8ff9e4fc0
[0x000001e8fb9b3140] Heap_lock - owner thread: 0x000001e8ad9abbe0

Heap address: 0x00000006e0000000, size: 4608 MB, Compressed Oops mode: Zero based, Oop shift amount: 3

CDS archive(s) mapped at: [0x0000000800000000-0x0000000800bc0000-0x0000000800bc0000), size 12320768, SharedBaseAddress: 0x0000000800000000, ArchiveRelocationMode: 0.
Compressed class space mapped at: 0x0000000800c00000-0x000000081a800000, reserved size: 432013312
Narrow klass base: 0x0000000800000000, Narrow klass shift: 0, Narrow klass range: 0x100000000

GC Precious Log:
 CPUs: 4 total, 4 available
 Memory: 8067M
 Large Page Support: Disabled
 NUMA Support: Disabled
 Compressed Oops: Enabled (Zero based)
 Heap Region Size: 4M
 Heap Min Capacity: 8M
 Heap Initial Capacity: 128M
 Heap Max Capacity: 4608M
 Pre-touch: Disabled
 Parallel Workers: 4
 Concurrent Workers: 1
 Concurrent Refinement Workers: 4
 Periodic GC: Disabled

Heap:
 garbage-first heap   total 827392K, used 422639K [0x00000006e0000000, 0x0000000800000000)
  region size 4096K, 3 young (12288K), 3 survivors (12288K)
 Metaspace       used 123399K, committed 124928K, reserved 536576K
  class space    used 17033K, committed 17792K, reserved 421888K

Heap Regions: E=young(eden), S=young(survivor), O=old, HS=humongous(starts), HC=humongous(continues), CS=collection set, F=free, OA=open archive, CA=closed archive, TAMS=top-at-mark-start (previous, next)
|   0|0x00000006e0000000, 0x00000006e0400000, 0x00000006e0400000|100%|HS|  |TAMS 0x00000006e0400000, 0x00000006e0000000| Complete 
|   1|0x00000006e0400000, 0x00000006e0800000, 0x00000006e0800000|100%| O|  |TAMS 0x00000006e0800000, 0x00000006e0400000| Untracked 
|   2|0x00000006e0800000, 0x00000006e0c00000, 0x00000006e0c00000|100%| O|  |TAMS 0x00000006e0c00000, 0x00000006e0800000| Untracked 
|   3|0x00000006e0c00000, 0x00000006e1000000, 0x00000006e1000000|100%| O|  |TAMS 0x00000006e1000000, 0x00000006e0c00000| Untracked 
|   4|0x00000006e1000000, 0x00000006e1400000, 0x00000006e1400000|100%| O|  |TAMS 0x00000006e1400000, 0x00000006e1000000| Untracked 
|   5|0x00000006e1400000, 0x00000006e1800000, 0x00000006e1800000|100%| O|  |TAMS 0x00000006e1800000, 0x00000006e1400000| Untracked 
|   6|0x00000006e1800000, 0x00000006e1c00000, 0x00000006e1c00000|100%| O|  |TAMS 0x00000006e1c00000, 0x00000006e1800000| Untracked 
|   7|0x00000006e1c00000, 0x00000006e2000000, 0x00000006e2000000|100%| O|  |TAMS 0x00000006e2000000, 0x00000006e1c00000| Untracked 
|   8|0x00000006e2000000, 0x00000006e2400000, 0x00000006e2400000|100%| O|  |TAMS 0x00000006e2400000, 0x00000006e2000000| Untracked 
|   9|0x00000006e2400000, 0x00000006e2800000, 0x00000006e2800000|100%|HS|  |TAMS 0x00000006e2800000, 0x00000006e2400000| Complete 
|  10|0x00000006e2800000, 0x00000006e2c00000, 0x00000006e2c00000|100%|HS|  |TAMS 0x00000006e2c00000, 0x00000006e2800000| Complete 
|  11|0x00000006e2c00000, 0x00000006e3000000, 0x00000006e3000000|100%| O|  |TAMS 0x00000006e3000000, 0x00000006e2c00000| Untracked 
|  12|0x00000006e3000000, 0x00000006e3400000, 0x00000006e3400000|100%| O|  |TAMS 0x00000006e3400000, 0x00000006e3000000| Untracked 
|  13|0x00000006e3400000, 0x00000006e3800000, 0x00000006e3800000|100%| O|  |TAMS 0x00000006e3800000, 0x00000006e3400000| Untracked 
|  14|0x00000006e3800000, 0x00000006e3c00000, 0x00000006e3c00000|100%| O|  |TAMS 0x00000006e3c00000, 0x00000006e3800000| Untracked 
|  15|0x00000006e3c00000, 0x00000006e4000000, 0x00000006e4000000|100%| O|  |TAMS 0x00000006e4000000, 0x00000006e3c00000| Untracked 
|  16|0x00000006e4000000, 0x00000006e4400000, 0x00000006e4400000|100%| O|  |TAMS 0x00000006e4400000, 0x00000006e4000000| Untracked 
|  17|0x00000006e4400000, 0x00000006e4800000, 0x00000006e4800000|100%| O|  |TAMS 0x00000006e4800000, 0x00000006e4400000| Untracked 
|  18|0x00000006e4800000, 0x00000006e4c00000, 0x00000006e4c00000|100%| O|  |TAMS 0x00000006e4c00000, 0x00000006e4800000| Untracked 
|  19|0x00000006e4c00000, 0x00000006e5000000, 0x00000006e5000000|100%| O|  |TAMS 0x00000006e5000000, 0x00000006e4c00000| Untracked 
|  20|0x00000006e5000000, 0x00000006e5400000, 0x00000006e5400000|100%| O|  |TAMS 0x00000006e5400000, 0x00000006e5000000| Untracked 
|  21|0x00000006e5400000, 0x00000006e5800000, 0x00000006e5800000|100%| O|  |TAMS 0x00000006e5800000, 0x00000006e5400000| Untracked 
|  22|0x00000006e5800000, 0x00000006e5c00000, 0x00000006e5c00000|100%| O|  |TAMS 0x00000006e5c00000, 0x00000006e5800000| Untracked 
|  23|0x00000006e5c00000, 0x00000006e6000000, 0x00000006e6000000|100%| O|  |TAMS 0x00000006e6000000, 0x00000006e5c00000| Untracked 
|  24|0x00000006e6000000, 0x00000006e6400000, 0x00000006e6400000|100%| O|  |TAMS 0x00000006e6400000, 0x00000006e6000000| Untracked 
|  25|0x00000006e6400000, 0x00000006e6800000, 0x00000006e6800000|100%| O|  |TAMS 0x00000006e6800000, 0x00000006e6400000| Untracked 
|  26|0x00000006e6800000, 0x00000006e6c00000, 0x00000006e6c00000|100%| O|  |TAMS 0x00000006e6c00000, 0x00000006e6800000| Untracked 
|  27|0x00000006e6c00000, 0x00000006e7000000, 0x00000006e7000000|100%| O|  |TAMS 0x00000006e7000000, 0x00000006e6c00000| Untracked 
|  28|0x00000006e7000000, 0x00000006e7400000, 0x00000006e7400000|100%| O|  |TAMS 0x00000006e7400000, 0x00000006e7000000| Untracked 
|  29|0x00000006e7400000, 0x00000006e7800000, 0x00000006e7800000|100%| O|  |TAMS 0x00000006e7800000, 0x00000006e7400000| Untracked 
|  30|0x00000006e7800000, 0x00000006e7c00000, 0x00000006e7c00000|100%| O|  |TAMS 0x00000006e7c00000, 0x00000006e7800000| Untracked 
|  31|0x00000006e7c00000, 0x00000006e8000000, 0x00000006e8000000|100%| O|  |TAMS 0x00000006e8000000, 0x00000006e7c00000| Untracked 
|  32|0x00000006e8000000, 0x00000006e8400000, 0x00000006e8400000|100%| O|  |TAMS 0x00000006e8400000, 0x00000006e8000000| Untracked 
|  33|0x00000006e8400000, 0x00000006e8800000, 0x00000006e8800000|100%| O|  |TAMS 0x00000006e8800000, 0x00000006e8400000| Untracked 
|  34|0x00000006e8800000, 0x00000006e8c00000, 0x00000006e8c00000|100%| O|  |TAMS 0x00000006e8c00000, 0x00000006e8800000| Untracked 
|  35|0x00000006e8c00000, 0x00000006e9000000, 0x00000006e9000000|100%| O|  |TAMS 0x00000006e9000000, 0x00000006e8c00000| Untracked 
|  36|0x00000006e9000000, 0x00000006e9400000, 0x00000006e9400000|100%| O|  |TAMS 0x00000006e9400000, 0x00000006e9000000| Untracked 
|  37|0x00000006e9400000, 0x00000006e9800000, 0x00000006e9800000|100%| O|  |TAMS 0x00000006e964be00, 0x00000006e9400000| Untracked 
|  38|0x00000006e9800000, 0x00000006e9c00000, 0x00000006e9c00000|100%| O|  |TAMS 0x00000006e9800000, 0x00000006e9800000| Untracked 
|  39|0x00000006e9c00000, 0x00000006ea000000, 0x00000006ea000000|100%| O|  |TAMS 0x00000006e9c00000, 0x00000006e9c00000| Untracked 
|  40|0x00000006ea000000, 0x00000006ea400000, 0x00000006ea400000|100%| O|  |TAMS 0x00000006ea000000, 0x00000006ea000000| Untracked 
|  41|0x00000006ea400000, 0x00000006ea800000, 0x00000006ea800000|100%| O|  |TAMS 0x00000006ea400000, 0x00000006ea400000| Untracked 
|  42|0x00000006ea800000, 0x00000006eac00000, 0x00000006eac00000|100%| O|  |TAMS 0x00000006ea800000, 0x00000006ea800000| Untracked 
|  43|0x00000006eac00000, 0x00000006eb000000, 0x00000006eb000000|100%| O|  |TAMS 0x00000006eac00000, 0x00000006eac00000| Untracked 
|  44|0x00000006eb000000, 0x00000006eb400000, 0x00000006eb400000|100%| O|  |TAMS 0x00000006eb000000, 0x00000006eb000000| Untracked 
|  45|0x00000006eb400000, 0x00000006eb800000, 0x00000006eb800000|100%|HS|  |TAMS 0x00000006eb400000, 0x00000006eb400000| Complete 
|  46|0x00000006eb800000, 0x00000006ebc00000, 0x00000006ebc00000|100%| O|  |TAMS 0x00000006eb800000, 0x00000006eb800000| Untracked 
|  47|0x00000006ebc00000, 0x00000006ec000000, 0x00000006ec000000|100%| O|  |TAMS 0x00000006ebc00000, 0x00000006ebc00000| Untracked 
|  48|0x00000006ec000000, 0x00000006ec400000, 0x00000006ec400000|100%| O|  |TAMS 0x00000006ec000000, 0x00000006ec000000| Untracked 
|  49|0x00000006ec400000, 0x00000006ec800000, 0x00000006ec800000|100%| O|  |TAMS 0x00000006ec400000, 0x00000006ec400000| Untracked 
|  50|0x00000006ec800000, 0x00000006ecc00000, 0x00000006ecc00000|100%| O|  |TAMS 0x00000006ec800000, 0x00000006ec800000| Untracked 
|  51|0x00000006ecc00000, 0x00000006ed000000, 0x00000006ed000000|100%|HS|  |TAMS 0x00000006ecc00000, 0x00000006ecc00000| Complete 
|  52|0x00000006ed000000, 0x00000006ed400000, 0x00000006ed400000|100%| O|  |TAMS 0x00000006ed000000, 0x00000006ed000000| Untracked 
|  53|0x00000006ed400000, 0x00000006ed800000, 0x00000006ed800000|100%| O|  |TAMS 0x00000006ed400000, 0x00000006ed400000| Untracked 
|  54|0x00000006ed800000, 0x00000006edc00000, 0x00000006edc00000|100%| O|  |TAMS 0x00000006ed800000, 0x00000006ed800000| Untracked 
|  55|0x00000006edc00000, 0x00000006ee000000, 0x00000006ee000000|100%| O|  |TAMS 0x00000006edc00000, 0x00000006edc00000| Untracked 
|  56|0x00000006ee000000, 0x00000006ee400000, 0x00000006ee400000|100%| O|  |TAMS 0x00000006ee000000, 0x00000006ee000000| Untracked 
|  57|0x00000006ee400000, 0x00000006ee800000, 0x00000006ee800000|100%| O|  |TAMS 0x00000006ee400000, 0x00000006ee400000| Untracked 
|  58|0x00000006ee800000, 0x00000006eec00000, 0x00000006eec00000|100%| O|  |TAMS 0x00000006ee800000, 0x00000006ee800000| Untracked 
|  59|0x00000006eec00000, 0x00000006ef000000, 0x00000006ef000000|100%| O|  |TAMS 0x00000006eec00000, 0x00000006eec00000| Untracked 
|  60|0x00000006ef000000, 0x00000006ef400000, 0x00000006ef400000|100%| O|  |TAMS 0x00000006ef000000, 0x00000006ef000000| Untracked 
|  61|0x00000006ef400000, 0x00000006ef800000, 0x00000006ef800000|100%| O|  |TAMS 0x00000006ef400000, 0x00000006ef400000| Untracked 
|  62|0x00000006ef800000, 0x00000006efc00000, 0x00000006efc00000|100%| O|  |TAMS 0x00000006ef800000, 0x00000006ef800000| Untracked 
|  63|0x00000006efc00000, 0x00000006f0000000, 0x00000006f0000000|100%| O|  |TAMS 0x00000006efc00000, 0x00000006efc00000| Untracked 
|  64|0x00000006f0000000, 0x00000006f0400000, 0x00000006f0400000|100%| O|  |TAMS 0x00000006f0000000, 0x00000006f0000000| Untracked 
|  65|0x00000006f0400000, 0x00000006f0800000, 0x00000006f0800000|100%| O|  |TAMS 0x00000006f0400000, 0x00000006f0400000| Untracked 
|  66|0x00000006f0800000, 0x00000006f0c00000, 0x00000006f0c00000|100%| O|  |TAMS 0x00000006f0800000, 0x00000006f0800000| Untracked 
|  67|0x00000006f0c00000, 0x00000006f1000000, 0x00000006f1000000|100%| O|  |TAMS 0x00000006f0c00000, 0x00000006f0c00000| Untracked 
|  68|0x00000006f1000000, 0x00000006f1400000, 0x00000006f1400000|100%| O|  |TAMS 0x00000006f1000000, 0x00000006f1000000| Untracked 
|  69|0x00000006f1400000, 0x00000006f1800000, 0x00000006f1800000|100%| O|  |TAMS 0x00000006f1400000, 0x00000006f1400000| Untracked 
|  70|0x00000006f1800000, 0x00000006f1c00000, 0x00000006f1c00000|100%| O|  |TAMS 0x00000006f1800000, 0x00000006f1800000| Untracked 
|  71|0x00000006f1c00000, 0x00000006f2000000, 0x00000006f2000000|100%| O|  |TAMS 0x00000006f1c00000, 0x00000006f1c00000| Untracked 
|  72|0x00000006f2000000, 0x00000006f2400000, 0x00000006f2400000|100%| O|  |TAMS 0x00000006f2000000, 0x00000006f2000000| Untracked 
|  73|0x00000006f2400000, 0x00000006f2800000, 0x00000006f2800000|100%| O|  |TAMS 0x00000006f2400000, 0x00000006f2400000| Untracked 
|  74|0x00000006f2800000, 0x00000006f2c00000, 0x00000006f2c00000|100%| O|  |TAMS 0x00000006f2800000, 0x00000006f2800000| Untracked 
|  75|0x00000006f2c00000, 0x00000006f3000000, 0x00000006f3000000|100%| O|  |TAMS 0x00000006f2c00000, 0x00000006f2c00000| Untracked 
|  76|0x00000006f3000000, 0x00000006f3400000, 0x00000006f3400000|100%| O|  |TAMS 0x00000006f3000000, 0x00000006f3000000| Untracked 
|  77|0x00000006f3400000, 0x00000006f3800000, 0x00000006f3800000|100%| O|  |TAMS 0x00000006f3400000, 0x00000006f3400000| Untracked 
|  78|0x00000006f3800000, 0x00000006f3c00000, 0x00000006f3c00000|100%| O|  |TAMS 0x00000006f3800000, 0x00000006f3800000| Untracked 
|  79|0x00000006f3c00000, 0x00000006f4000000, 0x00000006f4000000|100%| O|  |TAMS 0x00000006f3c00000, 0x00000006f3c00000| Untracked 
|  80|0x00000006f4000000, 0x00000006f4400000, 0x00000006f4400000|100%| O|  |TAMS 0x00000006f4000000, 0x00000006f4000000| Untracked 
|  81|0x00000006f4400000, 0x00000006f4800000, 0x00000006f4800000|100%| O|  |TAMS 0x00000006f4400000, 0x00000006f4400000| Untracked 
|  82|0x00000006f4800000, 0x00000006f4c00000, 0x00000006f4c00000|100%| O|  |TAMS 0x00000006f4800000, 0x00000006f4800000| Untracked 
|  83|0x00000006f4c00000, 0x00000006f5000000, 0x00000006f5000000|100%| O|  |TAMS 0x00000006f4c00000, 0x00000006f4c00000| Untracked 
|  84|0x00000006f5000000, 0x00000006f5400000, 0x00000006f5400000|100%| O|  |TAMS 0x00000006f5000000, 0x00000006f5000000| Untracked 
|  85|0x00000006f5400000, 0x00000006f5800000, 0x00000006f5800000|100%| O|  |TAMS 0x00000006f5400000, 0x00000006f5400000| Untracked 
|  86|0x00000006f5800000, 0x00000006f5c00000, 0x00000006f5c00000|100%| O|  |TAMS 0x00000006f5800000, 0x00000006f5800000| Untracked 
|  87|0x00000006f5c00000, 0x00000006f6000000, 0x00000006f6000000|100%| O|  |TAMS 0x00000006f5c00000, 0x00000006f5c00000| Untracked 
|  88|0x00000006f6000000, 0x00000006f6400000, 0x00000006f6400000|100%| O|  |TAMS 0x00000006f6000000, 0x00000006f6000000| Untracked 
|  89|0x00000006f6400000, 0x00000006f6800000, 0x00000006f6800000|100%| O|  |TAMS 0x00000006f6400000, 0x00000006f6400000| Untracked 
|  90|0x00000006f6800000, 0x00000006f6c00000, 0x00000006f6c00000|100%| O|  |TAMS 0x00000006f6800000, 0x00000006f6800000| Untracked 
|  91|0x00000006f6c00000, 0x00000006f7000000, 0x00000006f7000000|100%| O|  |TAMS 0x00000006f6c00000, 0x00000006f6c00000| Untracked 
|  92|0x00000006f7000000, 0x00000006f7400000, 0x00000006f7400000|100%| O|  |TAMS 0x00000006f7000000, 0x00000006f7000000| Untracked 
|  93|0x00000006f7400000, 0x00000006f7800000, 0x00000006f7800000|100%| O|  |TAMS 0x00000006f7400000, 0x00000006f7400000| Untracked 
|  94|0x00000006f7800000, 0x00000006f7c00000, 0x00000006f7c00000|100%| O|  |TAMS 0x00000006f7800000, 0x00000006f7800000| Untracked 
|  95|0x00000006f7c00000, 0x00000006f8000000, 0x00000006f8000000|100%| O|  |TAMS 0x00000006f7c00000, 0x00000006f7c00000| Untracked 
|  96|0x00000006f8000000, 0x00000006f8400000, 0x00000006f8400000|100%| O|  |TAMS 0x00000006f8000000, 0x00000006f8000000| Untracked 
|  97|0x00000006f8400000, 0x00000006f8800000, 0x00000006f8800000|100%| O|  |TAMS 0x00000006f8400000, 0x00000006f8400000| Untracked 
|  98|0x00000006f8800000, 0x00000006f8c00000, 0x00000006f8c00000|100%| O|  |TAMS 0x00000006f8800000, 0x00000006f8800000| Untracked 
|  99|0x00000006f8c00000, 0x00000006f9000000, 0x00000006f9000000|100%| O|  |TAMS 0x00000006f8c00000, 0x00000006f8c00000| Untracked 
| 100|0x00000006f9000000, 0x00000006f91a0e00, 0x00000006f9400000| 40%| O|  |TAMS 0x00000006f9000000, 0x00000006f9000000| Untracked 
| 101|0x00000006f9400000, 0x00000006f9400000, 0x00000006f9800000|  0%| F|  |TAMS 0x00000006f9400000, 0x00000006f9400000| Untracked 
| 102|0x00000006f9800000, 0x00000006f9800000, 0x00000006f9c00000|  0%| F|  |TAMS 0x00000006f9800000, 0x00000006f9800000| Untracked 
| 103|0x00000006f9c00000, 0x00000006f9c00000, 0x00000006fa000000|  0%| F|  |TAMS 0x00000006f9c00000, 0x00000006f9c00000| Untracked 
| 104|0x00000006fa000000, 0x00000006fa000000, 0x00000006fa400000|  0%| F|  |TAMS 0x00000006fa000000, 0x00000006fa000000| Untracked 
| 105|0x00000006fa400000, 0x00000006fa400000, 0x00000006fa800000|  0%| F|  |TAMS 0x00000006fa400000, 0x00000006fa400000| Untracked 
| 106|0x00000006fa800000, 0x00000006fa800000, 0x00000006fac00000|  0%| F|  |TAMS 0x00000006fa800000, 0x00000006fa800000| Untracked 
| 107|0x00000006fac00000, 0x00000006fac00000, 0x00000006fb000000|  0%| F|  |TAMS 0x00000006fac00000, 0x00000006fac00000| Untracked 
| 108|0x00000006fb000000, 0x00000006fb000000, 0x00000006fb400000|  0%| F|  |TAMS 0x00000006fb000000, 0x00000006fb000000| Untracked 
| 109|0x00000006fb400000, 0x00000006fb400000, 0x00000006fb800000|  0%| F|  |TAMS 0x00000006fb400000, 0x00000006fb400000| Untracked 
| 110|0x00000006fb800000, 0x00000006fb800000, 0x00000006fbc00000|  0%| F|  |TAMS 0x00000006fb800000, 0x00000006fb800000| Untracked 
| 111|0x00000006fbc00000, 0x00000006fbc00000, 0x00000006fc000000|  0%| F|  |TAMS 0x00000006fbc00000, 0x00000006fbc00000| Untracked 
| 112|0x00000006fc000000, 0x00000006fc000000, 0x00000006fc400000|  0%| F|  |TAMS 0x00000006fc000000, 0x00000006fc000000| Untracked 
| 113|0x00000006fc400000, 0x00000006fc400000, 0x00000006fc800000|  0%| F|  |TAMS 0x00000006fc400000, 0x00000006fc400000| Untracked 
| 114|0x00000006fc800000, 0x00000006fc800000, 0x00000006fcc00000|  0%| F|  |TAMS 0x00000006fc800000, 0x00000006fc800000| Untracked 
| 115|0x00000006fcc00000, 0x00000006fcc00000, 0x00000006fd000000|  0%| F|  |TAMS 0x00000006fcc00000, 0x00000006fcc00000| Untracked 
| 116|0x00000006fd000000, 0x00000006fd000000, 0x00000006fd400000|  0%| F|  |TAMS 0x00000006fd000000, 0x00000006fd000000| Untracked 
| 117|0x00000006fd400000, 0x00000006fd400000, 0x00000006fd800000|  0%| F|  |TAMS 0x00000006fd400000, 0x00000006fd400000| Untracked 
| 118|0x00000006fd800000, 0x00000006fd800000, 0x00000006fdc00000|  0%| F|  |TAMS 0x00000006fd800000, 0x00000006fd800000| Untracked 
| 119|0x00000006fdc00000, 0x00000006fdc00000, 0x00000006fe000000|  0%| F|  |TAMS 0x00000006fdc00000, 0x00000006fdc00000| Untracked 
| 120|0x00000006fe000000, 0x00000006fe000000, 0x00000006fe400000|  0%| F|  |TAMS 0x00000006fe000000, 0x00000006fe000000| Untracked 
| 121|0x00000006fe400000, 0x00000006fe400000, 0x00000006fe800000|  0%| F|  |TAMS 0x00000006fe400000, 0x00000006fe400000| Untracked 
| 122|0x00000006fe800000, 0x00000006fe800000, 0x00000006fec00000|  0%| F|  |TAMS 0x00000006fe800000, 0x00000006fe800000| Untracked 
| 123|0x00000006fec00000, 0x00000006fec00000, 0x00000006ff000000|  0%| F|  |TAMS 0x00000006fec00000, 0x00000006fec00000| Untracked 
| 124|0x00000006ff000000, 0x00000006ff000000, 0x00000006ff400000|  0%| F|  |TAMS 0x00000006ff000000, 0x00000006ff000000| Untracked 
| 125|0x00000006ff400000, 0x00000006ff400000, 0x00000006ff800000|  0%| F|  |TAMS 0x00000006ff400000, 0x00000006ff400000| Untracked 
| 126|0x00000006ff800000, 0x00000006ff800000, 0x00000006ffc00000|  0%| F|  |TAMS 0x00000006ff800000, 0x00000006ff800000| Untracked 
| 127|0x00000006ffc00000, 0x00000006ffc00000, 0x0000000700000000|  0%| F|  |TAMS 0x00000006ffc00000, 0x00000006ffc00000| Untracked 
| 128|0x0000000700000000, 0x0000000700000000, 0x0000000700400000|  0%| F|  |TAMS 0x0000000700000000, 0x0000000700000000| Untracked 
| 129|0x0000000700400000, 0x0000000700400000, 0x0000000700800000|  0%| F|  |TAMS 0x0000000700400000, 0x0000000700400000| Untracked 
| 130|0x0000000700800000, 0x0000000700800000, 0x0000000700c00000|  0%| F|  |TAMS 0x0000000700800000, 0x0000000700800000| Untracked 
| 131|0x0000000700c00000, 0x0000000700c00000, 0x0000000701000000|  0%| F|  |TAMS 0x0000000700c00000, 0x0000000700c00000| Untracked 
| 132|0x0000000701000000, 0x0000000701000000, 0x0000000701400000|  0%| F|  |TAMS 0x0000000701000000, 0x0000000701000000| Untracked 
| 133|0x0000000701400000, 0x0000000701400000, 0x0000000701800000|  0%| F|  |TAMS 0x0000000701400000, 0x0000000701400000| Untracked 
| 134|0x0000000701800000, 0x0000000701800000, 0x0000000701c00000|  0%| F|  |TAMS 0x0000000701800000, 0x0000000701800000| Untracked 
| 135|0x0000000701c00000, 0x0000000701c00000, 0x0000000702000000|  0%| F|  |TAMS 0x0000000701c00000, 0x0000000701c00000| Untracked 
| 136|0x0000000702000000, 0x0000000702000000, 0x0000000702400000|  0%| F|  |TAMS 0x0000000702000000, 0x0000000702000000| Untracked 
| 137|0x0000000702400000, 0x0000000702400000, 0x0000000702800000|  0%| F|  |TAMS 0x0000000702400000, 0x0000000702400000| Untracked 
| 138|0x0000000702800000, 0x0000000702800000, 0x0000000702c00000|  0%| F|  |TAMS 0x0000000702800000, 0x0000000702800000| Untracked 
| 139|0x0000000702c00000, 0x0000000702c00000, 0x0000000703000000|  0%| F|  |TAMS 0x0000000702c00000, 0x0000000702c00000| Untracked 
| 140|0x0000000703000000, 0x0000000703000000, 0x0000000703400000|  0%| F|  |TAMS 0x0000000703000000, 0x0000000703000000| Untracked 
| 141|0x0000000703400000, 0x0000000703400000, 0x0000000703800000|  0%| F|  |TAMS 0x0000000703400000, 0x0000000703400000| Untracked 
| 142|0x0000000703800000, 0x0000000703800000, 0x0000000703c00000|  0%| F|  |TAMS 0x0000000703800000, 0x0000000703800000| Untracked 
| 143|0x0000000703c00000, 0x0000000703c00000, 0x0000000704000000|  0%| F|  |TAMS 0x0000000703c00000, 0x0000000703c00000| Untracked 
| 144|0x0000000704000000, 0x0000000704000000, 0x0000000704400000|  0%| F|  |TAMS 0x0000000704000000, 0x0000000704000000| Untracked 
| 145|0x0000000704400000, 0x0000000704400000, 0x0000000704800000|  0%| F|  |TAMS 0x0000000704400000, 0x0000000704400000| Untracked 
| 146|0x0000000704800000, 0x0000000704800000, 0x0000000704c00000|  0%| F|  |TAMS 0x0000000704800000, 0x0000000704800000| Untracked 
| 147|0x0000000704c00000, 0x0000000704c00000, 0x0000000705000000|  0%| F|  |TAMS 0x0000000704c00000, 0x0000000704c00000| Untracked 
| 148|0x0000000705000000, 0x0000000705000000, 0x0000000705400000|  0%| F|  |TAMS 0x0000000705000000, 0x0000000705000000| Untracked 
| 149|0x0000000705400000, 0x0000000705400000, 0x0000000705800000|  0%| F|  |TAMS 0x0000000705400000, 0x0000000705400000| Untracked 
| 150|0x0000000705800000, 0x0000000705800000, 0x0000000705c00000|  0%| F|  |TAMS 0x0000000705800000, 0x0000000705800000| Untracked 
| 151|0x0000000705c00000, 0x0000000705c00000, 0x0000000706000000|  0%| F|  |TAMS 0x0000000705c00000, 0x0000000705c00000| Untracked 
| 152|0x0000000706000000, 0x0000000706000000, 0x0000000706400000|  0%| F|  |TAMS 0x0000000706000000, 0x0000000706000000| Untracked 
| 153|0x0000000706400000, 0x0000000706400000, 0x0000000706800000|  0%| F|  |TAMS 0x0000000706400000, 0x0000000706400000| Untracked 
| 154|0x0000000706800000, 0x0000000706800000, 0x0000000706c00000|  0%| F|  |TAMS 0x0000000706800000, 0x0000000706800000| Untracked 
| 155|0x0000000706c00000, 0x0000000706c00000, 0x0000000707000000|  0%| F|  |TAMS 0x0000000706c00000, 0x0000000706c00000| Untracked 
| 156|0x0000000707000000, 0x0000000707000000, 0x0000000707400000|  0%| F|  |TAMS 0x0000000707000000, 0x0000000707000000| Untracked 
| 157|0x0000000707400000, 0x0000000707400000, 0x0000000707800000|  0%| F|  |TAMS 0x0000000707400000, 0x0000000707400000| Untracked 
| 158|0x0000000707800000, 0x0000000707800000, 0x0000000707c00000|  0%| F|  |TAMS 0x0000000707800000, 0x0000000707800000| Untracked 
| 159|0x0000000707c00000, 0x0000000707c00000, 0x0000000708000000|  0%| F|  |TAMS 0x0000000707c00000, 0x0000000707c00000| Untracked 
| 160|0x0000000708000000, 0x0000000708000000, 0x0000000708400000|  0%| F|  |TAMS 0x0000000708000000, 0x0000000708000000| Untracked 
| 161|0x0000000708400000, 0x0000000708400000, 0x0000000708800000|  0%| F|  |TAMS 0x0000000708400000, 0x0000000708400000| Untracked 
| 162|0x0000000708800000, 0x0000000708800000, 0x0000000708c00000|  0%| F|  |TAMS 0x0000000708800000, 0x0000000708800000| Untracked 
| 163|0x0000000708c00000, 0x0000000708c00000, 0x0000000709000000|  0%| F|  |TAMS 0x0000000708c00000, 0x0000000708c00000| Untracked 
| 164|0x0000000709000000, 0x0000000709000000, 0x0000000709400000|  0%| F|  |TAMS 0x0000000709000000, 0x0000000709000000| Untracked 
| 165|0x0000000709400000, 0x0000000709400000, 0x0000000709800000|  0%| F|  |TAMS 0x0000000709400000, 0x0000000709400000| Untracked 
| 166|0x0000000709800000, 0x0000000709800000, 0x0000000709c00000|  0%| F|  |TAMS 0x0000000709800000, 0x0000000709800000| Untracked 
| 167|0x0000000709c00000, 0x0000000709c00000, 0x000000070a000000|  0%| F|  |TAMS 0x0000000709c00000, 0x0000000709c00000| Untracked 
| 168|0x000000070a000000, 0x000000070a000000, 0x000000070a400000|  0%| F|  |TAMS 0x000000070a000000, 0x000000070a000000| Untracked 
| 169|0x000000070a400000, 0x000000070a400000, 0x000000070a800000|  0%| F|  |TAMS 0x000000070a400000, 0x000000070a400000| Untracked 
| 170|0x000000070a800000, 0x000000070a800000, 0x000000070ac00000|  0%| F|  |TAMS 0x000000070a800000, 0x000000070a800000| Untracked 
| 171|0x000000070ac00000, 0x000000070ac00000, 0x000000070b000000|  0%| F|  |TAMS 0x000000070ac00000, 0x000000070ac00000| Untracked 
| 172|0x000000070b000000, 0x000000070b000000, 0x000000070b400000|  0%| F|  |TAMS 0x000000070b000000, 0x000000070b000000| Untracked 
| 173|0x000000070b400000, 0x000000070b400000, 0x000000070b800000|  0%| F|  |TAMS 0x000000070b400000, 0x000000070b400000| Untracked 
| 174|0x000000070b800000, 0x000000070b800000, 0x000000070bc00000|  0%| F|  |TAMS 0x000000070b800000, 0x000000070b800000| Untracked 
| 175|0x000000070bc00000, 0x000000070bc00000, 0x000000070c000000|  0%| F|  |TAMS 0x000000070bc00000, 0x000000070bc00000| Untracked 
| 176|0x000000070c000000, 0x000000070c000000, 0x000000070c400000|  0%| F|  |TAMS 0x000000070c000000, 0x000000070c000000| Untracked 
| 177|0x000000070c400000, 0x000000070c400000, 0x000000070c800000|  0%| F|  |TAMS 0x000000070c400000, 0x000000070c400000| Untracked 
| 178|0x000000070c800000, 0x000000070c800000, 0x000000070cc00000|  0%| F|  |TAMS 0x000000070c800000, 0x000000070c800000| Untracked 
| 179|0x000000070cc00000, 0x000000070cc00000, 0x000000070d000000|  0%| F|  |TAMS 0x000000070cc00000, 0x000000070cc00000| Untracked 
| 180|0x000000070d000000, 0x000000070d000000, 0x000000070d400000|  0%| F|  |TAMS 0x000000070d000000, 0x000000070d000000| Untracked 
| 181|0x000000070d400000, 0x000000070d71af40, 0x000000070d800000| 77%| S|CS|TAMS 0x000000070d400000, 0x000000070d400000| Complete 
| 182|0x000000070d800000, 0x000000070dc00000, 0x000000070dc00000|100%| S|CS|TAMS 0x000000070d800000, 0x000000070d800000| Complete 
| 183|0x000000070dc00000, 0x000000070e000000, 0x000000070e000000|100%| S|CS|TAMS 0x000000070dc00000, 0x000000070dc00000| Complete 
| 184|0x000000070e000000, 0x000000070e000000, 0x000000070e400000|  0%| F|  |TAMS 0x000000070e000000, 0x000000070e000000| Untracked 
| 185|0x000000070e400000, 0x000000070e400000, 0x000000070e800000|  0%| F|  |TAMS 0x000000070e400000, 0x000000070e400000| Untracked 
| 186|0x000000070e800000, 0x000000070e800000, 0x000000070ec00000|  0%| F|  |TAMS 0x000000070e800000, 0x000000070e800000| Untracked 
| 187|0x000000070ec00000, 0x000000070ec00000, 0x000000070f000000|  0%| F|  |TAMS 0x000000070ec00000, 0x000000070ec00000| Untracked 
| 188|0x000000070f000000, 0x000000070f000000, 0x000000070f400000|  0%| F|  |TAMS 0x000000070f000000, 0x000000070f000000| Untracked 
| 189|0x000000070f400000, 0x000000070f400000, 0x000000070f800000|  0%| F|  |TAMS 0x000000070f400000, 0x000000070f400000| Untracked 
| 190|0x000000070f800000, 0x000000070f800000, 0x000000070fc00000|  0%| F|  |TAMS 0x000000070f800000, 0x000000070f800000| Untracked 
| 191|0x000000070fc00000, 0x000000070fc00000, 0x0000000710000000|  0%| F|  |TAMS 0x000000070fc00000, 0x000000070fc00000| Untracked 
| 192|0x0000000710000000, 0x0000000710000000, 0x0000000710400000|  0%| F|  |TAMS 0x0000000710000000, 0x0000000710000000| Untracked 
| 193|0x0000000710400000, 0x0000000710400000, 0x0000000710800000|  0%| F|  |TAMS 0x0000000710400000, 0x0000000710400000| Untracked 
| 194|0x0000000710800000, 0x0000000710800000, 0x0000000710c00000|  0%| F|  |TAMS 0x0000000710800000, 0x0000000710800000| Untracked 
| 195|0x0000000710c00000, 0x0000000710c00000, 0x0000000711000000|  0%| F|  |TAMS 0x0000000710c00000, 0x0000000710c00000| Untracked 
| 196|0x0000000711000000, 0x0000000711000000, 0x0000000711400000|  0%| F|  |TAMS 0x0000000711000000, 0x0000000711000000| Untracked 
| 197|0x0000000711400000, 0x0000000711400000, 0x0000000711800000|  0%| F|  |TAMS 0x0000000711400000, 0x0000000711400000| Untracked 
| 198|0x0000000711800000, 0x0000000711800000, 0x0000000711c00000|  0%| F|  |TAMS 0x0000000711800000, 0x0000000711800000| Untracked 
| 199|0x0000000711c00000, 0x0000000711c00000, 0x0000000712000000|  0%| F|  |TAMS 0x0000000711c00000, 0x0000000711c00000| Untracked 
| 200|0x0000000712000000, 0x0000000712000000, 0x0000000712400000|  0%| F|  |TAMS 0x0000000712000000, 0x0000000712000000| Untracked 
| 201|0x0000000712400000, 0x0000000712400000, 0x0000000712800000|  0%| F|  |TAMS 0x0000000712400000, 0x0000000712400000| Untracked 

Card table byte_map: [0x000001e8fc380000,0x000001e8fcc80000] _byte_map_base: 0x000001e8f8c80000

Marking Bits (Prev, Next): (CMBitMap*) 0x000001e8fba14350, (CMBitMap*) 0x000001e8fba14390
 Prev Bits: [0x000001e896730000, 0x000001e89af30000)
 Next Bits: [0x000001e89af30000, 0x000001e89f730000)

Polling page: 0x000001e8f9650000

Metaspace:

Usage:
  Non-class:    103.87 MB used.
      Class:     16.63 MB used.
       Both:    120.51 MB used.

Virtual space:
  Non-class space:      112.00 MB reserved,     104.62 MB ( 93%) committed,  14 nodes.
      Class space:      412.00 MB reserved,      17.38 MB (  4%) committed,  1 nodes.
             Both:      524.00 MB reserved,     122.00 MB ( 23%) committed. 

Chunk freelists:
   Non-Class:  3.12 MB
       Class:  2.52 MB
        Both:  5.64 MB

MaxMetaspaceSize: 512.00 MB
CompressedClassSpaceSize: 412.00 MB
Initial GC threshold: 21.00 MB
Current GC threshold: 168.12 MB
CDS: on
MetaspaceReclaimPolicy: balanced
 - commit_granule_bytes: 65536.
 - commit_granule_words: 8192.
 - virtual_space_node_default_size: 1048576.
 - enlarge_chunks_in_place: 1.
 - new_chunks_are_fully_committed: 0.
 - uncommit_free_chunks: 1.
 - use_allocation_guard: 0.
 - handle_deallocations: 1.


Internal statistics:

num_allocs_failed_limit: 15.
num_arena_births: 2272.
num_arena_deaths: 0.
num_vsnodes_births: 15.
num_vsnodes_deaths: 0.
num_space_committed: 1951.
num_space_uncommitted: 0.
num_chunks_returned_to_freelist: 15.
num_chunks_taken_from_freelist: 8000.
num_chunk_merges: 12.
num_chunk_splits: 5008.
num_chunks_enlarged: 2957.
num_purges: 0.
num_inconsistent_stats: 0.

CodeHeap 'non-profiled nmethods': size=120000Kb used=16995Kb max_used=16995Kb free=103004Kb
 bounds [0x000001e88f200000, 0x000001e8902a0000, 0x000001e896730000]
CodeHeap 'profiled nmethods': size=120000Kb used=37785Kb max_used=37785Kb free=82214Kb
 bounds [0x000001e887cd0000, 0x000001e88a1c0000, 0x000001e88f200000]
CodeHeap 'non-nmethods': size=5760Kb used=2441Kb max_used=2557Kb free=3318Kb
 bounds [0x000001e887730000, 0x000001e8879c0000, 0x000001e887cd0000]
 total_blobs=20418 nmethods=19441 adapters=888
 compilation: enabled
              stopped_count=0, restarted_count=0
 full_count=0

Compilation events (20 events):
Event: 2558.484 Thread 0x000001e8ffa04f50 nmethod 24169 0x000001e890296290 code [0x000001e890296520, 0x000001e890297600]
Event: 2558.485 Thread 0x000001e8ffa04f50 24190       4       org.gradle.api.internal.provider.ValueSupplier$Present::<init> (6 bytes)
Event: 2558.486 Thread 0x000001e8ffa07910 nmethod 24198 0x000001e88a1b3410 code [0x000001e88a1b3680, 0x000001e88a1b4198]
Event: 2558.486 Thread 0x000001e8ffa07910 24199       3       org.gradle.api.internal.artifacts.ivyservice.ivyresolve.ResolveIvyFactory::filterRepository (33 bytes)
Event: 2558.487 Thread 0x000001e8ffa07910 nmethod 24199 0x000001e88a1b4610 code [0x000001e88a1b47e0, 0x000001e88a1b4cd8]
Event: 2558.487 Thread 0x000001e8ffa07910 24200       3       org.gradle.api.internal.artifacts.repositories.DefaultMavenRepositoryContentDescriptor::toContentFilter (53 bytes)
Event: 2558.488 Thread 0x000001e8ffa07910 nmethod 24200 0x000001e88a1b4e10 code [0x000001e88a1b5020, 0x000001e88a1b5788]
Event: 2558.488 Thread 0x000001e8ffa07910 24201       3       org.gradle.api.internal.artifacts.repositories.DefaultRepositoryContentDescriptor::toContentFilter (87 bytes)
Event: 2558.489 Thread 0x000001e8ffa04f50 nmethod 24190 0x000001e890298490 code [0x000001e890298600, 0x000001e8902987d8]
Event: 2558.489 Thread 0x000001e8ffa04f50 24164       4       org.gradle.api.internal.artifacts.ivyservice.resolveengine.graph.builder.DependencyGraphBuilder::checkForModuleConflicts (42 bytes)
Event: 2558.489 Thread 0x000001e8ffa07910 nmethod 24201 0x000001e88a1b5990 code [0x000001e88a1b5b80, 0x000001e88a1b6218]
Event: 2558.490 Thread 0x000001e8ffa07910 24206       1       org.gradle.jvm.toolchain.internal.DefaultToolchainJavaCompiler::getMetadata (5 bytes)
Event: 2558.490 Thread 0x000001e8ffa07910 nmethod 24206 0x000001e890298890 code [0x000001e890298a20, 0x000001e890298af8]
Event: 2558.505 Thread 0x000001e8ffa07910 24207       3       com.google.common.cache.CacheBuilder::setValueStrength (34 bytes)
Event: 2558.505 Thread 0x000001e8ffa07910 nmethod 24207 0x000001e88a1b6390 code [0x000001e88a1b6560, 0x000001e88a1b68d8]
Event: 2558.506 Thread 0x000001e8ffa07910 24208       3       org.gradle.api.internal.artifacts.ivyservice.ivyresolve.DynamicVersionResolver::add (28 bytes)
Event: 2558.506 Thread 0x000001e8ffa07910 nmethod 24208 0x000001e88a1b6a10 code [0x000001e88a1b6be0, 0x000001e88a1b6f68]
Event: 2558.508 Thread 0x000001e8ffa07910 24209       1       org.gradle.api.internal.artifacts.ivyservice.resolutionstrategy.DefaultResolutionStrategy::isFailingOnDynamicVersions (5 bytes)
Event: 2558.508 Thread 0x000001e8ffa07910 nmethod 24209 0x000001e890298b90 code [0x000001e890298d20, 0x000001e890298df8]
Event: 2558.508 Thread 0x000001e8ffa07910 24210       1       org.gradle.api.internal.artifacts.ivyservice.resolutionstrategy.DefaultResolutionStrategy::isFailingOnChangingVersions (5 bytes)

GC Heap History (20 events):
Event: 122.095 GC heap after
{Heap after GC invocations=55 (full 0):
 garbage-first heap   total 413696K, used 307200K [0x00000006e0000000, 0x0000000800000000)
  region size 4096K, 2 young (8192K), 2 survivors (8192K)
 Metaspace       used 115131K, committed 116416K, reserved 528384K
  class space    used 16136K, committed 16768K, reserved 421888K
}
Event: 122.666 GC heap before
{Heap before GC invocations=55 (full 0):
 garbage-first heap   total 413696K, used 335872K [0x00000006e0000000, 0x0000000800000000)
  region size 4096K, 9 young (36864K), 2 survivors (8192K)
 Metaspace       used 115462K, committed 116736K, reserved 528384K
  class space    used 16166K, committed 16768K, reserved 421888K
}
Event: 122.787 GC heap after
{Heap after GC invocations=56 (full 0):
 garbage-first heap   total 413696K, used 322680K [0x00000006e0000000, 0x0000000800000000)
  region size 4096K, 2 young (8192K), 2 survivors (8192K)
 Metaspace       used 115462K, committed 116736K, reserved 528384K
  class space    used 16166K, committed 16768K, reserved 421888K
}
Event: 123.410 GC heap before
{Heap before GC invocations=56 (full 0):
 garbage-first heap   total 413696K, used 343160K [0x00000006e0000000, 0x0000000800000000)
  region size 4096K, 7 young (28672K), 2 survivors (8192K)
 Metaspace       used 116005K, committed 117312K, reserved 528384K
  class space    used 16227K, committed 16832K, reserved 421888K
}
Event: 123.482 GC heap after
{Heap after GC invocations=57 (full 0):
 garbage-first heap   total 827392K, used 331776K [0x00000006e0000000, 0x0000000800000000)
  region size 4096K, 1 young (4096K), 1 survivors (4096K)
 Metaspace       used 116005K, committed 117312K, reserved 528384K
  class space    used 16227K, committed 16832K, reserved 421888K
}
Event: 130.468 GC heap before
{Heap before GC invocations=57 (full 0):
 garbage-first heap   total 827392K, used 458752K [0x00000006e0000000, 0x0000000800000000)
  region size 4096K, 32 young (131072K), 1 survivors (4096K)
 Metaspace       used 118641K, committed 120000K, reserved 528384K
  class space    used 16565K, committed 17216K, reserved 421888K
}
Event: 130.594 GC heap after
{Heap after GC invocations=58 (full 0):
 garbage-first heap   total 827392K, used 348160K [0x00000006e0000000, 0x0000000800000000)
  region size 4096K, 4 young (16384K), 4 survivors (16384K)
 Metaspace       used 118641K, committed 120000K, reserved 528384K
  class space    used 16565K, committed 17216K, reserved 421888K
}
Event: 132.770 GC heap before
{Heap before GC invocations=58 (full 0):
 garbage-first heap   total 827392K, used 405504K [0x00000006e0000000, 0x0000000800000000)
  region size 4096K, 19 young (77824K), 4 survivors (16384K)
 Metaspace       used 118724K, committed 120064K, reserved 528384K
  class space    used 16579K, committed 17216K, reserved 421888K
}
Event: 132.864 GC heap after
{Heap after GC invocations=59 (full 0):
 garbage-first heap   total 827392K, used 356276K [0x00000006e0000000, 0x0000000800000000)
  region size 4096K, 2 young (8192K), 2 survivors (8192K)
 Metaspace       used 118724K, committed 120064K, reserved 528384K
  class space    used 16579K, committed 17216K, reserved 421888K
}
Event: 135.008 GC heap before
{Heap before GC invocations=59 (full 0):
 garbage-first heap   total 827392K, used 384948K [0x00000006e0000000, 0x0000000800000000)
  region size 4096K, 10 young (40960K), 2 survivors (8192K)
 Metaspace       used 118729K, committed 120064K, reserved 528384K
  class space    used 16579K, committed 17216K, reserved 421888K
}
Event: 135.067 GC heap after
{Heap after GC invocations=60 (full 0):
 garbage-first heap   total 827392K, used 361390K [0x00000006e0000000, 0x0000000800000000)
  region size 4096K, 2 young (8192K), 2 survivors (8192K)
 Metaspace       used 118729K, committed 120064K, reserved 528384K
  class space    used 16579K, committed 17216K, reserved 421888K
}
Event: 138.667 GC heap before
{Heap before GC invocations=60 (full 0):
 garbage-first heap   total 827392K, used 512942K [0x00000006e0000000, 0x0000000800000000)
  region size 4096K, 37 young (151552K), 2 survivors (8192K)
 Metaspace       used 118945K, committed 120256K, reserved 528384K
  class space    used 16590K, committed 17216K, reserved 421888K
}
Event: 138.750 GC heap after
{Heap after GC invocations=61 (full 0):
 garbage-first heap   total 827392K, used 387637K [0x00000006e0000000, 0x0000000800000000)
  region size 4096K, 5 young (20480K), 5 survivors (20480K)
 Metaspace       used 118945K, committed 120256K, reserved 528384K
  class space    used 16590K, committed 17216K, reserved 421888K
}
Event: 147.540 GC heap before
{Heap before GC invocations=61 (full 0):
 garbage-first heap   total 827392K, used 567861K [0x00000006e0000000, 0x0000000800000000)
  region size 4096K, 46 young (188416K), 5 survivors (20480K)
 Metaspace       used 120366K, committed 121664K, reserved 528384K
  class space    used 16742K, committed 17344K, reserved 421888K
}
Event: 147.586 GC heap after
{Heap after GC invocations=62 (full 0):
 garbage-first heap   total 827392K, used 384961K [0x00000006e0000000, 0x0000000800000000)
  region size 4096K, 2 young (8192K), 2 survivors (8192K)
 Metaspace       used 120366K, committed 121664K, reserved 528384K
  class space    used 16742K, committed 17344K, reserved 421888K
}
Event: 2552.808 GC heap before
{Heap before GC invocations=62 (full 0):
 garbage-first heap   total 827392K, used 663489K [0x00000006e0000000, 0x0000000800000000)
  region size 4096K, 70 young (286720K), 2 survivors (8192K)
 Metaspace       used 122972K, committed 124416K, reserved 536576K
  class space    used 17009K, committed 17728K, reserved 421888K
}
Event: 2553.182 GC heap after
{Heap after GC invocations=63 (full 0):
 garbage-first heap   total 827392K, used 411918K [0x00000006e0000000, 0x0000000800000000)
  region size 4096K, 9 young (36864K), 9 survivors (36864K)
 Metaspace       used 122972K, committed 124416K, reserved 536576K
  class space    used 17009K, committed 17728K, reserved 421888K
}
Event: 2553.444 GC heap before
{Heap before GC invocations=63 (full 0):
 garbage-first heap   total 827392K, used 416014K [0x00000006e0000000, 0x0000000800000000)
  region size 4096K, 10 young (40960K), 9 survivors (36864K)
 Metaspace       used 122977K, committed 124416K, reserved 536576K
  class space    used 17009K, committed 17728K, reserved 421888K
}
Event: 2553.702 GC heap after
{Heap after GC invocations=64 (full 0):
 garbage-first heap   total 827392K, used 415363K [0x00000006e0000000, 0x0000000800000000)
  region size 4096K, 1 young (4096K), 1 survivors (4096K)
 Metaspace       used 122977K, committed 124416K, reserved 536576K
  class space    used 17009K, committed 17728K, reserved 421888K
}
Event: 2558.508 GC heap before
{Heap before GC invocations=64 (full 0):
 garbage-first heap   total 827392K, used 484995K [0x00000006e0000000, 0x0000000800000000)
  region size 4096K, 18 young (73728K), 1 survivors (4096K)
 Metaspace       used 123399K, committed 124928K, reserved 536576K
  class space    used 17033K, committed 17792K, reserved 421888K
}

Deoptimization events (20 events):
Event: 2553.961 Thread 0x000001e8ab1bfc80 DEOPT PACKING pc=0x000001e88fd68234 sp=0x00000005bb6ff0b0
Event: 2553.961 Thread 0x000001e8ab1bfc80 DEOPT UNPACKING pc=0x000001e8877823a3 sp=0x00000005bb6ff020 mode 2
Event: 2554.411 Thread 0x000001e8ad9abbe0 Uncommon trap: trap_request=0xffffffbe fr.pc=0x000001e8900bd9b0 relative=0x0000000000006d90
Event: 2554.411 Thread 0x000001e8ad9abbe0 Uncommon trap: reason=profile_predicate action=maybe_recompile pc=0x000001e8900bd9b0 method=org.gradle.api.internal.artifacts.ivyservice.resolveengine.ComponentResolversChain$DependencyToComponentIdResolverChain.resolve(Lorg/gradle/internal/component/mode
Event: 2554.411 Thread 0x000001e8ad9abbe0 DEOPT PACKING pc=0x000001e8900bd9b0 sp=0x00000005b91f8a90
Event: 2554.412 Thread 0x000001e8ad9abbe0 DEOPT UNPACKING pc=0x000001e8877823a3 sp=0x00000005b91f8710 mode 2
Event: 2554.932 Thread 0x000001e8ad9abbe0 Uncommon trap: trap_request=0xfffffff4 fr.pc=0x000001e89020c46c relative=0x000000000000744c
Event: 2554.932 Thread 0x000001e8ad9abbe0 Uncommon trap: reason=null_check action=make_not_entrant pc=0x000001e89020c46c method=com.android.build.gradle.internal.services.StringCachingBuildService.cacheString(Ljava/lang/String;)Ljava/lang/String; @ 16 c2
Event: 2554.932 Thread 0x000001e8ad9abbe0 DEOPT PACKING pc=0x000001e89020c46c sp=0x00000005b91f98d0
Event: 2554.933 Thread 0x000001e8ad9abbe0 DEOPT UNPACKING pc=0x000001e8877823a3 sp=0x00000005b91f9578 mode 2
Event: 2555.040 Thread 0x000001e8ad9abbe0 Uncommon trap: trap_request=0xffffffbe fr.pc=0x000001e8900bd9b0 relative=0x0000000000006d90
Event: 2555.040 Thread 0x000001e8ad9abbe0 Uncommon trap: reason=profile_predicate action=maybe_recompile pc=0x000001e8900bd9b0 method=org.gradle.api.internal.artifacts.ivyservice.resolveengine.ComponentResolversChain$DependencyToComponentIdResolverChain.resolve(Lorg/gradle/internal/component/mode
Event: 2555.040 Thread 0x000001e8ad9abbe0 DEOPT PACKING pc=0x000001e8900bd9b0 sp=0x00000005b91f9840
Event: 2555.041 Thread 0x000001e8ad9abbe0 DEOPT UNPACKING pc=0x000001e8877823a3 sp=0x00000005b91f94c0 mode 2
Event: 2555.791 Thread 0x000001e8ad9abbe0 Uncommon trap: trap_request=0xffffff76 fr.pc=0x000001e88ffe4be4 relative=0x00000000000001c4
Event: 2555.791 Thread 0x000001e8ad9abbe0 Uncommon trap: reason=predicate action=maybe_recompile pc=0x000001e88ffe4be4 method=java.util.LinkedHashMap.valuesToArray([Ljava/lang/Object;)[Ljava/lang/Object; @ 12 c2
Event: 2555.791 Thread 0x000001e8ad9abbe0 DEOPT PACKING pc=0x000001e88ffe4be4 sp=0x00000005b91f8530
Event: 2555.791 Thread 0x000001e8ad9abbe0 DEOPT UNPACKING pc=0x000001e8877823a3 sp=0x00000005b91f84f8 mode 2
Event: 2556.089 Thread 0x000001e8ad9abbe0 DEOPT PACKING pc=0x000001e888406cc2 sp=0x00000005b91f9e70
Event: 2556.090 Thread 0x000001e8ad9abbe0 DEOPT UNPACKING pc=0x000001e887782b43 sp=0x00000005b91f9368 mode 0

Classes unloaded (0 events):
No events

Classes redefined (0 events):
No events

Internal exceptions (20 events):
Event: 2523.996 Thread 0x000001e8ad9abbe0 Exception <a 'sun/nio/fs/WindowsException'{0x000000070aaad290}> (0x000000070aaad290) 
thrown [t:\workspace\open\src\hotspot\share\prims\jni.cpp, line 516]
Event: 2523.996 Thread 0x000001e8ad9abbe0 Exception <a 'sun/nio/fs/WindowsException'{0x000000070aaad490}> (0x000000070aaad490) 
thrown [t:\workspace\open\src\hotspot\share\prims\jni.cpp, line 516]
Event: 2523.998 Thread 0x000001e8ad9abbe0 Exception <a 'sun/nio/fs/WindowsException'{0x000000070aab2748}> (0x000000070aab2748) 
thrown [t:\workspace\open\src\hotspot\share\prims\jni.cpp, line 516]
Event: 2523.998 Thread 0x000001e8ad9abbe0 Exception <a 'sun/nio/fs/WindowsException'{0x000000070aab2948}> (0x000000070aab2948) 
thrown [t:\workspace\open\src\hotspot\share\prims\jni.cpp, line 516]
Event: 2524.623 Thread 0x000001e8ad9abbe0 Implicit null exception at 0x000001e88f572430 to 0x000001e88f5733e8
Event: 2525.664 Thread 0x000001e8ad9abbe0 Implicit null exception at 0x000001e88f3ef4e7 to 0x000001e88f3ef5ac
Event: 2530.296 Thread 0x000001e8a5e8b3e0 Exception <a 'sun/nio/fs/WindowsException'{0x0000000708cee218}> (0x0000000708cee218) 
thrown [t:\workspace\open\src\hotspot\share\prims\jni.cpp, line 516]
Event: 2530.300 Thread 0x000001e8a5e8b3e0 Exception <a 'sun/nio/fs/WindowsException'{0x0000000708cf0380}> (0x0000000708cf0380) 
thrown [t:\workspace\open\src\hotspot\share\prims\jni.cpp, line 516]
Event: 2530.304 Thread 0x000001e8a5e8b3e0 Exception <a 'sun/nio/fs/WindowsException'{0x0000000708cf2428}> (0x0000000708cf2428) 
thrown [t:\workspace\open\src\hotspot\share\prims\jni.cpp, line 516]
Event: 2530.468 Thread 0x000001e8a5e8b3e0 Exception <a 'sun/nio/fs/WindowsException'{0x0000000708cf41c8}> (0x0000000708cf41c8) 
thrown [t:\workspace\open\src\hotspot\share\prims\jni.cpp, line 516]
Event: 2531.442 Thread 0x000001e8ad9abbe0 Exception <a 'sun/nio/fs/WindowsException'{0x00000007084ef6f0}> (0x00000007084ef6f0) 
thrown [t:\workspace\open\src\hotspot\share\prims\jni.cpp, line 516]
Event: 2552.659 Thread 0x000001e8ad9abbe0 Implicit null exception at 0x000001e8900b9117 to 0x000001e8900bd950
Event: 2554.076 Thread 0x000001e8ad9abbe0 Exception <a 'sun/nio/fs/WindowsException'{0x0000000711c64e18}> (0x0000000711c64e18) 
thrown [t:\workspace\open\src\hotspot\share\prims\jni.cpp, line 516]
Event: 2554.204 Thread 0x000001e8ad9abbe0 Exception <a 'sun/nio/fs/WindowsException'{0x0000000711cfc178}> (0x0000000711cfc178) 
thrown [t:\workspace\open\src\hotspot\share\prims\jni.cpp, line 516]
Event: 2554.205 Thread 0x000001e8ad9abbe0 Exception <a 'sun/nio/fs/WindowsException'{0x0000000711cfd7b0}> (0x0000000711cfd7b0) 
thrown [t:\workspace\open\src\hotspot\share\prims\jni.cpp, line 516]
Event: 2554.205 Thread 0x000001e8ad9abbe0 Exception <a 'sun/nio/fs/WindowsException'{0x0000000711cfee38}> (0x0000000711cfee38) 
thrown [t:\workspace\open\src\hotspot\share\prims\jni.cpp, line 516]
Event: 2554.205 Thread 0x000001e8ad9abbe0 Exception <a 'sun/nio/fs/WindowsException'{0x0000000711d004c0}> (0x0000000711d004c0) 
thrown [t:\workspace\open\src\hotspot\share\prims\jni.cpp, line 516]
Event: 2554.411 Thread 0x000001e8ad9abbe0 Implicit null exception at 0x000001e8900b9117 to 0x000001e8900bd950
Event: 2554.932 Thread 0x000001e8ad9abbe0 Implicit null exception at 0x000001e890206b40 to 0x000001e89020c404
Event: 2555.040 Thread 0x000001e8ad9abbe0 Implicit null exception at 0x000001e8900b9117 to 0x000001e8900bd950

VM Operations (20 events):
Event: 2549.335 Executing VM operation: Cleanup done
Event: 2550.344 Executing VM operation: Cleanup
Event: 2550.360 Executing VM operation: Cleanup done
Event: 2551.374 Executing VM operation: Cleanup
Event: 2551.409 Executing VM operation: Cleanup done
Event: 2552.422 Executing VM operation: Cleanup
Event: 2552.437 Executing VM operation: Cleanup done
Event: 2552.807 Executing VM operation: G1CollectForAllocation
Event: 2553.182 Executing VM operation: G1CollectForAllocation done
Event: 2553.444 Executing VM operation: G1CollectForAllocation
Event: 2553.702 Executing VM operation: G1CollectForAllocation done
Event: 2554.714 Executing VM operation: Cleanup
Event: 2554.714 Executing VM operation: Cleanup done
Event: 2555.716 Executing VM operation: Cleanup
Event: 2555.717 Executing VM operation: Cleanup done
Event: 2556.724 Executing VM operation: Cleanup
Event: 2556.754 Executing VM operation: Cleanup done
Event: 2557.764 Executing VM operation: Cleanup
Event: 2557.764 Executing VM operation: Cleanup done
Event: 2558.508 Executing VM operation: G1CollectForAllocation

Events (20 events):
Event: 2531.353 Thread 0x000001e8ad33d000 Thread exited: 0x000001e8ad33d000
Event: 2531.442 Thread 0x000001e8ad33b1a0 Thread added: 0x000001e8ad33b1a0
Event: 2531.829 Thread 0x000001e8a5e86bb0 Thread added: 0x000001e8a5e86bb0
Event: 2533.914 Thread 0x000001e8ad33b1a0 Thread exited: 0x000001e8ad33b1a0
Event: 2546.588 Thread 0x000001e8ad3416e0 Thread added: 0x000001e8ad3416e0
Event: 2548.063 Thread 0x000001e8a5e89230 Thread added: 0x000001e8a5e89230
Event: 2548.063 Thread 0x000001e8a5e89700 Thread added: 0x000001e8a5e89700
Event: 2548.065 Thread 0x000001e8a2a17af0 Thread added: 0x000001e8a2a17af0
Event: 2548.838 Thread 0x000001e8a2a19300 Thread added: 0x000001e8a2a19300
Event: 2548.839 Thread 0x000001e8a2a14fa0 Thread added: 0x000001e8a2a14fa0
Event: 2548.841 Thread 0x000001e8a2a15470 Thread added: 0x000001e8a2a15470
Event: 2549.988 Thread 0x000001e8a2a197d0 Thread added: 0x000001e8a2a197d0
Event: 2549.989 Thread 0x000001e8a2a13790 Thread added: 0x000001e8a2a13790
Event: 2549.990 Thread 0x000001e8a2a11f80 Thread added: 0x000001e8a2a11f80
Event: 2550.801 Thread 0x000001e8a2a15940 Thread added: 0x000001e8a2a15940
Event: 2550.802 Thread 0x000001e8a2a15e10 Thread added: 0x000001e8a2a15e10
Event: 2550.803 Thread 0x000001e8a2a162e0 Thread added: 0x000001e8a2a162e0
Event: 2552.345 Thread 0x000001e8a2a167b0 Thread added: 0x000001e8a2a167b0
Event: 2552.346 Thread 0x000001e8a2a17150 Thread added: 0x000001e8a2a17150
Event: 2552.347 Thread 0x000001e8a2a16c80 Thread added: 0x000001e8a2a16c80


Dynamic libraries:
0x00007ff61ecd0000 - 0x00007ff61ece0000 	C:\Program Files\Java\jdk-17\bin\java.exe
0x00007ffdb09b0000 - 0x00007ffdb0ba8000 	C:\Windows\SYSTEM32\ntdll.dll
0x00007ffdb01d0000 - 0x00007ffdb028d000 	C:\Windows\System32\KERNEL32.DLL
0x00007ffdae260000 - 0x00007ffdae556000 	C:\Windows\System32\KERNELBASE.dll
0x00007ffdae090000 - 0x00007ffdae190000 	C:\Windows\System32\ucrtbase.dll
0x00007ffd81bd0000 - 0x00007ffd81bea000 	C:\Program Files\Java\jdk-17\bin\VCRUNTIME140.dll
0x00007ffd81d70000 - 0x00007ffd81d88000 	C:\Program Files\Java\jdk-17\bin\jli.dll
0x00007ffdb0290000 - 0x00007ffdb033f000 	C:\Windows\System32\ADVAPI32.dll
0x00007ffdaf200000 - 0x00007ffdaf29e000 	C:\Windows\System32\msvcrt.dll
0x00007ffdaea10000 - 0x00007ffdaeaac000 	C:\Windows\System32\sechost.dll
0x00007ffdafaf0000 - 0x00007ffdafc16000 	C:\Windows\System32\RPCRT4.dll
0x00007ffdafc20000 - 0x00007ffdafdbe000 	C:\Windows\System32\USER32.dll
0x00007ffdae200000 - 0x00007ffdae222000 	C:\Windows\System32\win32u.dll
0x00007ffdb0940000 - 0x00007ffdb096c000 	C:\Windows\System32\GDI32.dll
0x00007ffdae8f0000 - 0x00007ffdaea0a000 	C:\Windows\System32\gdi32full.dll
0x00007ffdae640000 - 0x00007ffdae6dd000 	C:\Windows\System32\msvcp_win.dll
0x00007ffd9a080000 - 0x00007ffd9a31a000 	C:\Windows\WinSxS\amd64_microsoft.windows.common-controls_6595b64144ccf1df_6.0.19041.3636_none_60b6a03d71f818d5\COMCTL32.dll
0x00007ffd9df80000 - 0x00007ffd9df8a000 	C:\Windows\SYSTEM32\VERSION.dll
0x00007ffdb0410000 - 0x00007ffdb0440000 	C:\Windows\System32\IMM32.DLL
0x00007ffdaffa0000 - 0x00007ffdafff5000 	C:\Windows\System32\SHLWAPI.dll
0x00007ffd97ae0000 - 0x00007ffd97aec000 	C:\Program Files\Java\jdk-17\bin\vcruntime140_1.dll
0x00007ffd5a250000 - 0x00007ffd5a2dd000 	C:\Program Files\Java\jdk-17\bin\msvcp140.dll
0x00007ffd49f10000 - 0x00007ffd4aace000 	C:\Program Files\Java\jdk-17\bin\server\jvm.dll
0x00007ffdb01c0000 - 0x00007ffdb01c8000 	C:\Windows\System32\PSAPI.DLL
0x00007ffd94980000 - 0x00007ffd94989000 	C:\Windows\SYSTEM32\WSOCK32.dll
0x00007ffdafdc0000 - 0x00007ffdafe2b000 	C:\Windows\System32\WS2_32.dll
0x00007ffd9a320000 - 0x00007ffd9a347000 	C:\Windows\SYSTEM32\WINMM.dll
0x00007ffdac8a0000 - 0x00007ffdac8b2000 	C:\Windows\SYSTEM32\kernel.appcore.dll
0x00007ffd97a60000 - 0x00007ffd97a6a000 	C:\Program Files\Java\jdk-17\bin\jimage.dll
0x00007ffda45c0000 - 0x00007ffda47a4000 	C:\Windows\SYSTEM32\DBGHELP.DLL
0x00007ffd978b0000 - 0x00007ffd978e4000 	C:\Windows\SYSTEM32\dbgcore.DLL
0x00007ffdae560000 - 0x00007ffdae5e2000 	C:\Windows\System32\bcryptPrimitives.dll
0x00007ffd97790000 - 0x00007ffd9779e000 	C:\Program Files\Java\jdk-17\bin\instrument.dll
0x00007ffd637d0000 - 0x00007ffd637f5000 	C:\Program Files\Java\jdk-17\bin\java.dll
0x00007ffd53250000 - 0x00007ffd53326000 	C:\Program Files\Java\jdk-17\bin\svml.dll
0x00007ffdaeab0000 - 0x00007ffdaf1f5000 	C:\Windows\System32\SHELL32.dll
0x00007ffdabe10000 - 0x00007ffdac5ab000 	C:\Windows\SYSTEM32\windows.storage.dll
0x00007ffdb0580000 - 0x00007ffdb08d4000 	C:\Windows\System32\combase.dll
0x00007ffdad920000 - 0x00007ffdad94d000 	C:\Windows\SYSTEM32\Wldp.dll
0x00007ffdaf4c0000 - 0x00007ffdaf56d000 	C:\Windows\System32\SHCORE.dll
0x00007ffdadfc0000 - 0x00007ffdadfe5000 	C:\Windows\SYSTEM32\profapi.dll
0x00007ffd81b00000 - 0x00007ffd81b18000 	C:\Program Files\Java\jdk-17\bin\zip.dll
0x00007ffd7e730000 - 0x00007ffd7e749000 	C:\Program Files\Java\jdk-17\bin\net.dll
0x00007ffda3be0000 - 0x00007ffda3cea000 	C:\Windows\SYSTEM32\WINHTTP.dll
0x00007ffdad700000 - 0x00007ffdad76a000 	C:\Windows\system32\mswsock.dll
0x00007ffd7df00000 - 0x00007ffd7df15000 	C:\Program Files\Java\jdk-17\bin\nio.dll
0x00007ffd973d0000 - 0x00007ffd973e0000 	C:\Program Files\Java\jdk-17\bin\verify.dll
0x00007ffda56c0000 - 0x00007ffda56e7000 	C:\Users\hp\.gradle\native\c067742578af261105cb4f569cf0c3c89f3d7b1fecec35dd04571415982c5e48\windows-amd64\native-platform.dll
0x00007ffd50bf0000 - 0x00007ffd50d34000 	C:\Users\hp\.gradle\native\38dada09dfb8b06ba9b0570ebf7e218e3eb74d4ef43ca46872605cf95ebc2f47\windows-amd64\native-platform-file-events.dll
0x00007ffd94810000 - 0x00007ffd94819000 	C:\Program Files\Java\jdk-17\bin\management.dll
0x00007ffd937f0000 - 0x00007ffd937fb000 	C:\Program Files\Java\jdk-17\bin\management_ext.dll
0x00007ffdad960000 - 0x00007ffdad978000 	C:\Windows\SYSTEM32\CRYPTSP.dll
0x00007ffdad050000 - 0x00007ffdad084000 	C:\Windows\system32\rsaenh.dll
0x00007ffdae230000 - 0x00007ffdae257000 	C:\Windows\System32\bcrypt.dll
0x00007ffdadf40000 - 0x00007ffdadf6e000 	C:\Windows\SYSTEM32\USERENV.dll
0x00007ffdad890000 - 0x00007ffdad89c000 	C:\Windows\SYSTEM32\CRYPTBASE.dll
0x00007ffdad410000 - 0x00007ffdad44b000 	C:\Windows\SYSTEM32\IPHLPAPI.DLL
0x00007ffdb01b0000 - 0x00007ffdb01b8000 	C:\Windows\System32\NSI.dll
0x00007ffda1a20000 - 0x00007ffda1a37000 	C:\Windows\SYSTEM32\dhcpcsvc6.DLL
0x00007ffda18f0000 - 0x00007ffda190d000 	C:\Windows\SYSTEM32\dhcpcsvc.DLL
0x00007ffdad450000 - 0x00007ffdad51a000 	C:\Windows\SYSTEM32\DNSAPI.dll
0x00007ffd92ed0000 - 0x00007ffd92ede000 	C:\Program Files\Java\jdk-17\bin\sunmscapi.dll
0x00007ffdae6e0000 - 0x00007ffdae83d000 	C:\Windows\System32\CRYPT32.dll
0x00007ffdada70000 - 0x00007ffdada97000 	C:\Windows\SYSTEM32\ncrypt.dll
0x00007ffdada30000 - 0x00007ffdada6b000 	C:\Windows\SYSTEM32\NTASN1.dll
0x00007ffd9c630000 - 0x00007ffd9c637000 	C:\Windows\system32\wshunix.dll
0x00007ffd87440000 - 0x00007ffd87457000 	C:\Windows\system32\napinsp.dll
0x00007ffd87420000 - 0x00007ffd8743b000 	C:\Windows\system32\pnrpnsp.dll
0x00007ffda89c0000 - 0x00007ffda89d5000 	C:\Windows\system32\wshbth.dll
0x00007ffda94e0000 - 0x00007ffda94fd000 	C:\Windows\system32\NLAapi.dll
0x00007ffd8de40000 - 0x00007ffd8de52000 	C:\Windows\System32\winrnr.dll
0x000000005ecb0000 - 0x000000005ecd6000 	C:\Program Files\Bonjour\mdnsNSP.dll
0x00007ffd9aa80000 - 0x00007ffd9aa8a000 	C:\Windows\System32\rasadhlp.dll
0x00007ffd9ad10000 - 0x00007ffd9ad90000 	C:\Windows\System32\fwpuclnt.dll

dbghelp: loaded successfully - version: 4.0.5 - missing functions: none
symbol engine: initialized successfully - sym options: 0x614 - pdb path: .;C:\Program Files\Java\jdk-17\bin;C:\Windows\SYSTEM32;C:\Windows\WinSxS\amd64_microsoft.windows.common-controls_6595b64144ccf1df_6.0.19041.3636_none_60b6a03d71f818d5;C:\Program Files\Java\jdk-17\bin\server;C:\Users\hp\.gradle\native\c067742578af261105cb4f569cf0c3c89f3d7b1fecec35dd04571415982c5e48\windows-amd64;C:\Users\hp\.gradle\native\38dada09dfb8b06ba9b0570ebf7e218e3eb74d4ef43ca46872605cf95ebc2f47\windows-amd64;C:\Program Files\Bonjour

VM Arguments:
jvm_args: -XX:MaxMetaspaceSize=512m --add-opens=java.base/java.util=ALL-UNNAMED --add-opens=java.base/java.lang=ALL-UNNAMED --add-opens=java.base/java.lang.invoke=ALL-UNNAMED --add-opens=java.prefs/java.util.prefs=ALL-UNNAMED --add-opens=java.base/java.nio.charset=ALL-UNNAMED --add-opens=java.base/java.net=ALL-UNNAMED --add-opens=java.base/java.util.concurrent.atomic=ALL-UNNAMED -Xmx2048m -Dfile.encoding=windows-1252 -Duser.country=US -Duser.language=en -Duser.variant -javaagent:C:\Users\hp\.gradle\wrapper\dists\gradle-8.6-all\3mbtmo166bl6vumsh5k2lkq5h\gradle-8.6\lib\agents\gradle-instrumentation-agent-8.6.jar -Xmx4608m 
java_command: org.gradle.launcher.daemon.bootstrap.GradleDaemon 8.6
java_class_path (initial): C:\Users\hp\.gradle\wrapper\dists\gradle-8.6-all\3mbtmo166bl6vumsh5k2lkq5h\gradle-8.6\lib\gradle-launcher-8.6.jar
Launcher Type: SUN_STANDARD

[Global flags]
     intx CICompilerCount                          = 3                                         {product} {ergonomic}
   size_t CompressedClassSpaceSize                 = 432013312                                 {product} {ergonomic}
     uint ConcGCThreads                            = 1                                         {product} {ergonomic}
     uint G1ConcRefinementThreads                  = 4                                         {product} {ergonomic}
   size_t G1HeapRegionSize                         = 4194304                                   {product} {ergonomic}
    uintx GCDrainStackTargetSize                   = 64                                        {product} {ergonomic}
   size_t InitialHeapSize                          = 134217728                                 {product} {ergonomic}
   size_t MarkStackSize                            = 4194304                                   {product} {ergonomic}
   size_t MaxHeapSize                              = 4831838208                                {product} {command line}
   size_t MaxMetaspaceSize                         = 536870912                                 {product} {command line}
   size_t MaxNewSize                               = 2898264064                                {product} {ergonomic}
   size_t MinHeapDeltaBytes                        = 4194304                                   {product} {ergonomic}
   size_t MinHeapSize                              = 8388608                                   {product} {ergonomic}
    uintx NonNMethodCodeHeapSize                   = 5832780                                {pd product} {ergonomic}
    uintx NonProfiledCodeHeapSize                  = 122912730                              {pd product} {ergonomic}
    uintx ProfiledCodeHeapSize                     = 122912730                              {pd product} {ergonomic}
    uintx ReservedCodeCacheSize                    = 251658240                              {pd product} {ergonomic}
     bool SegmentedCodeCache                       = true                                      {product} {ergonomic}
   size_t SoftMaxHeapSize                          = 4831838208                             {manageable} {ergonomic}
     bool UseCompressedClassPointers               = true                           {product lp64_product} {ergonomic}
     bool UseCompressedOops                        = true                           {product lp64_product} {ergonomic}
     bool UseG1GC                                  = true                                      {product} {ergonomic}
     bool UseLargePagesIndividualAllocation        = false                                  {pd product} {ergonomic}

Logging:
Log output configuration:
 #0: stdout all=warning uptime,level,tags
 #1: stderr all=off uptime,level,tags

Environment Variables:
JAVA_HOME=C:\Program Files\Java\jdk-17
_JAVA_OPTIONS=-Xmx4608m
CLASSPATH=D:\project\ttsLearning\tts\android\\gradle\wrapper\gradle-wrapper.jar
PATH=D:\project\ttsLearning\tts\node_modules\.bin;D:\project\ttsLearning\node_modules\.bin;D:\project\node_modules\.bin;D:\node_modules\.bin;C:\Users\hp\AppData\Roaming\nvm\v20.13.1\node_modules\npm\node_modules\@npmcli\run-script\lib\node-gyp-bin;C:\Program Files\Common Files\Oracle\Java\javapath;E:\vmware workstation\bin\;C:\Program Files (x86)\Common Files\Oracle\Java\javapath;C:\Program Files (x86)\NVIDIA Corporation\PhysX\Common;C:\Program Files\Microsoft\jdk-11.0.16.101-hotspot\bin;C:\Windows\system32;C:\Windows\SysWow64;C:\Windows\System32\Wbem;C:\Windows\System32\WindowsPowerShell\v1.0\;C:\Windows\System32\OpenSSH\;C:\Program Files\Microsoft SQL Server\Client SDK\ODBC\170\Tools\Binn\;C:\Program Files (x86)\Microsoft SQL Server\150\Tools\Binn\;C:\Program Files\Microsoft SQL Server\150\Tools\Binn\;C:\Program Files\Microsoft SQL Server\150\DTS\Binn\;C:\Program Files (x86)\Microsoft SQL Server\150\DTS\Binn\;C:\Program Files\Azure Data Studio\bin;C:\Program Files\Microsoft SQL Server\130\Tools\Binn\;C:\Program Files\dotnet\;C:\Program Files (x86)\gs\gs10.00.0\bin;C:\Program Files\gs\gs10.02.0\bin;C:\Program Files\Docker\Docker\resources\bin;C:\Program Files (x86)\Windows Kits\8.1\Windows Performance Toolkit\;C:\Program Files (x86)\Windows Kits\10\Windows Performance Toolkit\;C:\Program Files (x86)\I;C:\Program Files (x86)\dotnet\;C:\Program Files (x86)\Incredibuild;C:\Users\hp\AppData\Roaming\nvm;C:\Program Files\nodejs;C:\Program Files (x86)\Yarn\bin\;C:\Program Files\Git\cmd;C:\Users\hp\AppData\Local\Android\Sdk;"C:\Program Files\Java\jdk-17\bin;";C:\ProgramData\Oracle\Java\javapath;C:\Program Files (x86)\Common Files\Oracle\Java\javapath;C:\Program Files (x86)\NVIDIA Corporation\PhysX\Common;C:\Program Files\Microsoft\jdk-11.0.16.101-hotspot\bin;C:\Windows\system32;C:\Windows;C:\Windows\System32\Wbem;C:\Windows\System32\WindowsPowerShell\v1.0\;C:\Windows\System32\OpenSSH\;C:\Program Files\Microsoft SQL Server\Client SDK\ODBC\170\Tools\Binn\;C:\Program Files (x86)
USERNAME=hp
LANG=en_US.UTF-8
OS=Windows_NT
PROCESSOR_IDENTIFIER=Intel64 Family 6 Model 142 Stepping 9, GenuineIntel



---------------  S Y S T E M  ---------------

OS:
 Windows 10 , 64 bit Build 19041 (10.0.19041.3636)
OS uptime: 2 days 13:43 hours
Hyper-V role detected

CPU: total 4 (initial active 4) (2 cores per cpu, 2 threads per core) family 6 model 142 stepping 9 microcode 0xec, cx8, cmov, fxsr, ht, mmx, 3dnowpref, sse, sse2, sse3, ssse3, sse4.1, sse4.2, popcnt, lzcnt, tsc, tscinvbit, avx, avx2, aes, erms, clmul, bmi1, bmi2, rtm, adx, fma, vzeroupper, clflush, clflushopt, hv

Memory: 4k page, system-wide physical 8067M (385M free)
TotalPageFile size 32643M (AvailPageFile size 762M)
current process WorkingSet (physical memory assigned to process): 588M, peak: 896M
current process commit charge ("private bytes"): 1237M, peak: 2124M

vm_info: Java HotSpot(TM) 64-Bit Server VM (17+35-LTS-2724) for windows-amd64 JRE (17+35-LTS-2724), built on Aug  5 2021 23:28:28 by "mach5one" with MS VC++ 16.8 (VS2019)

END.
